{"E:\\angular\\workspace\\sofadognewapi\\test\\category.spec.ts":{"path":"E:\\angular\\workspace\\sofadognewapi\\test\\category.spec.ts","statementMap":{"0":{"start":{"line":2,"column":16},"end":{"line":10,"column":1}},"1":{"start":{"line":3,"column":28},"end":{"line":3,"column":110}},"2":{"start":{"line":3,"column":91},"end":{"line":3,"column":106}},"3":{"start":{"line":4,"column":4},"end":{"line":9,"column":7}},"4":{"start":{"line":5,"column":36},"end":{"line":5,"column":97}},"5":{"start":{"line":5,"column":42},"end":{"line":5,"column":70}},"6":{"start":{"line":5,"column":85},"end":{"line":5,"column":95}},"7":{"start":{"line":6,"column":35},"end":{"line":6,"column":100}},"8":{"start":{"line":6,"column":41},"end":{"line":6,"column":73}},"9":{"start":{"line":6,"column":88},"end":{"line":6,"column":98}},"10":{"start":{"line":7,"column":32},"end":{"line":7,"column":116}},"11":{"start":{"line":8,"column":8},"end":{"line":8,"column":78}},"12":{"start":{"line":11,"column":18},"end":{"line":37,"column":1}},"13":{"start":{"line":12,"column":12},"end":{"line":12,"column":104}},"14":{"start":{"line":12,"column":43},"end":{"line":12,"column":68}},"15":{"start":{"line":12,"column":57},"end":{"line":12,"column":68}},"16":{"start":{"line":12,"column":69},"end":{"line":12,"column":81}},"17":{"start":{"line":13,"column":4},"end":{"line":13,"column":157}},"18":{"start":{"line":13,"column":138},"end":{"line":13,"column":150}},"19":{"start":{"line":14,"column":23},"end":{"line":14,"column":68}},"20":{"start":{"line":14,"column":45},"end":{"line":14,"column":65}},"21":{"start":{"line":16,"column":8},"end":{"line":16,"column":70}},"22":{"start":{"line":16,"column":15},"end":{"line":16,"column":70}},"23":{"start":{"line":17,"column":8},"end":{"line":34,"column":66}},"24":{"start":{"line":17,"column":18},"end":{"line":34,"column":66}},"25":{"start":{"line":18,"column":12},"end":{"line":18,"column":169}},"26":{"start":{"line":18,"column":160},"end":{"line":18,"column":169}},"27":{"start":{"line":19,"column":12},"end":{"line":19,"column":52}},"28":{"start":{"line":19,"column":26},"end":{"line":19,"column":52}},"29":{"start":{"line":20,"column":12},"end":{"line":32,"column":13}},"30":{"start":{"line":21,"column":32},"end":{"line":21,"column":39}},"31":{"start":{"line":21,"column":40},"end":{"line":21,"column":46}},"32":{"start":{"line":22,"column":24},"end":{"line":22,"column":34}},"33":{"start":{"line":22,"column":35},"end":{"line":22,"column":72}},"34":{"start":{"line":23,"column":24},"end":{"line":23,"column":34}},"35":{"start":{"line":23,"column":35},"end":{"line":23,"column":45}},"36":{"start":{"line":23,"column":46},"end":{"line":23,"column":55}},"37":{"start":{"line":23,"column":56},"end":{"line":23,"column":65}},"38":{"start":{"line":24,"column":24},"end":{"line":24,"column":41}},"39":{"start":{"line":24,"column":42},"end":{"line":24,"column":55}},"40":{"start":{"line":24,"column":56},"end":{"line":24,"column":65}},"41":{"start":{"line":26,"column":20},"end":{"line":26,"column":128}},"42":{"start":{"line":26,"column":110},"end":{"line":26,"column":116}},"43":{"start":{"line":26,"column":117},"end":{"line":26,"column":126}},"44":{"start":{"line":27,"column":20},"end":{"line":27,"column":106}},"45":{"start":{"line":27,"column":81},"end":{"line":27,"column":97}},"46":{"start":{"line":27,"column":98},"end":{"line":27,"column":104}},"47":{"start":{"line":28,"column":20},"end":{"line":28,"column":89}},"48":{"start":{"line":28,"column":57},"end":{"line":28,"column":72}},"49":{"start":{"line":28,"column":73},"end":{"line":28,"column":80}},"50":{"start":{"line":28,"column":81},"end":{"line":28,"column":87}},"51":{"start":{"line":29,"column":20},"end":{"line":29,"column":87}},"52":{"start":{"line":29,"column":47},"end":{"line":29,"column":62}},"53":{"start":{"line":29,"column":63},"end":{"line":29,"column":78}},"54":{"start":{"line":29,"column":79},"end":{"line":29,"column":85}},"55":{"start":{"line":30,"column":20},"end":{"line":30,"column":42}},"56":{"start":{"line":30,"column":30},"end":{"line":30,"column":42}},"57":{"start":{"line":31,"column":20},"end":{"line":31,"column":33}},"58":{"start":{"line":31,"column":34},"end":{"line":31,"column":43}},"59":{"start":{"line":33,"column":12},"end":{"line":33,"column":39}},"60":{"start":{"line":34,"column":22},"end":{"line":34,"column":34}},"61":{"start":{"line":34,"column":35},"end":{"line":34,"column":41}},"62":{"start":{"line":34,"column":54},"end":{"line":34,"column":64}},"63":{"start":{"line":35,"column":8},"end":{"line":35,"column":35}},"64":{"start":{"line":35,"column":23},"end":{"line":35,"column":35}},"65":{"start":{"line":35,"column":36},"end":{"line":35,"column":89}},"66":{"start":{"line":38,"column":0},"end":{"line":38,"column":62}},"67":{"start":{"line":39,"column":13},"end":{"line":39,"column":28}},"68":{"start":{"line":40,"column":14},"end":{"line":40,"column":30}},"69":{"start":{"line":41,"column":14},"end":{"line":41,"column":50}},"70":{"start":{"line":42,"column":25},"end":{"line":42,"column":57}},"71":{"start":{"line":43,"column":0},"end":{"line":86,"column":3}},"72":{"start":{"line":44,"column":4},"end":{"line":57,"column":7}},"73":{"start":{"line":45,"column":8},"end":{"line":56,"column":11}},"74":{"start":{"line":47,"column":12},"end":{"line":55,"column":15}},"75":{"start":{"line":48,"column":16},"end":{"line":54,"column":17}},"76":{"start":{"line":49,"column":28},"end":{"line":49,"column":75}},"77":{"start":{"line":51,"column":24},"end":{"line":51,"column":43}},"78":{"start":{"line":52,"column":24},"end":{"line":52,"column":65}},"79":{"start":{"line":53,"column":24},"end":{"line":53,"column":46}},"80":{"start":{"line":58,"column":4},"end":{"line":71,"column":7}},"81":{"start":{"line":59,"column":8},"end":{"line":70,"column":11}},"82":{"start":{"line":61,"column":12},"end":{"line":69,"column":15}},"83":{"start":{"line":62,"column":16},"end":{"line":68,"column":17}},"84":{"start":{"line":63,"column":28},"end":{"line":63,"column":75}},"85":{"start":{"line":65,"column":24},"end":{"line":65,"column":43}},"86":{"start":{"line":66,"column":24},"end":{"line":66,"column":64}},"87":{"start":{"line":67,"column":24},"end":{"line":67,"column":46}},"88":{"start":{"line":72,"column":4},"end":{"line":85,"column":7}},"89":{"start":{"line":73,"column":8},"end":{"line":84,"column":11}},"90":{"start":{"line":75,"column":12},"end":{"line":83,"column":15}},"91":{"start":{"line":76,"column":16},"end":{"line":82,"column":17}},"92":{"start":{"line":77,"column":28},"end":{"line":77,"column":75}},"93":{"start":{"line":79,"column":24},"end":{"line":79,"column":43}},"94":{"start":{"line":80,"column":24},"end":{"line":80,"column":65}},"95":{"start":{"line":81,"column":24},"end":{"line":81,"column":46}}},"fnMap":{"0":{"name":"(anonymous_0)","decl":{"start":{"line":2,"column":44},"end":{"line":2,"column":45}},"loc":{"start":{"line":2,"column":89},"end":{"line":10,"column":1}},"line":2},"1":{"name":"adopt","decl":{"start":{"line":3,"column":13},"end":{"line":3,"column":18}},"loc":{"start":{"line":3,"column":26},"end":{"line":3,"column":112}},"line":3},"2":{"name":"(anonymous_2)","decl":{"start":{"line":3,"column":70},"end":{"line":3,"column":71}},"loc":{"start":{"line":3,"column":89},"end":{"line":3,"column":108}},"line":3},"3":{"name":"(anonymous_3)","decl":{"start":{"line":4,"column":36},"end":{"line":4,"column":37}},"loc":{"start":{"line":4,"column":63},"end":{"line":9,"column":5}},"line":4},"4":{"name":"fulfilled","decl":{"start":{"line":5,"column":17},"end":{"line":5,"column":26}},"loc":{"start":{"line":5,"column":34},"end":{"line":5,"column":99}},"line":5},"5":{"name":"rejected","decl":{"start":{"line":6,"column":17},"end":{"line":6,"column":25}},"loc":{"start":{"line":6,"column":33},"end":{"line":6,"column":102}},"line":6},"6":{"name":"step","decl":{"start":{"line":7,"column":17},"end":{"line":7,"column":21}},"loc":{"start":{"line":7,"column":30},"end":{"line":7,"column":118}},"line":7},"7":{"name":"(anonymous_7)","decl":{"start":{"line":11,"column":48},"end":{"line":11,"column":49}},"loc":{"start":{"line":11,"column":73},"end":{"line":37,"column":1}},"line":11},"8":{"name":"(anonymous_8)","decl":{"start":{"line":12,"column":30},"end":{"line":12,"column":31}},"loc":{"start":{"line":12,"column":41},"end":{"line":12,"column":83}},"line":12},"9":{"name":"(anonymous_9)","decl":{"start":{"line":13,"column":125},"end":{"line":13,"column":126}},"loc":{"start":{"line":13,"column":136},"end":{"line":13,"column":152}},"line":13},"10":{"name":"verb","decl":{"start":{"line":14,"column":13},"end":{"line":14,"column":17}},"loc":{"start":{"line":14,"column":21},"end":{"line":14,"column":70}},"line":14},"11":{"name":"(anonymous_11)","decl":{"start":{"line":14,"column":30},"end":{"line":14,"column":31}},"loc":{"start":{"line":14,"column":43},"end":{"line":14,"column":67}},"line":14},"12":{"name":"step","decl":{"start":{"line":15,"column":13},"end":{"line":15,"column":17}},"loc":{"start":{"line":15,"column":22},"end":{"line":36,"column":5}},"line":15},"13":{"name":"(anonymous_13)","decl":{"start":{"line":43,"column":41},"end":{"line":43,"column":42}},"loc":{"start":{"line":43,"column":53},"end":{"line":86,"column":1}},"line":43},"14":{"name":"(anonymous_14)","decl":{"start":{"line":44,"column":33},"end":{"line":44,"column":34}},"loc":{"start":{"line":44,"column":45},"end":{"line":57,"column":5}},"line":44},"15":{"name":"(anonymous_15)","decl":{"start":{"line":45,"column":47},"end":{"line":45,"column":48}},"loc":{"start":{"line":45,"column":59},"end":{"line":56,"column":9}},"line":45},"16":{"name":"(anonymous_16)","decl":{"start":{"line":47,"column":37},"end":{"line":47,"column":38}},"loc":{"start":{"line":47,"column":51},"end":{"line":55,"column":13}},"line":47},"17":{"name":"(anonymous_17)","decl":{"start":{"line":58,"column":26},"end":{"line":58,"column":27}},"loc":{"start":{"line":58,"column":38},"end":{"line":71,"column":5}},"line":58},"18":{"name":"(anonymous_18)","decl":{"start":{"line":59,"column":47},"end":{"line":59,"column":48}},"loc":{"start":{"line":59,"column":59},"end":{"line":70,"column":9}},"line":59},"19":{"name":"(anonymous_19)","decl":{"start":{"line":61,"column":37},"end":{"line":61,"column":38}},"loc":{"start":{"line":61,"column":51},"end":{"line":69,"column":13}},"line":61},"20":{"name":"(anonymous_20)","decl":{"start":{"line":72,"column":31},"end":{"line":72,"column":32}},"loc":{"start":{"line":72,"column":43},"end":{"line":85,"column":5}},"line":72},"21":{"name":"(anonymous_21)","decl":{"start":{"line":73,"column":47},"end":{"line":73,"column":48}},"loc":{"start":{"line":73,"column":59},"end":{"line":84,"column":9}},"line":73},"22":{"name":"(anonymous_22)","decl":{"start":{"line":75,"column":37},"end":{"line":75,"column":38}},"loc":{"start":{"line":75,"column":51},"end":{"line":83,"column":13}},"line":75}},"branchMap":{"0":{"loc":{"start":{"line":2,"column":16},"end":{"line":10,"column":1}},"type":"binary-expr","locations":[{"start":{"line":2,"column":17},"end":{"line":2,"column":21}},{"start":{"line":2,"column":25},"end":{"line":2,"column":39}},{"start":{"line":2,"column":44},"end":{"line":10,"column":1}}],"line":2},"1":{"loc":{"start":{"line":3,"column":35},"end":{"line":3,"column":109}},"type":"cond-expr","locations":[{"start":{"line":3,"column":56},"end":{"line":3,"column":61}},{"start":{"line":3,"column":64},"end":{"line":3,"column":109}}],"line":3},"2":{"loc":{"start":{"line":4,"column":16},"end":{"line":4,"column":34}},"type":"binary-expr","locations":[{"start":{"line":4,"column":16},"end":{"line":4,"column":17}},{"start":{"line":4,"column":22},"end":{"line":4,"column":33}}],"line":4},"3":{"loc":{"start":{"line":7,"column":32},"end":{"line":7,"column":115}},"type":"cond-expr","locations":[{"start":{"line":7,"column":46},"end":{"line":7,"column":67}},{"start":{"line":7,"column":70},"end":{"line":7,"column":115}}],"line":7},"4":{"loc":{"start":{"line":8,"column":51},"end":{"line":8,"column":67}},"type":"binary-expr","locations":[{"start":{"line":8,"column":51},"end":{"line":8,"column":61}},{"start":{"line":8,"column":65},"end":{"line":8,"column":67}}],"line":8},"5":{"loc":{"start":{"line":11,"column":18},"end":{"line":37,"column":1}},"type":"binary-expr","locations":[{"start":{"line":11,"column":19},"end":{"line":11,"column":23}},{"start":{"line":11,"column":27},"end":{"line":11,"column":43}},{"start":{"line":11,"column":48},"end":{"line":37,"column":1}}],"line":11},"6":{"loc":{"start":{"line":12,"column":43},"end":{"line":12,"column":68}},"type":"if","locations":[{"start":{"line":12,"column":43},"end":{"line":12,"column":68}},{"start":{"line":12,"column":43},"end":{"line":12,"column":68}}],"line":12},"7":{"loc":{"start":{"line":13,"column":71},"end":{"line":13,"column":153}},"type":"binary-expr","locations":[{"start":{"line":13,"column":71},"end":{"line":13,"column":99}},{"start":{"line":13,"column":104},"end":{"line":13,"column":152}}],"line":13},"8":{"loc":{"start":{"line":16,"column":8},"end":{"line":16,"column":70}},"type":"if","locations":[{"start":{"line":16,"column":8},"end":{"line":16,"column":70}},{"start":{"line":16,"column":8},"end":{"line":16,"column":70}}],"line":16},"9":{"loc":{"start":{"line":18,"column":12},"end":{"line":18,"column":169}},"type":"if","locations":[{"start":{"line":18,"column":12},"end":{"line":18,"column":169}},{"start":{"line":18,"column":12},"end":{"line":18,"column":169}}],"line":18},"10":{"loc":{"start":{"line":18,"column":23},"end":{"line":18,"column":158}},"type":"binary-expr","locations":[{"start":{"line":18,"column":23},"end":{"line":18,"column":24}},{"start":{"line":18,"column":29},"end":{"line":18,"column":125}},{"start":{"line":18,"column":130},"end":{"line":18,"column":158}}],"line":18},"11":{"loc":{"start":{"line":18,"column":33},"end":{"line":18,"column":125}},"type":"cond-expr","locations":[{"start":{"line":18,"column":45},"end":{"line":18,"column":56}},{"start":{"line":18,"column":59},"end":{"line":18,"column":125}}],"line":18},"12":{"loc":{"start":{"line":18,"column":59},"end":{"line":18,"column":125}},"type":"cond-expr","locations":[{"start":{"line":18,"column":67},"end":{"line":18,"column":116}},{"start":{"line":18,"column":119},"end":{"line":18,"column":125}}],"line":18},"13":{"loc":{"start":{"line":18,"column":67},"end":{"line":18,"column":116}},"type":"binary-expr","locations":[{"start":{"line":18,"column":67},"end":{"line":18,"column":77}},{"start":{"line":18,"column":82},"end":{"line":18,"column":115}}],"line":18},"14":{"loc":{"start":{"line":18,"column":82},"end":{"line":18,"column":112}},"type":"binary-expr","locations":[{"start":{"line":18,"column":83},"end":{"line":18,"column":98}},{"start":{"line":18,"column":103},"end":{"line":18,"column":112}}],"line":18},"15":{"loc":{"start":{"line":19,"column":12},"end":{"line":19,"column":52}},"type":"if","locations":[{"start":{"line":19,"column":12},"end":{"line":19,"column":52}},{"start":{"line":19,"column":12},"end":{"line":19,"column":52}}],"line":19},"16":{"loc":{"start":{"line":20,"column":12},"end":{"line":32,"column":13}},"type":"switch","locations":[{"start":{"line":21,"column":16},"end":{"line":21,"column":23}},{"start":{"line":21,"column":24},"end":{"line":21,"column":46}},{"start":{"line":22,"column":16},"end":{"line":22,"column":72}},{"start":{"line":23,"column":16},"end":{"line":23,"column":65}},{"start":{"line":24,"column":16},"end":{"line":24,"column":65}},{"start":{"line":25,"column":16},"end":{"line":31,"column":43}}],"line":20},"17":{"loc":{"start":{"line":26,"column":20},"end":{"line":26,"column":128}},"type":"if","locations":[{"start":{"line":26,"column":20},"end":{"line":26,"column":128}},{"start":{"line":26,"column":20},"end":{"line":26,"column":128}}],"line":26},"18":{"loc":{"start":{"line":26,"column":24},"end":{"line":26,"column":106}},"type":"binary-expr","locations":[{"start":{"line":26,"column":24},"end":{"line":26,"column":74}},{"start":{"line":26,"column":79},"end":{"line":26,"column":90}},{"start":{"line":26,"column":94},"end":{"line":26,"column":105}}],"line":26},"19":{"loc":{"start":{"line":26,"column":42},"end":{"line":26,"column":73}},"type":"binary-expr","locations":[{"start":{"line":26,"column":42},"end":{"line":26,"column":54}},{"start":{"line":26,"column":58},"end":{"line":26,"column":73}}],"line":26},"20":{"loc":{"start":{"line":27,"column":20},"end":{"line":27,"column":106}},"type":"if","locations":[{"start":{"line":27,"column":20},"end":{"line":27,"column":106}},{"start":{"line":27,"column":20},"end":{"line":27,"column":106}}],"line":27},"21":{"loc":{"start":{"line":27,"column":24},"end":{"line":27,"column":77}},"type":"binary-expr","locations":[{"start":{"line":27,"column":24},"end":{"line":27,"column":35}},{"start":{"line":27,"column":40},"end":{"line":27,"column":42}},{"start":{"line":27,"column":47},"end":{"line":27,"column":59}},{"start":{"line":27,"column":63},"end":{"line":27,"column":75}}],"line":27},"22":{"loc":{"start":{"line":28,"column":20},"end":{"line":28,"column":89}},"type":"if","locations":[{"start":{"line":28,"column":20},"end":{"line":28,"column":89}},{"start":{"line":28,"column":20},"end":{"line":28,"column":89}}],"line":28},"23":{"loc":{"start":{"line":28,"column":24},"end":{"line":28,"column":53}},"type":"binary-expr","locations":[{"start":{"line":28,"column":24},"end":{"line":28,"column":35}},{"start":{"line":28,"column":39},"end":{"line":28,"column":53}}],"line":28},"24":{"loc":{"start":{"line":29,"column":20},"end":{"line":29,"column":87}},"type":"if","locations":[{"start":{"line":29,"column":20},"end":{"line":29,"column":87}},{"start":{"line":29,"column":20},"end":{"line":29,"column":87}}],"line":29},"25":{"loc":{"start":{"line":29,"column":24},"end":{"line":29,"column":43}},"type":"binary-expr","locations":[{"start":{"line":29,"column":24},"end":{"line":29,"column":25}},{"start":{"line":29,"column":29},"end":{"line":29,"column":43}}],"line":29},"26":{"loc":{"start":{"line":30,"column":20},"end":{"line":30,"column":42}},"type":"if","locations":[{"start":{"line":30,"column":20},"end":{"line":30,"column":42}},{"start":{"line":30,"column":20},"end":{"line":30,"column":42}}],"line":30},"27":{"loc":{"start":{"line":35,"column":8},"end":{"line":35,"column":35}},"type":"if","locations":[{"start":{"line":35,"column":8},"end":{"line":35,"column":35}},{"start":{"line":35,"column":8},"end":{"line":35,"column":35}}],"line":35},"28":{"loc":{"start":{"line":35,"column":52},"end":{"line":35,"column":74}},"type":"cond-expr","locations":[{"start":{"line":35,"column":60},"end":{"line":35,"column":65}},{"start":{"line":35,"column":68},"end":{"line":35,"column":74}}],"line":35},"29":{"loc":{"start":{"line":48,"column":16},"end":{"line":54,"column":17}},"type":"switch","locations":[{"start":{"line":49,"column":20},"end":{"line":49,"column":75}},{"start":{"line":50,"column":20},"end":{"line":53,"column":46}}],"line":48},"30":{"loc":{"start":{"line":62,"column":16},"end":{"line":68,"column":17}},"type":"switch","locations":[{"start":{"line":63,"column":20},"end":{"line":63,"column":75}},{"start":{"line":64,"column":20},"end":{"line":67,"column":46}}],"line":62},"31":{"loc":{"start":{"line":76,"column":16},"end":{"line":82,"column":17}},"type":"switch","locations":[{"start":{"line":77,"column":20},"end":{"line":77,"column":75}},{"start":{"line":78,"column":20},"end":{"line":81,"column":46}}],"line":76}},"s":{"0":1,"1":3,"2":0,"3":3,"4":3,"5":3,"6":0,"7":0,"8":0,"9":0,"10":6,"11":3,"12":1,"13":3,"14":3,"15":0,"16":3,"17":3,"18":0,"19":9,"20":6,"21":6,"22":0,"23":6,"24":12,"25":12,"26":0,"27":12,"28":0,"29":12,"30":6,"31":6,"32":3,"33":3,"34":0,"35":0,"36":0,"37":0,"38":0,"39":0,"40":0,"41":3,"42":3,"43":3,"44":0,"45":0,"46":0,"47":0,"48":0,"49":0,"50":0,"51":0,"52":0,"53":0,"54":0,"55":0,"56":0,"57":0,"58":0,"59":6,"60":0,"61":0,"62":12,"63":3,"64":0,"65":3,"66":1,"67":1,"68":1,"69":1,"70":1,"71":1,"72":1,"73":1,"74":1,"75":2,"76":1,"77":1,"78":1,"79":1,"80":1,"81":1,"82":1,"83":2,"84":1,"85":1,"86":1,"87":1,"88":1,"89":1,"90":1,"91":2,"92":1,"93":1,"94":1,"95":1},"f":{"0":3,"1":3,"2":0,"3":3,"4":3,"5":0,"6":6,"7":3,"8":3,"9":0,"10":9,"11":6,"12":6,"13":1,"14":1,"15":1,"16":2,"17":1,"18":1,"19":2,"20":1,"21":1,"22":2},"b":{"0":[1,1,1],"1":[3,0],"2":[3,3],"3":[3,3],"4":[3,3],"5":[1,1,1],"6":[0,3],"7":[3,3],"8":[0,6],"9":[0,12],"10":[12,0,0],"11":[0,0],"12":[0,0],"13":[0,0],"14":[0,0],"15":[0,12],"16":[6,6,3,0,0,3],"17":[3,0],"18":[3,3,3],"19":[3,0],"20":[0,0],"21":[0,0,0,0],"22":[0,0],"23":[0,0],"24":[0,0],"25":[0,0],"26":[0,0],"27":[0,3],"28":[3,0],"29":[1,1],"30":[1,1],"31":[1,1]},"inputSourceMap":{"version":3,"file":"E:/angular/workspace/sofadognewapi/test/category.spec.ts","sources":["E:/angular/workspace/sofadognewapi/test/category.spec.ts"],"names":[],"mappings":";;;;;;;;;;;;;;;;;;;;;;;;;;;;;;;;;;;;;;AAAA,6BAA4B;AAC5B,+BAAiC;AACjC,mDAA8D;AAG9D,IAAI,kBAAkB,GAAG,IAAI,0BAAkB,EAAE,CAAC;AAClD,gBAAQ,CAAC,sBAAsB,EAAC;IAC5B,EAAE,CAAC,wBAAwB,EAAC;;;;;4BACT,qBAAM,kBAAkB,CAAC,GAAG,EAAE,EAAA;;wBAAvC,MAAM,GAAG,SAA8B;wBAC7C,aAAM,CAAC,MAAM,CAAC,CAAC,EAAE,CAAC,GAAG,CAAC,KAAK,CAAC,IAAI,CAAC,CAAC;;;;;KACrC,CAAC,CAAC;IAEH,EAAE,CAAC,iBAAiB,EAAC;;;;;4BACF,qBAAM,kBAAkB,CAAC,GAAG,EAAE,EAAA;;wBAAvC,MAAM,GAAG,SAA8B;wBAC7C,aAAM,CAAC,MAAM,CAAC,CAAC,EAAE,CAAC,EAAE,CAAC,EAAE,CAAC,OAAO,CAAC,CAAC;;;;;KACpC,CAAC,CAAC;IAEH,EAAE,CAAC,sBAAsB,EAAC;;;;;4BACP,qBAAM,kBAAkB,CAAC,GAAG,EAAE,EAAA;;wBAAvC,MAAM,GAAG,SAA8B;wBAC7C,aAAM,CAAC,MAAM,CAAC,MAAM,CAAC,CAAC,EAAE,CAAC,KAAK,CAAC,CAAC,CAAC,CAAA;;;;;KACpC,CAAC,CAAC;AACP,CAAC,CAAC,CAAC","sourcesContent":["import {expect} from 'chai';\r\nimport { describe } from 'mocha';\r\nimport { CategoryRepository } from '../src/repositories/index'\r\nimport { ICategory } from '../src/model';\r\n\r\nlet categoryRepository = new CategoryRepository();\r\ndescribe('Category Unit Tesing',function(){\r\n    it('should not return null',async function(){\r\n        const result = await categoryRepository.get();    \r\n        expect(result).to.not.equal(null);\r\n    });\r\n\r\n    it('should be array',async function(){\r\n        const result = await categoryRepository.get();\r\n        expect(result).to.be.an('array');\r\n    });\r\n\r\n    it('should have length 8',async function(){\r\n        const result = await categoryRepository.get();\r\n        expect(result.length).to.equal(8)\r\n    });\r\n});"]},"_coverageSchema":"1a1c01bbd47fc00a2c39e90264f33305004495a9","hash":"0c78fec173a7d168b79357ad0a0757a06c028842"},"E:\\angular\\workspace\\sofadognewapi\\src\\repositories\\index.ts":{"path":"E:\\angular\\workspace\\sofadognewapi\\src\\repositories\\index.ts","statementMap":{"0":{"start":{"line":2,"column":22},"end":{"line":8,"column":3}},"1":{"start":{"line":3,"column":4},"end":{"line":3,"column":33}},"2":{"start":{"line":3,"column":26},"end":{"line":3,"column":33}},"3":{"start":{"line":4,"column":4},"end":{"line":4,"column":89}},"4":{"start":{"line":4,"column":71},"end":{"line":4,"column":83}},"5":{"start":{"line":6,"column":4},"end":{"line":6,"column":33}},"6":{"start":{"line":6,"column":26},"end":{"line":6,"column":33}},"7":{"start":{"line":7,"column":4},"end":{"line":7,"column":17}},"8":{"start":{"line":9,"column":19},"end":{"line":11,"column":1}},"9":{"start":{"line":10,"column":4},"end":{"line":10,"column":103}},"10":{"start":{"line":10,"column":21},"end":{"line":10,"column":103}},"11":{"start":{"line":10,"column":72},"end":{"line":10,"column":103}},"12":{"start":{"line":12,"column":0},"end":{"line":12,"column":62}},"13":{"start":{"line":13,"column":0},"end":{"line":13,"column":56}},"14":{"start":{"line":14,"column":0},"end":{"line":14,"column":52}}},"fnMap":{"0":{"name":"(anonymous_0)","decl":{"start":{"line":2,"column":74},"end":{"line":2,"column":75}},"loc":{"start":{"line":2,"column":96},"end":{"line":5,"column":1}},"line":2},"1":{"name":"(anonymous_1)","decl":{"start":{"line":4,"column":58},"end":{"line":4,"column":59}},"loc":{"start":{"line":4,"column":69},"end":{"line":4,"column":85}},"line":4},"2":{"name":"(anonymous_2)","decl":{"start":{"line":5,"column":6},"end":{"line":5,"column":7}},"loc":{"start":{"line":5,"column":28},"end":{"line":8,"column":1}},"line":5},"3":{"name":"(anonymous_3)","decl":{"start":{"line":9,"column":50},"end":{"line":9,"column":51}},"loc":{"start":{"line":9,"column":71},"end":{"line":11,"column":1}},"line":9}},"branchMap":{"0":{"loc":{"start":{"line":2,"column":22},"end":{"line":8,"column":3}},"type":"binary-expr","locations":[{"start":{"line":2,"column":23},"end":{"line":2,"column":27}},{"start":{"line":2,"column":31},"end":{"line":2,"column":51}},{"start":{"line":2,"column":57},"end":{"line":8,"column":2}}],"line":2},"1":{"loc":{"start":{"line":2,"column":57},"end":{"line":8,"column":2}},"type":"cond-expr","locations":[{"start":{"line":2,"column":74},"end":{"line":5,"column":1}},{"start":{"line":5,"column":6},"end":{"line":8,"column":1}}],"line":2},"2":{"loc":{"start":{"line":3,"column":4},"end":{"line":3,"column":33}},"type":"if","locations":[{"start":{"line":3,"column":4},"end":{"line":3,"column":33}},{"start":{"line":3,"column":4},"end":{"line":3,"column":33}}],"line":3},"3":{"loc":{"start":{"line":6,"column":4},"end":{"line":6,"column":33}},"type":"if","locations":[{"start":{"line":6,"column":4},"end":{"line":6,"column":33}},{"start":{"line":6,"column":4},"end":{"line":6,"column":33}}],"line":6},"4":{"loc":{"start":{"line":9,"column":19},"end":{"line":11,"column":1}},"type":"binary-expr","locations":[{"start":{"line":9,"column":20},"end":{"line":9,"column":24}},{"start":{"line":9,"column":28},"end":{"line":9,"column":45}},{"start":{"line":9,"column":50},"end":{"line":11,"column":1}}],"line":9},"5":{"loc":{"start":{"line":10,"column":21},"end":{"line":10,"column":103}},"type":"if","locations":[{"start":{"line":10,"column":21},"end":{"line":10,"column":103}},{"start":{"line":10,"column":21},"end":{"line":10,"column":103}}],"line":10},"6":{"loc":{"start":{"line":10,"column":25},"end":{"line":10,"column":70}},"type":"binary-expr","locations":[{"start":{"line":10,"column":25},"end":{"line":10,"column":40}},{"start":{"line":10,"column":44},"end":{"line":10,"column":70}}],"line":10}},"s":{"0":1,"1":2,"2":2,"3":2,"4":4,"5":0,"6":0,"7":0,"8":1,"9":2,"10":2,"11":2,"12":1,"13":1,"14":1},"f":{"0":2,"1":4,"2":0,"3":2},"b":{"0":[1,1,1],"1":[1,0],"2":[2,0],"3":[0,0],"4":[1,1,1],"5":[2,0],"6":[2,2]},"inputSourceMap":{"version":3,"file":"E:/angular/workspace/sofadognewapi/src/repositories/index.ts","sources":["E:/angular/workspace/sofadognewapi/src/repositories/index.ts"],"names":[],"mappings":";;;;;;;;;;;;AAAA,wDAAqC;AACrC,oDAAiC","sourcesContent":["export * from './category_repository'\r\nexport * from './feed_repository'"]},"_coverageSchema":"1a1c01bbd47fc00a2c39e90264f33305004495a9","hash":"95056d401f55cb7c2ad26e2be5ea74bc5ae6cf83"},"E:\\angular\\workspace\\sofadognewapi\\src\\repositories\\category_repository.ts":{"path":"E:\\angular\\workspace\\sofadognewapi\\src\\repositories\\category_repository.ts","statementMap":{"0":{"start":{"line":2,"column":15},"end":{"line":12,"column":1}},"1":{"start":{"line":3,"column":4},"end":{"line":10,"column":6}},"2":{"start":{"line":4,"column":8},"end":{"line":8,"column":9}},"3":{"start":{"line":4,"column":24},"end":{"line":4,"column":25}},"4":{"start":{"line":4,"column":31},"end":{"line":4,"column":47}},"5":{"start":{"line":5,"column":12},"end":{"line":5,"column":29}},"6":{"start":{"line":6,"column":12},"end":{"line":7,"column":28}},"7":{"start":{"line":6,"column":29},"end":{"line":7,"column":28}},"8":{"start":{"line":7,"column":16},"end":{"line":7,"column":28}},"9":{"start":{"line":9,"column":8},"end":{"line":9,"column":17}},"10":{"start":{"line":11,"column":4},"end":{"line":11,"column":43}},"11":{"start":{"line":13,"column":16},"end":{"line":21,"column":1}},"12":{"start":{"line":14,"column":28},"end":{"line":14,"column":110}},"13":{"start":{"line":14,"column":91},"end":{"line":14,"column":106}},"14":{"start":{"line":15,"column":4},"end":{"line":20,"column":7}},"15":{"start":{"line":16,"column":36},"end":{"line":16,"column":97}},"16":{"start":{"line":16,"column":42},"end":{"line":16,"column":70}},"17":{"start":{"line":16,"column":85},"end":{"line":16,"column":95}},"18":{"start":{"line":17,"column":35},"end":{"line":17,"column":100}},"19":{"start":{"line":17,"column":41},"end":{"line":17,"column":73}},"20":{"start":{"line":17,"column":88},"end":{"line":17,"column":98}},"21":{"start":{"line":18,"column":32},"end":{"line":18,"column":116}},"22":{"start":{"line":19,"column":8},"end":{"line":19,"column":78}},"23":{"start":{"line":22,"column":18},"end":{"line":48,"column":1}},"24":{"start":{"line":23,"column":12},"end":{"line":23,"column":104}},"25":{"start":{"line":23,"column":43},"end":{"line":23,"column":68}},"26":{"start":{"line":23,"column":57},"end":{"line":23,"column":68}},"27":{"start":{"line":23,"column":69},"end":{"line":23,"column":81}},"28":{"start":{"line":24,"column":4},"end":{"line":24,"column":157}},"29":{"start":{"line":24,"column":138},"end":{"line":24,"column":150}},"30":{"start":{"line":25,"column":23},"end":{"line":25,"column":68}},"31":{"start":{"line":25,"column":45},"end":{"line":25,"column":65}},"32":{"start":{"line":27,"column":8},"end":{"line":27,"column":70}},"33":{"start":{"line":27,"column":15},"end":{"line":27,"column":70}},"34":{"start":{"line":28,"column":8},"end":{"line":45,"column":66}},"35":{"start":{"line":28,"column":18},"end":{"line":45,"column":66}},"36":{"start":{"line":29,"column":12},"end":{"line":29,"column":169}},"37":{"start":{"line":29,"column":160},"end":{"line":29,"column":169}},"38":{"start":{"line":30,"column":12},"end":{"line":30,"column":52}},"39":{"start":{"line":30,"column":26},"end":{"line":30,"column":52}},"40":{"start":{"line":31,"column":12},"end":{"line":43,"column":13}},"41":{"start":{"line":32,"column":32},"end":{"line":32,"column":39}},"42":{"start":{"line":32,"column":40},"end":{"line":32,"column":46}},"43":{"start":{"line":33,"column":24},"end":{"line":33,"column":34}},"44":{"start":{"line":33,"column":35},"end":{"line":33,"column":72}},"45":{"start":{"line":34,"column":24},"end":{"line":34,"column":34}},"46":{"start":{"line":34,"column":35},"end":{"line":34,"column":45}},"47":{"start":{"line":34,"column":46},"end":{"line":34,"column":55}},"48":{"start":{"line":34,"column":56},"end":{"line":34,"column":65}},"49":{"start":{"line":35,"column":24},"end":{"line":35,"column":41}},"50":{"start":{"line":35,"column":42},"end":{"line":35,"column":55}},"51":{"start":{"line":35,"column":56},"end":{"line":35,"column":65}},"52":{"start":{"line":37,"column":20},"end":{"line":37,"column":128}},"53":{"start":{"line":37,"column":110},"end":{"line":37,"column":116}},"54":{"start":{"line":37,"column":117},"end":{"line":37,"column":126}},"55":{"start":{"line":38,"column":20},"end":{"line":38,"column":106}},"56":{"start":{"line":38,"column":81},"end":{"line":38,"column":97}},"57":{"start":{"line":38,"column":98},"end":{"line":38,"column":104}},"58":{"start":{"line":39,"column":20},"end":{"line":39,"column":89}},"59":{"start":{"line":39,"column":57},"end":{"line":39,"column":72}},"60":{"start":{"line":39,"column":73},"end":{"line":39,"column":80}},"61":{"start":{"line":39,"column":81},"end":{"line":39,"column":87}},"62":{"start":{"line":40,"column":20},"end":{"line":40,"column":87}},"63":{"start":{"line":40,"column":47},"end":{"line":40,"column":62}},"64":{"start":{"line":40,"column":63},"end":{"line":40,"column":78}},"65":{"start":{"line":40,"column":79},"end":{"line":40,"column":85}},"66":{"start":{"line":41,"column":20},"end":{"line":41,"column":42}},"67":{"start":{"line":41,"column":30},"end":{"line":41,"column":42}},"68":{"start":{"line":42,"column":20},"end":{"line":42,"column":33}},"69":{"start":{"line":42,"column":34},"end":{"line":42,"column":43}},"70":{"start":{"line":44,"column":12},"end":{"line":44,"column":39}},"71":{"start":{"line":45,"column":22},"end":{"line":45,"column":34}},"72":{"start":{"line":45,"column":35},"end":{"line":45,"column":41}},"73":{"start":{"line":45,"column":54},"end":{"line":45,"column":64}},"74":{"start":{"line":46,"column":8},"end":{"line":46,"column":35}},"75":{"start":{"line":46,"column":23},"end":{"line":46,"column":35}},"76":{"start":{"line":46,"column":36},"end":{"line":46,"column":89}},"77":{"start":{"line":49,"column":0},"end":{"line":49,"column":62}},"78":{"start":{"line":50,"column":0},"end":{"line":50,"column":36}},"79":{"start":{"line":51,"column":15},"end":{"line":51,"column":40}},"80":{"start":{"line":52,"column":13},"end":{"line":52,"column":40}},"81":{"start":{"line":53,"column":40},"end":{"line":97,"column":3}},"82":{"start":{"line":56,"column":4},"end":{"line":70,"column":6}},"83":{"start":{"line":57,"column":8},"end":{"line":69,"column":11}},"84":{"start":{"line":59,"column":12},"end":{"line":68,"column":15}},"85":{"start":{"line":60,"column":16},"end":{"line":67,"column":17}},"86":{"start":{"line":61,"column":28},"end":{"line":63,"column":28}},"87":{"start":{"line":65,"column":24},"end":{"line":65,"column":43}},"88":{"start":{"line":66,"column":24},"end":{"line":66,"column":54}},"89":{"start":{"line":71,"column":4},"end":{"line":95,"column":6}},"90":{"start":{"line":72,"column":8},"end":{"line":94,"column":11}},"91":{"start":{"line":74,"column":12},"end":{"line":93,"column":15}},"92":{"start":{"line":75,"column":16},"end":{"line":92,"column":17}},"93":{"start":{"line":76,"column":28},"end":{"line":88,"column":28}},"94":{"start":{"line":90,"column":24},"end":{"line":90,"column":43}},"95":{"start":{"line":91,"column":24},"end":{"line":91,"column":54}},"96":{"start":{"line":96,"column":4},"end":{"line":96,"column":30}},"97":{"start":{"line":98,"column":0},"end":{"line":98,"column":48}}},"fnMap":{"0":{"name":"(anonymous_0)","decl":{"start":{"line":2,"column":42},"end":{"line":2,"column":43}},"loc":{"start":{"line":2,"column":54},"end":{"line":12,"column":1}},"line":2},"1":{"name":"(anonymous_1)","decl":{"start":{"line":3,"column":32},"end":{"line":3,"column":33}},"loc":{"start":{"line":3,"column":44},"end":{"line":10,"column":5}},"line":3},"2":{"name":"(anonymous_2)","decl":{"start":{"line":13,"column":44},"end":{"line":13,"column":45}},"loc":{"start":{"line":13,"column":89},"end":{"line":21,"column":1}},"line":13},"3":{"name":"adopt","decl":{"start":{"line":14,"column":13},"end":{"line":14,"column":18}},"loc":{"start":{"line":14,"column":26},"end":{"line":14,"column":112}},"line":14},"4":{"name":"(anonymous_4)","decl":{"start":{"line":14,"column":70},"end":{"line":14,"column":71}},"loc":{"start":{"line":14,"column":89},"end":{"line":14,"column":108}},"line":14},"5":{"name":"(anonymous_5)","decl":{"start":{"line":15,"column":36},"end":{"line":15,"column":37}},"loc":{"start":{"line":15,"column":63},"end":{"line":20,"column":5}},"line":15},"6":{"name":"fulfilled","decl":{"start":{"line":16,"column":17},"end":{"line":16,"column":26}},"loc":{"start":{"line":16,"column":34},"end":{"line":16,"column":99}},"line":16},"7":{"name":"rejected","decl":{"start":{"line":17,"column":17},"end":{"line":17,"column":25}},"loc":{"start":{"line":17,"column":33},"end":{"line":17,"column":102}},"line":17},"8":{"name":"step","decl":{"start":{"line":18,"column":17},"end":{"line":18,"column":21}},"loc":{"start":{"line":18,"column":30},"end":{"line":18,"column":118}},"line":18},"9":{"name":"(anonymous_9)","decl":{"start":{"line":22,"column":48},"end":{"line":22,"column":49}},"loc":{"start":{"line":22,"column":73},"end":{"line":48,"column":1}},"line":22},"10":{"name":"(anonymous_10)","decl":{"start":{"line":23,"column":30},"end":{"line":23,"column":31}},"loc":{"start":{"line":23,"column":41},"end":{"line":23,"column":83}},"line":23},"11":{"name":"(anonymous_11)","decl":{"start":{"line":24,"column":125},"end":{"line":24,"column":126}},"loc":{"start":{"line":24,"column":136},"end":{"line":24,"column":152}},"line":24},"12":{"name":"verb","decl":{"start":{"line":25,"column":13},"end":{"line":25,"column":17}},"loc":{"start":{"line":25,"column":21},"end":{"line":25,"column":70}},"line":25},"13":{"name":"(anonymous_13)","decl":{"start":{"line":25,"column":30},"end":{"line":25,"column":31}},"loc":{"start":{"line":25,"column":43},"end":{"line":25,"column":67}},"line":25},"14":{"name":"step","decl":{"start":{"line":26,"column":13},"end":{"line":26,"column":17}},"loc":{"start":{"line":26,"column":22},"end":{"line":47,"column":5}},"line":26},"15":{"name":"(anonymous_15)","decl":{"start":{"line":53,"column":40},"end":{"line":53,"column":41}},"loc":{"start":{"line":53,"column":52},"end":{"line":97,"column":1}},"line":53},"16":{"name":"CategoryRepository","decl":{"start":{"line":54,"column":13},"end":{"line":54,"column":31}},"loc":{"start":{"line":54,"column":34},"end":{"line":55,"column":5}},"line":54},"17":{"name":"(anonymous_17)","decl":{"start":{"line":56,"column":40},"end":{"line":56,"column":41}},"loc":{"start":{"line":56,"column":55},"end":{"line":70,"column":5}},"line":56},"18":{"name":"(anonymous_18)","decl":{"start":{"line":57,"column":47},"end":{"line":57,"column":48}},"loc":{"start":{"line":57,"column":59},"end":{"line":69,"column":9}},"line":57},"19":{"name":"(anonymous_19)","decl":{"start":{"line":59,"column":37},"end":{"line":59,"column":38}},"loc":{"start":{"line":59,"column":51},"end":{"line":68,"column":13}},"line":59},"20":{"name":"(anonymous_20)","decl":{"start":{"line":71,"column":39},"end":{"line":71,"column":40}},"loc":{"start":{"line":71,"column":51},"end":{"line":95,"column":5}},"line":71},"21":{"name":"(anonymous_21)","decl":{"start":{"line":72,"column":47},"end":{"line":72,"column":48}},"loc":{"start":{"line":72,"column":59},"end":{"line":94,"column":9}},"line":72},"22":{"name":"(anonymous_22)","decl":{"start":{"line":74,"column":37},"end":{"line":74,"column":38}},"loc":{"start":{"line":74,"column":51},"end":{"line":93,"column":13}},"line":74}},"branchMap":{"0":{"loc":{"start":{"line":2,"column":15},"end":{"line":12,"column":1}},"type":"binary-expr","locations":[{"start":{"line":2,"column":16},"end":{"line":2,"column":20}},{"start":{"line":2,"column":24},"end":{"line":2,"column":37}},{"start":{"line":2,"column":42},"end":{"line":12,"column":1}}],"line":2},"1":{"loc":{"start":{"line":3,"column":15},"end":{"line":10,"column":5}},"type":"binary-expr","locations":[{"start":{"line":3,"column":15},"end":{"line":3,"column":28}},{"start":{"line":3,"column":32},"end":{"line":10,"column":5}}],"line":3},"2":{"loc":{"start":{"line":6,"column":29},"end":{"line":7,"column":28}},"type":"if","locations":[{"start":{"line":6,"column":29},"end":{"line":7,"column":28}},{"start":{"line":6,"column":29},"end":{"line":7,"column":28}}],"line":6},"3":{"loc":{"start":{"line":13,"column":16},"end":{"line":21,"column":1}},"type":"binary-expr","locations":[{"start":{"line":13,"column":17},"end":{"line":13,"column":21}},{"start":{"line":13,"column":25},"end":{"line":13,"column":39}},{"start":{"line":13,"column":44},"end":{"line":21,"column":1}}],"line":13},"4":{"loc":{"start":{"line":14,"column":35},"end":{"line":14,"column":109}},"type":"cond-expr","locations":[{"start":{"line":14,"column":56},"end":{"line":14,"column":61}},{"start":{"line":14,"column":64},"end":{"line":14,"column":109}}],"line":14},"5":{"loc":{"start":{"line":15,"column":16},"end":{"line":15,"column":34}},"type":"binary-expr","locations":[{"start":{"line":15,"column":16},"end":{"line":15,"column":17}},{"start":{"line":15,"column":22},"end":{"line":15,"column":33}}],"line":15},"6":{"loc":{"start":{"line":18,"column":32},"end":{"line":18,"column":115}},"type":"cond-expr","locations":[{"start":{"line":18,"column":46},"end":{"line":18,"column":67}},{"start":{"line":18,"column":70},"end":{"line":18,"column":115}}],"line":18},"7":{"loc":{"start":{"line":19,"column":51},"end":{"line":19,"column":67}},"type":"binary-expr","locations":[{"start":{"line":19,"column":51},"end":{"line":19,"column":61}},{"start":{"line":19,"column":65},"end":{"line":19,"column":67}}],"line":19},"8":{"loc":{"start":{"line":22,"column":18},"end":{"line":48,"column":1}},"type":"binary-expr","locations":[{"start":{"line":22,"column":19},"end":{"line":22,"column":23}},{"start":{"line":22,"column":27},"end":{"line":22,"column":43}},{"start":{"line":22,"column":48},"end":{"line":48,"column":1}}],"line":22},"9":{"loc":{"start":{"line":23,"column":43},"end":{"line":23,"column":68}},"type":"if","locations":[{"start":{"line":23,"column":43},"end":{"line":23,"column":68}},{"start":{"line":23,"column":43},"end":{"line":23,"column":68}}],"line":23},"10":{"loc":{"start":{"line":24,"column":71},"end":{"line":24,"column":153}},"type":"binary-expr","locations":[{"start":{"line":24,"column":71},"end":{"line":24,"column":99}},{"start":{"line":24,"column":104},"end":{"line":24,"column":152}}],"line":24},"11":{"loc":{"start":{"line":27,"column":8},"end":{"line":27,"column":70}},"type":"if","locations":[{"start":{"line":27,"column":8},"end":{"line":27,"column":70}},{"start":{"line":27,"column":8},"end":{"line":27,"column":70}}],"line":27},"12":{"loc":{"start":{"line":29,"column":12},"end":{"line":29,"column":169}},"type":"if","locations":[{"start":{"line":29,"column":12},"end":{"line":29,"column":169}},{"start":{"line":29,"column":12},"end":{"line":29,"column":169}}],"line":29},"13":{"loc":{"start":{"line":29,"column":23},"end":{"line":29,"column":158}},"type":"binary-expr","locations":[{"start":{"line":29,"column":23},"end":{"line":29,"column":24}},{"start":{"line":29,"column":29},"end":{"line":29,"column":125}},{"start":{"line":29,"column":130},"end":{"line":29,"column":158}}],"line":29},"14":{"loc":{"start":{"line":29,"column":33},"end":{"line":29,"column":125}},"type":"cond-expr","locations":[{"start":{"line":29,"column":45},"end":{"line":29,"column":56}},{"start":{"line":29,"column":59},"end":{"line":29,"column":125}}],"line":29},"15":{"loc":{"start":{"line":29,"column":59},"end":{"line":29,"column":125}},"type":"cond-expr","locations":[{"start":{"line":29,"column":67},"end":{"line":29,"column":116}},{"start":{"line":29,"column":119},"end":{"line":29,"column":125}}],"line":29},"16":{"loc":{"start":{"line":29,"column":67},"end":{"line":29,"column":116}},"type":"binary-expr","locations":[{"start":{"line":29,"column":67},"end":{"line":29,"column":77}},{"start":{"line":29,"column":82},"end":{"line":29,"column":115}}],"line":29},"17":{"loc":{"start":{"line":29,"column":82},"end":{"line":29,"column":112}},"type":"binary-expr","locations":[{"start":{"line":29,"column":83},"end":{"line":29,"column":98}},{"start":{"line":29,"column":103},"end":{"line":29,"column":112}}],"line":29},"18":{"loc":{"start":{"line":30,"column":12},"end":{"line":30,"column":52}},"type":"if","locations":[{"start":{"line":30,"column":12},"end":{"line":30,"column":52}},{"start":{"line":30,"column":12},"end":{"line":30,"column":52}}],"line":30},"19":{"loc":{"start":{"line":31,"column":12},"end":{"line":43,"column":13}},"type":"switch","locations":[{"start":{"line":32,"column":16},"end":{"line":32,"column":23}},{"start":{"line":32,"column":24},"end":{"line":32,"column":46}},{"start":{"line":33,"column":16},"end":{"line":33,"column":72}},{"start":{"line":34,"column":16},"end":{"line":34,"column":65}},{"start":{"line":35,"column":16},"end":{"line":35,"column":65}},{"start":{"line":36,"column":16},"end":{"line":42,"column":43}}],"line":31},"20":{"loc":{"start":{"line":37,"column":20},"end":{"line":37,"column":128}},"type":"if","locations":[{"start":{"line":37,"column":20},"end":{"line":37,"column":128}},{"start":{"line":37,"column":20},"end":{"line":37,"column":128}}],"line":37},"21":{"loc":{"start":{"line":37,"column":24},"end":{"line":37,"column":106}},"type":"binary-expr","locations":[{"start":{"line":37,"column":24},"end":{"line":37,"column":74}},{"start":{"line":37,"column":79},"end":{"line":37,"column":90}},{"start":{"line":37,"column":94},"end":{"line":37,"column":105}}],"line":37},"22":{"loc":{"start":{"line":37,"column":42},"end":{"line":37,"column":73}},"type":"binary-expr","locations":[{"start":{"line":37,"column":42},"end":{"line":37,"column":54}},{"start":{"line":37,"column":58},"end":{"line":37,"column":73}}],"line":37},"23":{"loc":{"start":{"line":38,"column":20},"end":{"line":38,"column":106}},"type":"if","locations":[{"start":{"line":38,"column":20},"end":{"line":38,"column":106}},{"start":{"line":38,"column":20},"end":{"line":38,"column":106}}],"line":38},"24":{"loc":{"start":{"line":38,"column":24},"end":{"line":38,"column":77}},"type":"binary-expr","locations":[{"start":{"line":38,"column":24},"end":{"line":38,"column":35}},{"start":{"line":38,"column":40},"end":{"line":38,"column":42}},{"start":{"line":38,"column":47},"end":{"line":38,"column":59}},{"start":{"line":38,"column":63},"end":{"line":38,"column":75}}],"line":38},"25":{"loc":{"start":{"line":39,"column":20},"end":{"line":39,"column":89}},"type":"if","locations":[{"start":{"line":39,"column":20},"end":{"line":39,"column":89}},{"start":{"line":39,"column":20},"end":{"line":39,"column":89}}],"line":39},"26":{"loc":{"start":{"line":39,"column":24},"end":{"line":39,"column":53}},"type":"binary-expr","locations":[{"start":{"line":39,"column":24},"end":{"line":39,"column":35}},{"start":{"line":39,"column":39},"end":{"line":39,"column":53}}],"line":39},"27":{"loc":{"start":{"line":40,"column":20},"end":{"line":40,"column":87}},"type":"if","locations":[{"start":{"line":40,"column":20},"end":{"line":40,"column":87}},{"start":{"line":40,"column":20},"end":{"line":40,"column":87}}],"line":40},"28":{"loc":{"start":{"line":40,"column":24},"end":{"line":40,"column":43}},"type":"binary-expr","locations":[{"start":{"line":40,"column":24},"end":{"line":40,"column":25}},{"start":{"line":40,"column":29},"end":{"line":40,"column":43}}],"line":40},"29":{"loc":{"start":{"line":41,"column":20},"end":{"line":41,"column":42}},"type":"if","locations":[{"start":{"line":41,"column":20},"end":{"line":41,"column":42}},{"start":{"line":41,"column":20},"end":{"line":41,"column":42}}],"line":41},"30":{"loc":{"start":{"line":46,"column":8},"end":{"line":46,"column":35}},"type":"if","locations":[{"start":{"line":46,"column":8},"end":{"line":46,"column":35}},{"start":{"line":46,"column":8},"end":{"line":46,"column":35}}],"line":46},"31":{"loc":{"start":{"line":46,"column":52},"end":{"line":46,"column":74}},"type":"cond-expr","locations":[{"start":{"line":46,"column":60},"end":{"line":46,"column":65}},{"start":{"line":46,"column":68},"end":{"line":46,"column":74}}],"line":46},"32":{"loc":{"start":{"line":60,"column":16},"end":{"line":67,"column":17}},"type":"switch","locations":[{"start":{"line":61,"column":20},"end":{"line":63,"column":28}},{"start":{"line":64,"column":20},"end":{"line":66,"column":54}}],"line":60},"33":{"loc":{"start":{"line":75,"column":16},"end":{"line":92,"column":17}},"type":"switch","locations":[{"start":{"line":76,"column":20},"end":{"line":88,"column":28}},{"start":{"line":89,"column":20},"end":{"line":91,"column":54}}],"line":75}},"s":{"0":1,"1":0,"2":0,"3":0,"4":0,"5":0,"6":0,"7":0,"8":0,"9":0,"10":0,"11":1,"12":6,"13":6,"14":6,"15":6,"16":6,"17":0,"18":0,"19":0,"20":0,"21":12,"22":6,"23":1,"24":6,"25":6,"26":0,"27":6,"28":6,"29":0,"30":18,"31":12,"32":12,"33":0,"34":12,"35":24,"36":24,"37":0,"38":24,"39":0,"40":24,"41":12,"42":12,"43":6,"44":6,"45":0,"46":0,"47":0,"48":0,"49":0,"50":0,"51":0,"52":6,"53":6,"54":6,"55":0,"56":0,"57":0,"58":0,"59":0,"60":0,"61":0,"62":0,"63":0,"64":0,"65":0,"66":0,"67":0,"68":0,"69":0,"70":12,"71":0,"72":0,"73":24,"74":6,"75":0,"76":6,"77":1,"78":1,"79":1,"80":1,"81":1,"82":1,"83":0,"84":0,"85":0,"86":0,"87":0,"88":0,"89":1,"90":6,"91":6,"92":12,"93":6,"94":6,"95":6,"96":1,"97":1},"f":{"0":0,"1":0,"2":6,"3":6,"4":6,"5":6,"6":6,"7":0,"8":12,"9":6,"10":6,"11":0,"12":18,"13":12,"14":12,"15":1,"16":2,"17":0,"18":0,"19":0,"20":6,"21":6,"22":12},"b":{"0":[1,1,1],"1":[0,0],"2":[0,0],"3":[1,1,1],"4":[0,6],"5":[6,6],"6":[6,6],"7":[6,6],"8":[1,1,1],"9":[0,6],"10":[6,6],"11":[0,12],"12":[0,24],"13":[24,0,0],"14":[0,0],"15":[0,0],"16":[0,0],"17":[0,0],"18":[0,24],"19":[12,12,6,0,0,6],"20":[6,0],"21":[6,6,6],"22":[6,0],"23":[0,0],"24":[0,0,0,0],"25":[0,0],"26":[0,0],"27":[0,0],"28":[0,0],"29":[0,0],"30":[0,6],"31":[6,0],"32":[0,0],"33":[6,6]},"inputSourceMap":{"version":3,"file":"E:/angular/workspace/sofadognewapi/src/repositories/category_repository.ts","sources":["E:/angular/workspace/sofadognewapi/src/repositories/category_repository.ts"],"names":[],"mappings":";;;;;;;;;;;;;;;;;;;;;;;;;;;;;;;;;;;;;;;;;;;;;;;;;;AAAA,yCAA6C;AAE7C,IAAM,MAAM,GAAG,IAAI,qBAAY,EAAE,CAAA;AAEjC;IAAA;IA0BA,CAAC;IAzBM,iCAAI,GAAV,UAAW,GAAQ;;;;;4BACH,qBAAM,MAAM,CAAC,UAAU,CAAC,MAAM,CAAC;4BAC7C,IAAI,eACA,GAAG,CAAC,IAAI,CACX;yBACD,CAAC,EAAA;;wBAJI,MAAM,GAAG,SAIb;wBACF,sBAAO,MAAM,EAAA;;;;KACb;IAEK,gCAAG,GAAT;;;;;4BACgB,qBAAM,MAAM,CAAC,UAAU,CAAC,QAAQ,CAAC;4BAC/C,KAAK,EAAE;gCACN,SAAS,EAAE,IAAI;6BACf;4BACD,MAAM,EAAE;gCACP,OAAO,EAAE,IAAI;gCACb,KAAK,EAAE,IAAI;gCACX,KAAK,EAAE,IAAI;6BACX;4BACD,OAAO,EAAE;gCACR,OAAO,EAAE,KAAK;6BACd;yBACD,CAAC,EAAA;;wBAZI,MAAM,GAAG,SAYb;wBACF,sBAAO,MAAM,EAAA;;;;KACb;IACF,yBAAC;AAAD,CAAC,AA1BD,IA0BC;AA1BY,gDAAkB","sourcesContent":["import { PrismaClient } from '@prisma/client'\r\n\r\nconst prisma = new PrismaClient()\r\n\r\nexport class CategoryRepository {\r\n\tasync post(req: any) {\r\n\t\tconst result = await prisma.categories.create({\r\n\t\t\tdata: {\r\n\t\t\t\t...req.body,\r\n\t\t\t},\r\n\t\t})\r\n\t\treturn result\r\n\t}\r\n\r\n\tasync get() {\r\n\t\tconst result = await prisma.categories.findMany({\r\n\t\t\twhere: {\r\n\t\t\t\tis_active: true\r\n\t\t\t},\r\n\t\t\tselect: {\r\n\t\t\t\tordinal: true,\r\n\t\t\t\tcolor: true,\r\n\t\t\t\ttitle: true\r\n\t\t\t},\r\n\t\t\torderBy: {\r\n\t\t\t\tordinal: 'asc'\r\n\t\t\t}\r\n\t\t})\r\n\t\treturn result\r\n\t}\r\n}"]},"_coverageSchema":"1a1c01bbd47fc00a2c39e90264f33305004495a9","hash":"347b85e707e510625b716c4d613784b65744cb67"},"E:\\angular\\workspace\\sofadognewapi\\src\\repositories\\feed_repository.ts":{"path":"E:\\angular\\workspace\\sofadognewapi\\src\\repositories\\feed_repository.ts","statementMap":{"0":{"start":{"line":2,"column":16},"end":{"line":10,"column":1}},"1":{"start":{"line":3,"column":28},"end":{"line":3,"column":110}},"2":{"start":{"line":3,"column":91},"end":{"line":3,"column":106}},"3":{"start":{"line":4,"column":4},"end":{"line":9,"column":7}},"4":{"start":{"line":5,"column":36},"end":{"line":5,"column":97}},"5":{"start":{"line":5,"column":42},"end":{"line":5,"column":70}},"6":{"start":{"line":5,"column":85},"end":{"line":5,"column":95}},"7":{"start":{"line":6,"column":35},"end":{"line":6,"column":100}},"8":{"start":{"line":6,"column":41},"end":{"line":6,"column":73}},"9":{"start":{"line":6,"column":88},"end":{"line":6,"column":98}},"10":{"start":{"line":7,"column":32},"end":{"line":7,"column":116}},"11":{"start":{"line":8,"column":8},"end":{"line":8,"column":78}},"12":{"start":{"line":11,"column":18},"end":{"line":37,"column":1}},"13":{"start":{"line":12,"column":12},"end":{"line":12,"column":104}},"14":{"start":{"line":12,"column":43},"end":{"line":12,"column":68}},"15":{"start":{"line":12,"column":57},"end":{"line":12,"column":68}},"16":{"start":{"line":12,"column":69},"end":{"line":12,"column":81}},"17":{"start":{"line":13,"column":4},"end":{"line":13,"column":157}},"18":{"start":{"line":13,"column":138},"end":{"line":13,"column":150}},"19":{"start":{"line":14,"column":23},"end":{"line":14,"column":68}},"20":{"start":{"line":14,"column":45},"end":{"line":14,"column":65}},"21":{"start":{"line":16,"column":8},"end":{"line":16,"column":70}},"22":{"start":{"line":16,"column":15},"end":{"line":16,"column":70}},"23":{"start":{"line":17,"column":8},"end":{"line":34,"column":66}},"24":{"start":{"line":17,"column":18},"end":{"line":34,"column":66}},"25":{"start":{"line":18,"column":12},"end":{"line":18,"column":169}},"26":{"start":{"line":18,"column":160},"end":{"line":18,"column":169}},"27":{"start":{"line":19,"column":12},"end":{"line":19,"column":52}},"28":{"start":{"line":19,"column":26},"end":{"line":19,"column":52}},"29":{"start":{"line":20,"column":12},"end":{"line":32,"column":13}},"30":{"start":{"line":21,"column":32},"end":{"line":21,"column":39}},"31":{"start":{"line":21,"column":40},"end":{"line":21,"column":46}},"32":{"start":{"line":22,"column":24},"end":{"line":22,"column":34}},"33":{"start":{"line":22,"column":35},"end":{"line":22,"column":72}},"34":{"start":{"line":23,"column":24},"end":{"line":23,"column":34}},"35":{"start":{"line":23,"column":35},"end":{"line":23,"column":45}},"36":{"start":{"line":23,"column":46},"end":{"line":23,"column":55}},"37":{"start":{"line":23,"column":56},"end":{"line":23,"column":65}},"38":{"start":{"line":24,"column":24},"end":{"line":24,"column":41}},"39":{"start":{"line":24,"column":42},"end":{"line":24,"column":55}},"40":{"start":{"line":24,"column":56},"end":{"line":24,"column":65}},"41":{"start":{"line":26,"column":20},"end":{"line":26,"column":128}},"42":{"start":{"line":26,"column":110},"end":{"line":26,"column":116}},"43":{"start":{"line":26,"column":117},"end":{"line":26,"column":126}},"44":{"start":{"line":27,"column":20},"end":{"line":27,"column":106}},"45":{"start":{"line":27,"column":81},"end":{"line":27,"column":97}},"46":{"start":{"line":27,"column":98},"end":{"line":27,"column":104}},"47":{"start":{"line":28,"column":20},"end":{"line":28,"column":89}},"48":{"start":{"line":28,"column":57},"end":{"line":28,"column":72}},"49":{"start":{"line":28,"column":73},"end":{"line":28,"column":80}},"50":{"start":{"line":28,"column":81},"end":{"line":28,"column":87}},"51":{"start":{"line":29,"column":20},"end":{"line":29,"column":87}},"52":{"start":{"line":29,"column":47},"end":{"line":29,"column":62}},"53":{"start":{"line":29,"column":63},"end":{"line":29,"column":78}},"54":{"start":{"line":29,"column":79},"end":{"line":29,"column":85}},"55":{"start":{"line":30,"column":20},"end":{"line":30,"column":42}},"56":{"start":{"line":30,"column":30},"end":{"line":30,"column":42}},"57":{"start":{"line":31,"column":20},"end":{"line":31,"column":33}},"58":{"start":{"line":31,"column":34},"end":{"line":31,"column":43}},"59":{"start":{"line":33,"column":12},"end":{"line":33,"column":39}},"60":{"start":{"line":34,"column":22},"end":{"line":34,"column":34}},"61":{"start":{"line":34,"column":35},"end":{"line":34,"column":41}},"62":{"start":{"line":34,"column":54},"end":{"line":34,"column":64}},"63":{"start":{"line":35,"column":8},"end":{"line":35,"column":35}},"64":{"start":{"line":35,"column":23},"end":{"line":35,"column":35}},"65":{"start":{"line":35,"column":36},"end":{"line":35,"column":89}},"66":{"start":{"line":38,"column":0},"end":{"line":38,"column":62}},"67":{"start":{"line":39,"column":0},"end":{"line":39,"column":32}},"68":{"start":{"line":40,"column":15},"end":{"line":40,"column":40}},"69":{"start":{"line":41,"column":13},"end":{"line":41,"column":40}},"70":{"start":{"line":42,"column":36},"end":{"line":140,"column":3}},"71":{"start":{"line":45,"column":4},"end":{"line":80,"column":6}},"72":{"start":{"line":46,"column":8},"end":{"line":79,"column":11}},"73":{"start":{"line":48,"column":12},"end":{"line":78,"column":15}},"74":{"start":{"line":49,"column":16},"end":{"line":77,"column":17}},"75":{"start":{"line":51,"column":24},"end":{"line":51,"column":57}},"76":{"start":{"line":52,"column":24},"end":{"line":73,"column":32}},"77":{"start":{"line":75,"column":24},"end":{"line":75,"column":43}},"78":{"start":{"line":76,"column":24},"end":{"line":76,"column":54}},"79":{"start":{"line":81,"column":4},"end":{"line":119,"column":6}},"80":{"start":{"line":82,"column":8},"end":{"line":118,"column":11}},"81":{"start":{"line":84,"column":12},"end":{"line":117,"column":15}},"82":{"start":{"line":85,"column":16},"end":{"line":116,"column":17}},"83":{"start":{"line":87,"column":24},"end":{"line":87,"column":58}},"84":{"start":{"line":88,"column":24},"end":{"line":112,"column":32}},"85":{"start":{"line":114,"column":24},"end":{"line":114,"column":43}},"86":{"start":{"line":115,"column":24},"end":{"line":115,"column":54}},"87":{"start":{"line":120,"column":4},"end":{"line":138,"column":6}},"88":{"start":{"line":121,"column":8},"end":{"line":137,"column":11}},"89":{"start":{"line":123,"column":12},"end":{"line":136,"column":15}},"90":{"start":{"line":124,"column":16},"end":{"line":135,"column":17}},"91":{"start":{"line":125,"column":28},"end":{"line":131,"column":28}},"92":{"start":{"line":133,"column":24},"end":{"line":133,"column":43}},"93":{"start":{"line":134,"column":24},"end":{"line":134,"column":46}},"94":{"start":{"line":139,"column":4},"end":{"line":139,"column":26}},"95":{"start":{"line":141,"column":0},"end":{"line":141,"column":40}}},"fnMap":{"0":{"name":"(anonymous_0)","decl":{"start":{"line":2,"column":44},"end":{"line":2,"column":45}},"loc":{"start":{"line":2,"column":89},"end":{"line":10,"column":1}},"line":2},"1":{"name":"adopt","decl":{"start":{"line":3,"column":13},"end":{"line":3,"column":18}},"loc":{"start":{"line":3,"column":26},"end":{"line":3,"column":112}},"line":3},"2":{"name":"(anonymous_2)","decl":{"start":{"line":3,"column":70},"end":{"line":3,"column":71}},"loc":{"start":{"line":3,"column":89},"end":{"line":3,"column":108}},"line":3},"3":{"name":"(anonymous_3)","decl":{"start":{"line":4,"column":36},"end":{"line":4,"column":37}},"loc":{"start":{"line":4,"column":63},"end":{"line":9,"column":5}},"line":4},"4":{"name":"fulfilled","decl":{"start":{"line":5,"column":17},"end":{"line":5,"column":26}},"loc":{"start":{"line":5,"column":34},"end":{"line":5,"column":99}},"line":5},"5":{"name":"rejected","decl":{"start":{"line":6,"column":17},"end":{"line":6,"column":25}},"loc":{"start":{"line":6,"column":33},"end":{"line":6,"column":102}},"line":6},"6":{"name":"step","decl":{"start":{"line":7,"column":17},"end":{"line":7,"column":21}},"loc":{"start":{"line":7,"column":30},"end":{"line":7,"column":118}},"line":7},"7":{"name":"(anonymous_7)","decl":{"start":{"line":11,"column":48},"end":{"line":11,"column":49}},"loc":{"start":{"line":11,"column":73},"end":{"line":37,"column":1}},"line":11},"8":{"name":"(anonymous_8)","decl":{"start":{"line":12,"column":30},"end":{"line":12,"column":31}},"loc":{"start":{"line":12,"column":41},"end":{"line":12,"column":83}},"line":12},"9":{"name":"(anonymous_9)","decl":{"start":{"line":13,"column":125},"end":{"line":13,"column":126}},"loc":{"start":{"line":13,"column":136},"end":{"line":13,"column":152}},"line":13},"10":{"name":"verb","decl":{"start":{"line":14,"column":13},"end":{"line":14,"column":17}},"loc":{"start":{"line":14,"column":21},"end":{"line":14,"column":70}},"line":14},"11":{"name":"(anonymous_11)","decl":{"start":{"line":14,"column":30},"end":{"line":14,"column":31}},"loc":{"start":{"line":14,"column":43},"end":{"line":14,"column":67}},"line":14},"12":{"name":"step","decl":{"start":{"line":15,"column":13},"end":{"line":15,"column":17}},"loc":{"start":{"line":15,"column":22},"end":{"line":36,"column":5}},"line":15},"13":{"name":"(anonymous_13)","decl":{"start":{"line":42,"column":36},"end":{"line":42,"column":37}},"loc":{"start":{"line":42,"column":48},"end":{"line":140,"column":1}},"line":42},"14":{"name":"FeedRepository","decl":{"start":{"line":43,"column":13},"end":{"line":43,"column":27}},"loc":{"start":{"line":43,"column":30},"end":{"line":44,"column":5}},"line":43},"15":{"name":"(anonymous_15)","decl":{"start":{"line":45,"column":35},"end":{"line":45,"column":36}},"loc":{"start":{"line":45,"column":56},"end":{"line":80,"column":5}},"line":45},"16":{"name":"(anonymous_16)","decl":{"start":{"line":46,"column":47},"end":{"line":46,"column":48}},"loc":{"start":{"line":46,"column":59},"end":{"line":79,"column":9}},"line":46},"17":{"name":"(anonymous_17)","decl":{"start":{"line":48,"column":37},"end":{"line":48,"column":38}},"loc":{"start":{"line":48,"column":51},"end":{"line":78,"column":13}},"line":48},"18":{"name":"(anonymous_18)","decl":{"start":{"line":81,"column":46},"end":{"line":81,"column":47}},"loc":{"start":{"line":81,"column":68},"end":{"line":119,"column":5}},"line":81},"19":{"name":"(anonymous_19)","decl":{"start":{"line":82,"column":47},"end":{"line":82,"column":48}},"loc":{"start":{"line":82,"column":59},"end":{"line":118,"column":9}},"line":82},"20":{"name":"(anonymous_20)","decl":{"start":{"line":84,"column":37},"end":{"line":84,"column":38}},"loc":{"start":{"line":84,"column":51},"end":{"line":117,"column":13}},"line":84},"21":{"name":"(anonymous_21)","decl":{"start":{"line":120,"column":48},"end":{"line":120,"column":49}},"loc":{"start":{"line":120,"column":70},"end":{"line":138,"column":5}},"line":120},"22":{"name":"(anonymous_22)","decl":{"start":{"line":121,"column":47},"end":{"line":121,"column":48}},"loc":{"start":{"line":121,"column":59},"end":{"line":137,"column":9}},"line":121},"23":{"name":"(anonymous_23)","decl":{"start":{"line":123,"column":37},"end":{"line":123,"column":38}},"loc":{"start":{"line":123,"column":51},"end":{"line":136,"column":13}},"line":123}},"branchMap":{"0":{"loc":{"start":{"line":2,"column":16},"end":{"line":10,"column":1}},"type":"binary-expr","locations":[{"start":{"line":2,"column":17},"end":{"line":2,"column":21}},{"start":{"line":2,"column":25},"end":{"line":2,"column":39}},{"start":{"line":2,"column":44},"end":{"line":10,"column":1}}],"line":2},"1":{"loc":{"start":{"line":3,"column":35},"end":{"line":3,"column":109}},"type":"cond-expr","locations":[{"start":{"line":3,"column":56},"end":{"line":3,"column":61}},{"start":{"line":3,"column":64},"end":{"line":3,"column":109}}],"line":3},"2":{"loc":{"start":{"line":4,"column":16},"end":{"line":4,"column":34}},"type":"binary-expr","locations":[{"start":{"line":4,"column":16},"end":{"line":4,"column":17}},{"start":{"line":4,"column":22},"end":{"line":4,"column":33}}],"line":4},"3":{"loc":{"start":{"line":7,"column":32},"end":{"line":7,"column":115}},"type":"cond-expr","locations":[{"start":{"line":7,"column":46},"end":{"line":7,"column":67}},{"start":{"line":7,"column":70},"end":{"line":7,"column":115}}],"line":7},"4":{"loc":{"start":{"line":8,"column":51},"end":{"line":8,"column":67}},"type":"binary-expr","locations":[{"start":{"line":8,"column":51},"end":{"line":8,"column":61}},{"start":{"line":8,"column":65},"end":{"line":8,"column":67}}],"line":8},"5":{"loc":{"start":{"line":11,"column":18},"end":{"line":37,"column":1}},"type":"binary-expr","locations":[{"start":{"line":11,"column":19},"end":{"line":11,"column":23}},{"start":{"line":11,"column":27},"end":{"line":11,"column":43}},{"start":{"line":11,"column":48},"end":{"line":37,"column":1}}],"line":11},"6":{"loc":{"start":{"line":12,"column":43},"end":{"line":12,"column":68}},"type":"if","locations":[{"start":{"line":12,"column":43},"end":{"line":12,"column":68}},{"start":{"line":12,"column":43},"end":{"line":12,"column":68}}],"line":12},"7":{"loc":{"start":{"line":13,"column":71},"end":{"line":13,"column":153}},"type":"binary-expr","locations":[{"start":{"line":13,"column":71},"end":{"line":13,"column":99}},{"start":{"line":13,"column":104},"end":{"line":13,"column":152}}],"line":13},"8":{"loc":{"start":{"line":16,"column":8},"end":{"line":16,"column":70}},"type":"if","locations":[{"start":{"line":16,"column":8},"end":{"line":16,"column":70}},{"start":{"line":16,"column":8},"end":{"line":16,"column":70}}],"line":16},"9":{"loc":{"start":{"line":18,"column":12},"end":{"line":18,"column":169}},"type":"if","locations":[{"start":{"line":18,"column":12},"end":{"line":18,"column":169}},{"start":{"line":18,"column":12},"end":{"line":18,"column":169}}],"line":18},"10":{"loc":{"start":{"line":18,"column":23},"end":{"line":18,"column":158}},"type":"binary-expr","locations":[{"start":{"line":18,"column":23},"end":{"line":18,"column":24}},{"start":{"line":18,"column":29},"end":{"line":18,"column":125}},{"start":{"line":18,"column":130},"end":{"line":18,"column":158}}],"line":18},"11":{"loc":{"start":{"line":18,"column":33},"end":{"line":18,"column":125}},"type":"cond-expr","locations":[{"start":{"line":18,"column":45},"end":{"line":18,"column":56}},{"start":{"line":18,"column":59},"end":{"line":18,"column":125}}],"line":18},"12":{"loc":{"start":{"line":18,"column":59},"end":{"line":18,"column":125}},"type":"cond-expr","locations":[{"start":{"line":18,"column":67},"end":{"line":18,"column":116}},{"start":{"line":18,"column":119},"end":{"line":18,"column":125}}],"line":18},"13":{"loc":{"start":{"line":18,"column":67},"end":{"line":18,"column":116}},"type":"binary-expr","locations":[{"start":{"line":18,"column":67},"end":{"line":18,"column":77}},{"start":{"line":18,"column":82},"end":{"line":18,"column":115}}],"line":18},"14":{"loc":{"start":{"line":18,"column":82},"end":{"line":18,"column":112}},"type":"binary-expr","locations":[{"start":{"line":18,"column":83},"end":{"line":18,"column":98}},{"start":{"line":18,"column":103},"end":{"line":18,"column":112}}],"line":18},"15":{"loc":{"start":{"line":19,"column":12},"end":{"line":19,"column":52}},"type":"if","locations":[{"start":{"line":19,"column":12},"end":{"line":19,"column":52}},{"start":{"line":19,"column":12},"end":{"line":19,"column":52}}],"line":19},"16":{"loc":{"start":{"line":20,"column":12},"end":{"line":32,"column":13}},"type":"switch","locations":[{"start":{"line":21,"column":16},"end":{"line":21,"column":23}},{"start":{"line":21,"column":24},"end":{"line":21,"column":46}},{"start":{"line":22,"column":16},"end":{"line":22,"column":72}},{"start":{"line":23,"column":16},"end":{"line":23,"column":65}},{"start":{"line":24,"column":16},"end":{"line":24,"column":65}},{"start":{"line":25,"column":16},"end":{"line":31,"column":43}}],"line":20},"17":{"loc":{"start":{"line":26,"column":20},"end":{"line":26,"column":128}},"type":"if","locations":[{"start":{"line":26,"column":20},"end":{"line":26,"column":128}},{"start":{"line":26,"column":20},"end":{"line":26,"column":128}}],"line":26},"18":{"loc":{"start":{"line":26,"column":24},"end":{"line":26,"column":106}},"type":"binary-expr","locations":[{"start":{"line":26,"column":24},"end":{"line":26,"column":74}},{"start":{"line":26,"column":79},"end":{"line":26,"column":90}},{"start":{"line":26,"column":94},"end":{"line":26,"column":105}}],"line":26},"19":{"loc":{"start":{"line":26,"column":42},"end":{"line":26,"column":73}},"type":"binary-expr","locations":[{"start":{"line":26,"column":42},"end":{"line":26,"column":54}},{"start":{"line":26,"column":58},"end":{"line":26,"column":73}}],"line":26},"20":{"loc":{"start":{"line":27,"column":20},"end":{"line":27,"column":106}},"type":"if","locations":[{"start":{"line":27,"column":20},"end":{"line":27,"column":106}},{"start":{"line":27,"column":20},"end":{"line":27,"column":106}}],"line":27},"21":{"loc":{"start":{"line":27,"column":24},"end":{"line":27,"column":77}},"type":"binary-expr","locations":[{"start":{"line":27,"column":24},"end":{"line":27,"column":35}},{"start":{"line":27,"column":40},"end":{"line":27,"column":42}},{"start":{"line":27,"column":47},"end":{"line":27,"column":59}},{"start":{"line":27,"column":63},"end":{"line":27,"column":75}}],"line":27},"22":{"loc":{"start":{"line":28,"column":20},"end":{"line":28,"column":89}},"type":"if","locations":[{"start":{"line":28,"column":20},"end":{"line":28,"column":89}},{"start":{"line":28,"column":20},"end":{"line":28,"column":89}}],"line":28},"23":{"loc":{"start":{"line":28,"column":24},"end":{"line":28,"column":53}},"type":"binary-expr","locations":[{"start":{"line":28,"column":24},"end":{"line":28,"column":35}},{"start":{"line":28,"column":39},"end":{"line":28,"column":53}}],"line":28},"24":{"loc":{"start":{"line":29,"column":20},"end":{"line":29,"column":87}},"type":"if","locations":[{"start":{"line":29,"column":20},"end":{"line":29,"column":87}},{"start":{"line":29,"column":20},"end":{"line":29,"column":87}}],"line":29},"25":{"loc":{"start":{"line":29,"column":24},"end":{"line":29,"column":43}},"type":"binary-expr","locations":[{"start":{"line":29,"column":24},"end":{"line":29,"column":25}},{"start":{"line":29,"column":29},"end":{"line":29,"column":43}}],"line":29},"26":{"loc":{"start":{"line":30,"column":20},"end":{"line":30,"column":42}},"type":"if","locations":[{"start":{"line":30,"column":20},"end":{"line":30,"column":42}},{"start":{"line":30,"column":20},"end":{"line":30,"column":42}}],"line":30},"27":{"loc":{"start":{"line":35,"column":8},"end":{"line":35,"column":35}},"type":"if","locations":[{"start":{"line":35,"column":8},"end":{"line":35,"column":35}},{"start":{"line":35,"column":8},"end":{"line":35,"column":35}}],"line":35},"28":{"loc":{"start":{"line":35,"column":52},"end":{"line":35,"column":74}},"type":"cond-expr","locations":[{"start":{"line":35,"column":60},"end":{"line":35,"column":65}},{"start":{"line":35,"column":68},"end":{"line":35,"column":74}}],"line":35},"29":{"loc":{"start":{"line":49,"column":16},"end":{"line":77,"column":17}},"type":"switch","locations":[{"start":{"line":50,"column":20},"end":{"line":73,"column":32}},{"start":{"line":74,"column":20},"end":{"line":76,"column":54}}],"line":49},"30":{"loc":{"start":{"line":85,"column":16},"end":{"line":116,"column":17}},"type":"switch","locations":[{"start":{"line":86,"column":20},"end":{"line":112,"column":32}},{"start":{"line":113,"column":20},"end":{"line":115,"column":54}}],"line":85},"31":{"loc":{"start":{"line":124,"column":16},"end":{"line":135,"column":17}},"type":"switch","locations":[{"start":{"line":125,"column":20},"end":{"line":131,"column":28}},{"start":{"line":132,"column":20},"end":{"line":134,"column":46}}],"line":124}},"s":{"0":1,"1":12,"2":12,"3":12,"4":12,"5":12,"6":0,"7":0,"8":0,"9":0,"10":24,"11":12,"12":1,"13":12,"14":12,"15":0,"16":12,"17":12,"18":0,"19":36,"20":24,"21":24,"22":0,"23":24,"24":48,"25":48,"26":0,"27":48,"28":0,"29":48,"30":24,"31":24,"32":12,"33":12,"34":0,"35":0,"36":0,"37":0,"38":0,"39":0,"40":0,"41":12,"42":12,"43":12,"44":0,"45":0,"46":0,"47":0,"48":0,"49":0,"50":0,"51":0,"52":0,"53":0,"54":0,"55":0,"56":0,"57":0,"58":0,"59":24,"60":0,"61":0,"62":48,"63":12,"64":0,"65":12,"66":1,"67":1,"68":1,"69":1,"70":1,"71":1,"72":4,"73":4,"74":8,"75":4,"76":4,"77":4,"78":4,"79":1,"80":2,"81":2,"82":4,"83":2,"84":2,"85":2,"86":2,"87":1,"88":6,"89":6,"90":12,"91":6,"92":6,"93":6,"94":1,"95":1},"f":{"0":12,"1":12,"2":12,"3":12,"4":12,"5":0,"6":24,"7":12,"8":12,"9":0,"10":36,"11":24,"12":24,"13":1,"14":2,"15":4,"16":4,"17":8,"18":2,"19":2,"20":4,"21":6,"22":6,"23":12},"b":{"0":[1,1,1],"1":[0,12],"2":[12,12],"3":[12,12],"4":[12,12],"5":[1,1,1],"6":[0,12],"7":[12,12],"8":[0,24],"9":[0,48],"10":[48,0,0],"11":[0,0],"12":[0,0],"13":[0,0],"14":[0,0],"15":[0,48],"16":[24,24,12,0,0,12],"17":[12,0],"18":[12,12,12],"19":[12,0],"20":[0,0],"21":[0,0,0,0],"22":[0,0],"23":[0,0],"24":[0,0],"25":[0,0],"26":[0,0],"27":[0,12],"28":[12,0],"29":[4,4],"30":[2,2],"31":[6,6]},"inputSourceMap":{"version":3,"file":"E:/angular/workspace/sofadognewapi/src/repositories/feed_repository.ts","sources":["E:/angular/workspace/sofadognewapi/src/repositories/feed_repository.ts"],"names":[],"mappings":";;;;;;;;;;;;;;;;;;;;;;;;;;;;;;;;;;;;;;;AAAA,yCAA0D;AAG1D,IAAM,MAAM,GAAG,IAAI,qBAAY,EAAE,CAAA;AAEjC;IAAA;IAmEA,CAAC;IAlES,4BAAG,GAAT,UAAU,SAAsB;;;;;;wBAC5B,IAAI,CAAC,gBAAgB,CAAC,SAAS,CAAC,CAAC;wBAClB,qBAAM,MAAM,CAAC,KAAK,CAAC,QAAQ,CAAC;gCACvC,KAAK,EAAE;oCACH,SAAS,EAAE,IAAI;iCAClB;gCACD,MAAM,EAAE;oCACJ,EAAE,EAAE,IAAI;oCACR,QAAQ,EAAE,IAAI;oCACd,OAAO,EAAE,IAAI;oCACb,GAAG,EAAE,IAAI;oCACT,SAAS,EAAE,IAAI;oCACf,UAAU,EAAE;wCACR,MAAM,EAAE;4CACJ,EAAE,EAAE,IAAI;yCACX;qCACJ;oCACD,OAAO,EAAE,IAAI;oCACb,KAAK,EAAE,IAAI;iCACd;gCACD,OAAO,EAAE;oCACL,OAAO,EAAE,MAAM;iCAClB;6BACJ,CAAC,EAAA;;wBArBI,MAAM,GAAG,SAqBb;wBACF,sBAAO,MAAM,EAAA;;;;KAChB;IAEK,uCAAc,GAApB,UAAqB,UAAuB;;;;;;wBACxC,IAAI,CAAC,gBAAgB,CAAC,UAAU,CAAC,CAAC;wBACnB,qBAAM,MAAM,CAAC,KAAK,CAAC,QAAQ,CAAC;gCACvC,KAAK,EAAE;oCACH,SAAS,EAAE,IAAI;oCACf,OAAO,EAAE;wCACL,EAAE,EAAE,UAAU,CAAC,OAAO;qCACzB;iCACJ;gCACD,MAAM,EAAE;oCACJ,EAAE,EAAE,IAAI;oCACR,QAAQ,EAAE,IAAI;oCACd,OAAO,EAAE,IAAI;oCACb,GAAG,EAAE,IAAI;oCACT,SAAS,EAAE,IAAI;oCACf,UAAU,EAAE;wCACR,MAAM,EAAE;4CACJ,EAAE,EAAE,IAAI;yCACX;qCACJ;oCACD,OAAO,EAAE,IAAI;oCACb,KAAK,EAAE,IAAI;iCACd;gCACD,OAAO,EAAE;oCACL,OAAO,EAAE,MAAM;iCAClB;6BACJ,CAAC,EAAA;;wBAxBI,MAAM,GAAG,SAwBb;wBACF,sBAAO,MAAM,EAAA;;;;KAChB;IAEK,yCAAgB,GAAtB,UAAuB,UAAuB;;;;;4BAC3B,qBAAM,MAAM,CAAC,WAAW,CAAC,MAAM,CAAC;4BAC3C,IAAI,EAAE;gCACF,IAAI,EAAE,UAAU,CAAC,IAAI;gCACrB,MAAM,EAAE,MAAM,CAAC,UAAU,CAAC,MAAM,CAAC;gCACjC,EAAE,EAAE,UAAU,CAAC,EAAE;6BACpB;yBACJ,CAAC,EAAA;;wBANI,MAAM,GAAG,SAMb;;;;;KACL;IACL,qBAAC;AAAD,CAAC,AAnED,IAmEC;AAnEY,wCAAc","sourcesContent":["import { PrismaClient, refresh_log } from '@prisma/client'\r\nimport { IRefreshLog } from '../model'\r\n\r\nconst prisma = new PrismaClient()\r\n\r\nexport class FeedRepository {\r\n    async get(refrshLog: IRefreshLog) {\r\n        this.save_refresh_log(refrshLog);\r\n        const result = await prisma.feeds.findMany({\r\n            where: {\r\n                published: true\r\n            },\r\n            select: {\r\n                id: true,\r\n                enqueued: true,\r\n                ordinal: true,\r\n                url: true,\r\n                published: true,\r\n                categories: {\r\n                    select: {\r\n                        id: true\r\n                    }\r\n                },\r\n                credits: true,\r\n                title: true\r\n            },\r\n            orderBy: {\r\n                ordinal: 'desc'\r\n            }\r\n        })\r\n        return result\r\n    }\r\n\r\n    async get_gt_ordinal(refreshLog: IRefreshLog) {\r\n        this.save_refresh_log(refreshLog);\r\n        const result = await prisma.feeds.findMany({\r\n            where: {\r\n                published: true,\r\n                ordinal: {\r\n                    gt: refreshLog.ordinal\r\n                },\r\n            },\r\n            select: {\r\n                id: true,\r\n                enqueued: true,\r\n                ordinal: true,\r\n                url: true,\r\n                published: true,\r\n                categories: {\r\n                    select: {\r\n                        id: true\r\n                    }\r\n                },\r\n                credits: true,\r\n                title: true\r\n            },\r\n            orderBy: {\r\n                ordinal: 'desc'\r\n            }\r\n        })\r\n        return result\r\n    }\r\n\r\n    async save_refresh_log(refreshLog: IRefreshLog) {\r\n        const result = await prisma.refresh_log.create({\r\n            data: {\r\n                uuid: refreshLog.uuid,\r\n                height: Number(refreshLog.height),\r\n                os: refreshLog.os\r\n            },\r\n        })\r\n    }\r\n}"]},"_coverageSchema":"1a1c01bbd47fc00a2c39e90264f33305004495a9","hash":"c30966320d93c1d300c88accc766de071edef933"},"E:\\angular\\workspace\\sofadognewapi\\test\\categorycontroller.spec.ts":{"path":"E:\\angular\\workspace\\sofadognewapi\\test\\categorycontroller.spec.ts","statementMap":{"0":{"start":{"line":2,"column":22},"end":{"line":4,"column":1}},"1":{"start":{"line":3,"column":4},"end":{"line":3,"column":62}},"2":{"start":{"line":5,"column":0},"end":{"line":5,"column":62}},"3":{"start":{"line":6,"column":13},"end":{"line":6,"column":45}},"4":{"start":{"line":7,"column":18},"end":{"line":7,"column":55}},"5":{"start":{"line":8,"column":0},"end":{"line":8,"column":40}},"6":{"start":{"line":9,"column":13},"end":{"line":9,"column":36}},"7":{"start":{"line":10,"column":13},"end":{"line":10,"column":34}},"8":{"start":{"line":11,"column":13},"end":{"line":11,"column":37}},"9":{"start":{"line":12,"column":0},"end":{"line":50,"column":3}},"10":{"start":{"line":13,"column":4},"end":{"line":23,"column":7}},"11":{"start":{"line":14,"column":8},"end":{"line":22,"column":11}},"12":{"start":{"line":17,"column":12},"end":{"line":18,"column":26}},"13":{"start":{"line":18,"column":16},"end":{"line":18,"column":26}},"14":{"start":{"line":19,"column":12},"end":{"line":19,"column":45}},"15":{"start":{"line":20,"column":12},"end":{"line":20,"column":46}},"16":{"start":{"line":21,"column":12},"end":{"line":21,"column":19}},"17":{"start":{"line":24,"column":4},"end":{"line":34,"column":7}},"18":{"start":{"line":25,"column":8},"end":{"line":33,"column":11}},"19":{"start":{"line":28,"column":12},"end":{"line":29,"column":26}},"20":{"start":{"line":29,"column":16},"end":{"line":29,"column":26}},"21":{"start":{"line":30,"column":12},"end":{"line":30,"column":45}},"22":{"start":{"line":31,"column":12},"end":{"line":31,"column":48}},"23":{"start":{"line":32,"column":12},"end":{"line":32,"column":19}},"24":{"start":{"line":35,"column":4},"end":{"line":49,"column":7}},"25":{"start":{"line":36,"column":8},"end":{"line":48,"column":11}},"26":{"start":{"line":39,"column":12},"end":{"line":40,"column":26}},"27":{"start":{"line":40,"column":16},"end":{"line":40,"column":26}},"28":{"start":{"line":41,"column":12},"end":{"line":41,"column":45}},"29":{"start":{"line":42,"column":12},"end":{"line":42,"column":31}},"30":{"start":{"line":43,"column":12},"end":{"line":43,"column":42}},"31":{"start":{"line":44,"column":12},"end":{"line":44,"column":51}},"32":{"start":{"line":45,"column":12},"end":{"line":45,"column":55}},"33":{"start":{"line":46,"column":12},"end":{"line":46,"column":54}},"34":{"start":{"line":47,"column":12},"end":{"line":47,"column":19}}},"fnMap":{"0":{"name":"(anonymous_0)","decl":{"start":{"line":2,"column":56},"end":{"line":2,"column":57}},"loc":{"start":{"line":2,"column":71},"end":{"line":4,"column":1}},"line":2},"1":{"name":"(anonymous_1)","decl":{"start":{"line":12,"column":46},"end":{"line":12,"column":47}},"loc":{"start":{"line":12,"column":58},"end":{"line":50,"column":1}},"line":12},"2":{"name":"(anonymous_2)","decl":{"start":{"line":13,"column":33},"end":{"line":13,"column":34}},"loc":{"start":{"line":13,"column":49},"end":{"line":23,"column":5}},"line":13},"3":{"name":"(anonymous_3)","decl":{"start":{"line":16,"column":17},"end":{"line":16,"column":18}},"loc":{"start":{"line":16,"column":37},"end":{"line":22,"column":9}},"line":16},"4":{"name":"(anonymous_4)","decl":{"start":{"line":24,"column":31},"end":{"line":24,"column":32}},"loc":{"start":{"line":24,"column":47},"end":{"line":34,"column":5}},"line":24},"5":{"name":"(anonymous_5)","decl":{"start":{"line":27,"column":17},"end":{"line":27,"column":18}},"loc":{"start":{"line":27,"column":37},"end":{"line":33,"column":9}},"line":27},"6":{"name":"(anonymous_6)","decl":{"start":{"line":35,"column":61},"end":{"line":35,"column":62}},"loc":{"start":{"line":35,"column":77},"end":{"line":49,"column":5}},"line":35},"7":{"name":"(anonymous_7)","decl":{"start":{"line":38,"column":17},"end":{"line":38,"column":18}},"loc":{"start":{"line":38,"column":37},"end":{"line":48,"column":9}},"line":38}},"branchMap":{"0":{"loc":{"start":{"line":2,"column":22},"end":{"line":4,"column":1}},"type":"binary-expr","locations":[{"start":{"line":2,"column":23},"end":{"line":2,"column":27}},{"start":{"line":2,"column":31},"end":{"line":2,"column":51}},{"start":{"line":2,"column":56},"end":{"line":4,"column":1}}],"line":2},"1":{"loc":{"start":{"line":3,"column":11},"end":{"line":3,"column":61}},"type":"cond-expr","locations":[{"start":{"line":3,"column":37},"end":{"line":3,"column":40}},{"start":{"line":3,"column":43},"end":{"line":3,"column":61}}],"line":3},"2":{"loc":{"start":{"line":3,"column":12},"end":{"line":3,"column":33}},"type":"binary-expr","locations":[{"start":{"line":3,"column":12},"end":{"line":3,"column":15}},{"start":{"line":3,"column":19},"end":{"line":3,"column":33}}],"line":3},"3":{"loc":{"start":{"line":17,"column":12},"end":{"line":18,"column":26}},"type":"if","locations":[{"start":{"line":17,"column":12},"end":{"line":18,"column":26}},{"start":{"line":17,"column":12},"end":{"line":18,"column":26}}],"line":17},"4":{"loc":{"start":{"line":28,"column":12},"end":{"line":29,"column":26}},"type":"if","locations":[{"start":{"line":28,"column":12},"end":{"line":29,"column":26}},{"start":{"line":28,"column":12},"end":{"line":29,"column":26}}],"line":28},"5":{"loc":{"start":{"line":39,"column":12},"end":{"line":40,"column"
[...]
":{"start":{"line":29,"column":24},"end":{"line":29,"column":43}},"type":"binary-expr","locations":[{"start":{"line":29,"column":24},"end":{"line":29,"column":25}},{"start":{"line":29,"column":29},"end":{"line":29,"column":43}}],"line":29},"26":{"loc":{"start":{"line":30,"column":20},"end":{"line":30,"column":42}},"type":"if","locations":[{"start":{"line":30,"column":20},"end":{"line":30,"column":42}},{"start":{"line":30,"column":20},"end":{"line":30,"column":42}}],"line":30},"27":{"loc":{"start":{"line":35,"column":8},"end":{"line":35,"column":35}},"type":"if","locations":[{"start":{"line":35,"column":8},"end":{"line":35,"column":35}},{"start":{"line":35,"column":8},"end":{"line":35,"column":35}}],"line":35},"28":{"loc":{"start":{"line":35,"column":52},"end":{"line":35,"column":74}},"type":"cond-expr","locations":[{"start":{"line":35,"column":60},"end":{"line":35,"column":65}},{"start":{"line":35,"column":68},"end":{"line":35,"column":74}}],"line":35},"29":{"loc":{"start":{"line":48,"column":16},"end":{"line":60,"column":17}},"type":"switch","locations":[{"start":{"line":49,"column":20},"end":{"line":55,"column":77}},{"start":{"line":56,"column":20},"end":{"line":59,"column":46}}],"line":48},"30":{"loc":{"start":{"line":68,"column":16},"end":{"line":81,"column":17}},"type":"switch","locations":[{"start":{"line":69,"column":20},"end":{"line":76,"column":77}},{"start":{"line":77,"column":20},"end":{"line":80,"column":46}}],"line":68}},"s":{"0":1,"1":2,"2":0,"3":2,"4":2,"5":2,"6":0,"7":0,"8":0,"9":0,"10":4,"11":2,"12":1,"13":2,"14":2,"15":0,"16":2,"17":2,"18":0,"19":6,"20":4,"21":4,"22":0,"23":4,"24":8,"25":8,"26":0,"27":8,"28":0,"29":8,"30":4,"31":4,"32":2,"33":2,"34":0,"35":0,"36":0,"37":0,"38":0,"39":0,"40":0,"41":2,"42":2,"43":2,"44":0,"45":0,"46":0,"47":0,"48":0,"49":0,"50":0,"51":0,"52":0,"53":0,"54":0,"55":0,"56":0,"57":0,"58":0,"59":4,"60":0,"61":0,"62":8,"63":2,"64":0,"65":2,"66":1,"67":1,"68":1,"69":1,"70":1,"71":1,"72":1,"73":1,"74":1,"75":2,"76":1,"77":1,"78":1,"79":1,"80":1,"81":1,"82":1,"83":1,"84":2,"85":1,"86":1,"87":1,"88":1,"89":1},"f":{"0":2,"1":2,"2":0,"3":2,"4":2,"5":0,"6":4,"7":2,"8":2,"9":0,"10":6,"11":4,"12":4,"13":1,"14":1,"15":1,"16":2,"17":1,"18":1,"19":2},"b":{"0":[1,1,1],"1":[2,0],"2":[2,2],"3":[2,2],"4":[2,2],"5":[1,1,1],"6":[0,2],"7":[2,2],"8":[0,4],"9":[0,8],"10":[8,0,0],"11":[0,0],"12":[0,0],"13":[0,0],"14":[0,0],"15":[0,8],"16":[4,4,2,0,0,2],"17":[2,0],"18":[2,2,2],"19":[2,0],"20":[0,0],"21":[0,0,0,0],"22":[0,0],"23":[0,0],"24":[0,0],"25":[0,0],"26":[0,0],"27":[0,2],"28":[2,0],"29":[1,1],"30":[1,1]},"inputSourceMap":{"version":3,"file":"E:/angular/workspace/sofadognewapi/test/feed.spec.ts","sources":["E:/angular/workspace/sofadognewapi/test/feed.spec.ts"],"names":[],"mappings":";;;;;;;;;;;;;;;;;;;;;;;;;;;;;;;;;;;;;;AAAA,6BAA4B;AAC5B,+BAAiC;AACjC,mDAA0D;AAI1D,IAAI,cAAc,GAAG,IAAI,sBAAc,EAAE,CAAC;AAC1C,gBAAQ,CAAC,kBAAkB,EAAC;IAExB,EAAE,CAAC,uBAAuB,EAAC;;;;;;wBACnB,UAAU,GAAgB;4BAC1B,IAAI,EAAE,eAAe;4BACrB,EAAE,EAAE,KAAK;4BACT,MAAM,EAAC,IAAI;yBACd,CAAC;wBACa,qBAAM,cAAc,CAAC,GAAG,CAAC,UAAU,CAAC,EAAA;;wBAA7C,MAAM,GAAG,SAAoC;wBACnD,aAAM,CAAC,MAAM,CAAC,CAAC,EAAE,CAAC,EAAE,CAAC,EAAE,CAAC,OAAO,CAAC,CAAC;;;;;KACpC,CAAC,CAAC;IACH,EAAE,CAAC,8CAA8C,EAAC;;;;;;wBAC1C,UAAU,GAAgB;4BAC1B,IAAI,EAAE,eAAe;4BACrB,EAAE,EAAE,KAAK;4BACT,MAAM,EAAC,IAAI;4BACX,OAAO,EAAC,IAAI;yBACf,CAAC;wBACa,qBAAM,cAAc,CAAC,GAAG,CAAC,UAAU,CAAC,EAAA;;wBAA7C,MAAM,GAAG,SAAoC;wBACnD,aAAM,CAAC,MAAM,CAAC,CAAC,EAAE,CAAC,EAAE,CAAC,EAAE,CAAC,OAAO,CAAC,CAAC;;;;;KACpC,CAAC,CAAC;AACP,CAAC,CAAC,CAAC","sourcesContent":["import {expect} from 'chai';\r\nimport { describe } from 'mocha';\r\nimport { FeedRepository } from '../src/repositories/index'\r\nimport { IFeed } from '../src/model';\r\nimport { IRefreshLog } from '../src/model/';\r\n\r\nlet feedRepository = new FeedRepository();\r\ndescribe('Feed unit tesing',function(){\r\n\r\n    it('Feeds should be array',async function(){\r\n        let refreshLog: IRefreshLog = {\r\n            uuid: '231231adasdas',\r\n            os: 'IOS',\r\n            height:1212\r\n        };\r\n        const result = await feedRepository.get(refreshLog);\r\n        expect(result).to.be.an('array');\r\n    });\r\n    it('Feeds should be array and pass ordinal param',async function(){\r\n        let refreshLog: IRefreshLog = {\r\n            uuid: '231231adasdas',\r\n            os: 'IOS',\r\n            height:1212,\r\n            ordinal:1928\r\n        };\r\n        const result = await feedRepository.get(refreshLog);\r\n        expect(result).to.be.an('array');\r\n    });\r\n});"]},"_coverageSchema":"1a1c01bbd47fc00a2c39e90264f33305004495a9","hash":"6b63e6ea4be9805c6c48ad5016aba021b69b7334"},"E:\\angular\\workspace\\sofadognewapi\\test\\FeedController.spec.ts":{"path":"E:\\angular\\workspace\\sofadognewapi\\test\\FeedController.spec.ts","statementMap":{"0":{"start":{"line":2,"column":22},"end":{"line":4,"column":1}},"1":{"start":{"line":3,"column":4},"end":{"line":3,"column":62}},"2":{"start":{"line":5,"column":0},"end":{"line":5,"column":62}},"3":{"start":{"line":6,"column":13},"end":{"line":6,"column":45}},"4":{"start":{"line":7,"column":18},"end":{"line":7,"column":55}},"5":{"start":{"line":8,"column":0},"end":{"line":8,"column":40}},"6":{"start":{"line":9,"column":13},"end":{"line":9,"column":36}},"7":{"start":{"line":10,"column":13},"end":{"line":10,"column":34}},"8":{"start":{"line":11,"column":13},"end":{"line":11,"column":37}},"9":{"start":{"line":12,"column":0},"end":{"line":85,"column":3}},"10":{"start":{"line":13,"column":4},"end":{"line":23,"column":7}},"11":{"start":{"line":14,"column":8},"end":{"line":22,"column":11}},"12":{"start":{"line":17,"column":12},"end":{"line":18,"column":26}},"13":{"start":{"line":18,"column":16},"end":{"line":18,"column":26}},"14":{"start":{"line":19,"column":12},"end":{"line":19,"column":45}},"15":{"start":{"line":20,"column":12},"end":{"line":20,"column":46}},"16":{"start":{"line":21,"column":12},"end":{"line":21,"column":19}},"17":{"start":{"line":24,"column":4},"end":{"line":43,"column":7}},"18":{"start":{"line":25,"column":8},"end":{"line":42,"column":11}},"19":{"start":{"line":28,"column":12},"end":{"line":29,"column":26}},"20":{"start":{"line":29,"column":16},"end":{"line":29,"column":26}},"21":{"start":{"line":30,"column":12},"end":{"line":30,"column":45}},"22":{"start":{"line":31,"column":12},"end":{"line":31,"column":31}},"23":{"start":{"line":32,"column":12},"end":{"line":32,"column":42}},"24":{"start":{"line":33,"column":12},"end":{"line":33,"column":51}},"25":{"start":{"line":34,"column":12},"end":{"line":34,"column":57}},"26":{"start":{"line":35,"column":12},"end":{"line":35,"column":56}},"27":{"start":{"line":36,"column":12},"end":{"line":36,"column":52}},"28":{"start":{"line":37,"column":12},"end":{"line":37,"column":58}},"29":{"start":{"line":38,"column":12},"end":{"line":38,"column":59}},"30":{"start":{"line":39,"column":12},"end":{"line":39,"column":56}},"31":{"start":{"line":40,"column":12},"end":{"line":40,"column":54}},"32":{"start":{"line":41,"column":12},"end":{"line":41,"column":19}},"33":{"start":{"line":44,"column":4},"end":{"line":54,"column":7}},"34":{"start":{"line":45,"column":8},"end":{"line":53,"column":11}},"35":{"start":{"line":48,"column":12},"end":{"line":49,"column":26}},"36":{"start":{"line":49,"column":16},"end":{"line":49,"column":26}},"37":{"start":{"line":50,"column":12},"end":{"line":50,"column":45}},"38":{"start":{"line":51,"column":12},"end":{"line":51,"column":46}},"39":{"start":{"line":52,"column":12},"end":{"line":52,"column":19}},"40":{"start":{"line":55,"column":4},"end":{"line":74,"column":7}},"41":{"start":{"line":56,"column":8},"end":{"line":73,"column":11}},"42":{"start":{"line":59,"column":12},"end":{"line":60,"column":26}},"43":{"start":{"line":60,"column":16},"end":{"line":60,"column":26}},"44":{"start":{"line":61,"column":12},"end":{"line":61,"column":45}},"45":{"start":{"line":62,"column":12},"end":{"line":62,"column":31}},"46":{"start":{"line":63,"column":12},"end":{"line":63,"column":42}},"47":{"start":{"line":64,"column":12},"end":{"line":64,"column":51}},"48":{"start":{"line":65,"column":12},"end":{"line":65,"column":57}},"49":{"start":{"line":66,"column":12},"end":{"line":66,"column":56}},"50":{"start":{"line":67,"column":12},"end":{"line":67,"column":52}},"51":{"start":{"line":68,"column":12},"end":{"line":68,"column":58}},"52":{"start":{"line":69,"column":12},"end":{"line":69,"column":59}},"53":{"start":{"line":70,"column":12},"end":{"line":70,"column":56}},"54":{"start":{"line":71,"column":12},"end":{"line":71,"column":54}},"55":{"start":{"line":72,"column":12},"end":{"line":72,"column":19}}},"fnMap":{"0":{"name":"(anonymous_0)","decl":{"start":{"line":2,"column":56},"end":{"line":2,"column":57}},"loc":{"start":{"line":2,"column":71},"end":{"line":4,"column":1}},"line":2},"1":{"name":"(anonymous_1)","decl":{"start":{"line":12,"column":38},"end":{"line":12,"column":39}},"loc":{"start":{"line":12,"column":50},"end":{"line":85,"column":1}},"line":12},"2":{"name":"(anonymous_2)","decl":{"start":{"line":13,"column":51},"end":{"line":13,"column":52}},"loc":{"start":{"line":13,"column":67},"end":{"line":23,"column":5}},"line":13},"3":{"name":"(anonymous_3)","decl":{"start":{"line":16,"column":17},"end":{"line":16,"column":18}},"loc":{"start":{"line":16,"column":37},"end":{"line":22,"column":9}},"line":16},"4":{"name":"(anonymous_4)","decl":{"start":{"line":24,"column":102},"end":{"line":24,"column":103}},"loc":{"start":{"line":24,"column":118},"end":{"line":43,"column":5}},"line":24},"5":{"name":"(anonymous_5)","decl":{"start":{"line":27,"column":17},"end":{"line":27,"column":18}},"loc":{"start":{"line":27,"column":37},"end":{"line":42,"column":9}},"line":27},"6":{"name":"(anonymous_6)","decl":{"start":{"line":44,"column":64},"end":{"line":44,"column":65}},"loc":{"start":{"line":44,"column":80},"end":{"line":54,"column":5}},"line":44},"7":{"name":"(anonymous_7)","decl":{"start":{"line":47,"column":17},"end":{"line":47,"column":18}},"loc":{"start":{"line":47,"column":37},"end":{"line":53,"column":9}},"line":47},"8":{"name":"(anonymous_8)","decl":{"start":{"line":55,"column":102},"end":{"line":55,"column":103}},"loc":{"start":{"line":55,"column":118},"end":{"line":74,"column":5}},"line":55},"9":{"name":"(anonymous_9)","decl":{"start":{"line":58,"column":17},"end":{"line":58,"column":18}},"loc":{"start":{"line":58,"column":37},"end":{"line":73,"column":9}},"line":58}},"branchMap":{"0":{"loc":{"start":{"line":2,"column":22},"end":{"line":4,"column":1}},"type":"binary-expr","locations":[{"start":{"line":2,"column":23},"end":{"line":2,"column":27}},{"start":{"line":2,"column":31},"end":{"line":2,"column":51}},{"start":{"line":2,"column":56},"end":{"line":4,"column":1}}],"line":2},"1":{"loc":{"start":{"line":3,"column":11},"end":{"line":3,"column":61}},"type":"cond-expr","locations":[{"start":{"line":3,"column":37},"end":{"line":3,"column":40}},{"start":{"line":3,"column":43},"end":{"line":3,"column":61}}],"line":3},"2":{"loc":{"start":{"line":3,"column":12},"end":{"line":3,"column":33}},"type":"binary-expr","locations":[{"start":{"line":3,"column":12},"end":{"line":3,"column":15}},{"start":{"line":3,"column":19},"end":{"line":3,"column":33}}],"line":3},"3":{"loc":{"start":{"line":17,"column":12},"end":{"line":18,"column":26}},"type":"if","locations":[{"start":{"line":17,"column":12},"end":{"line":18,"column":26}},{"start":{"line":17,"column":12},"end":{"line":18,"column":26}}],"line":17},"4":{"loc":{"start":{"line":28,"column":12},"end":{"line":29,"column":26}},"type":"if","locations":[{"start":{"line":28,"column":12},"end":{"line":29,"column":26}},{"start":{"line":28,"column":12},"end":{"line":29,"column":26}}],"line":28},"5":{"loc":{"start":{"line":48,"column":12},"end":{"line":49,"column":26}},"type":"if","locations":[{"start":{"line":48,"column":12},"end":{"line":49,"column":26}},{"start":{"line":48,"column":12},"end":{"line":49,"column":26}}],"line":48},"6":{"loc":{"start":{"line":59,"column":12},"end":{"line":60,"column":26}},"type":"if","locations":[{"start":{"line":59,"column":12},"end":{"line":60,"column":26}},{"start":{"line":59,"column":12},"end":{"line":60,"column":26}}],"line":59}},"s":{"0":1,"1":2,"2":1,"3":1,"4":1,"5":1,"6":1,"7":1,"8":1,"9":1,"10":1,"11":1,"12":1,"13":0,"14":1,"15":1,"16":1,"17":1,"18":1,"19":1,"20":0,"21":1,"22":1,"23":1,"24":1,"25":1,"26":1,"27":1,"28":1,"29":1,"30":1,"31":1,"32":1,"33":1,"34":1,"35":1,"36":0,"37":1,"38":1,"39":1,"40":1,"41":1,"42":1,"43":0,"44":1,"45":1,"46":1,"47":1,"48":1,"49":1,"50":1,"51":1,"52":1,"53":1,"54":1,"55":1},"f":{"0":2,"1":1,"2":1,"3":1,"4":1,"5":1,"6":1,"7":1,"8":1,"9":1},"b":{"0":[1,1,1],"1":[0,2],"2":[2,2],"3":[0,1],"4":[0,1],"5":[0,1],"6":[0,1]},"inputSourceMap":{"version":3,"file":"E:/angular/workspace/sofadognewapi/test/FeedController.spec.ts","sources":["E:/angular/workspace/sofadognewapi/test/FeedController.spec.ts"],"names":[],"mappings":";;;;;AAAA,8CAAoC;AACpC,wDAAiC;AACjC,cAAI,CAAC,GAAG,CAAC,mBAAQ,CAAC,CAAC;AACnB,IAAI,MAAM,GAAG,cAAI,CAAC,MAAM,EAAE,CAAC;AAC3B,IAAM,MAAM,GAAG,cAAI,CAAC,MAAM,CAAC;AAC3B,IAAI,MAAM,GAAG,OAAO,CAAC,eAAe,CAAC,CAAA;AAErC,QAAQ,CAAC,2BAA2B,EAAE;IAElC,EAAE,CAAC,0CAA0C,EAAE,UAAS,IAAI;QACxD,cAAI,CAAC,OAAO,CAAC,uBAAuB,CAAC;aACpC,GAAG,CAAC,8BAA8B,CAAC;aACnC,GAAG,CAAC,UAAU,GAAG,EAAE,GAAG;YACnB,IAAI,GAAG;gBAAE,IAAI,CAAC,GAAG,CAAC,CAAC;YACnB,MAAM,CAAC,GAAG,CAAC,MAAM,CAAC,CAAC,EAAE,CAAC,KAAK,CAAC,GAAG,CAAC,CAAC;YACjC,MAAM,CAAC,GAAG,CAAC,IAAI,CAAC,CAAC,EAAE,CAAC,EAAE,CAAC,CAAC,CAAC,OAAO,CAAC,CAAA;YACjC,IAAI,EAAE,CAAA;QACV,CAAC,CAAC,CAAA;IACN,CAAC,CAAC,CAAC;IAEH,EAAE,CAAC,6FAA6F,EAAE,UAAS,IAAI;QAC3G,cAAI,CAAC,OAAO,CAAC,uBAAuB,CAAC;aACpC,GAAG,CAAC,8BAA8B,CAAC;aACnC,GAAG,CAAC,UAAU,GAAG,EAAE,GAAG;YACnB,IAAI,GAAG;gBAAE,IAAI,CAAC,GAAG,CAAC,CAAC;YACnB,MAAM,CAAC,GAAG,CAAC,MAAM,CAAC,CAAC,EAAE,CAAC,KAAK,CAAC,GAAG,CAAC,CAAC;YACjC,GAAG,CAAC,MAAM,CAAC,EAAE,CAAC,IAAI,CAAC;YACnB,GAAG,CAAC,IAAI,CAAC,MAAM,CAAC,EAAE,CAAC,CAAC,CAAC,OAAO,CAAC,CAAC;YAC9B,GAAG,CAAC,IAAI,CAAC,CAAC,CAAC,CAAC,MAAM,CAAC,IAAI,CAAC,QAAQ,CAAC,IAAI,CAAC,CAAC;YACvC,GAAG,CAAC,IAAI,CAAC,CAAC,CAAC,CAAC,MAAM,CAAC,IAAI,CAAC,QAAQ,CAAC,UAAU,CAAC,CAAC;YAC7C,GAAG,CAAC,IAAI,CAAC,CAAC,CAAC,CAAC,MAAM,CAAC,IAAI,CAAC,QAAQ,CAAC,SAAS,CAAC,CAAC;YAC5C,GAAG,CAAC,IAAI,CAAC,CAAC,CAAC,CAAC,MAAM,CAAC,IAAI,CAAC,QAAQ,CAAC,KAAK,CAAC,CAAC;YACxC,GAAG,CAAC,IAAI,CAAC,CAAC,CAAC,CAAC,MAAM,CAAC,IAAI,CAAC,QAAQ,CAAC,WAAW,CAAC,CAAC;YAC9C,GAAG,CAAC,IAAI,CAAC,CAAC,CAAC,CAAC,MAAM,CAAC,IAAI,CAAC,QAAQ,CAAC,YAAY,CAAC,CAAC;YAC/C,GAAG,CAAC,IAAI,CAAC,CAAC,CAAC,CAAC,MAAM,CAAC,IAAI,CAAC,QAAQ,CAAC,SAAS,CAAC,CAAC;YAC5C,GAAG,CAAC,IAAI,CAAC,CAAC,CAAC,CAAC,MAAM,CAAC,IAAI,CAAC,QAAQ,CAAC,OAAO,CAAC,CAAC;YAC1C,IAAI,EAAE,CAAA;QACV,CAAC,CAAC,CAAA;IACN,CAAC,CAAC,CAAC;IAEH,EAAE,CAAC,uDAAuD,EAAE,UAAS,IAAI;QACrE,cAAI,CAAC,OAAO,CAAC,uBAAuB,CAAC;aACpC,GAAG,CAAC,mCAAmC,CAAC;aACxC,GAAG,CAAC,UAAU,GAAG,EAAE,GAAG;YACnB,IAAI,GAAG;gBAAE,IAAI,CAAC,GAAG,CAAC,CAAC;YACnB,MAAM,CAAC,GAAG,CAAC,MAAM,CAAC,CAAC,EAAE,CAAC,KAAK,CAAC,GAAG,CAAC,CAAC;YACjC,MAAM,CAAC,GAAG,CAAC,IAAI,CAAC,CAAC,EAAE,CAAC,EAAE,CAAC,CAAC,CAAC,OAAO,CAAC,CAAA;YACjC,IAAI,EAAE,CAAA;QACV,CAAC,CAAC,CAAA;IACN,CAAC,CAAC,CAAC;IAEH,EAAE,CAAC,6FAA6F,EAAE,UAAS,IAAI;QAC3G,cAAI,CAAC,OAAO,CAAC,uBAAuB,CAAC;aACpC,GAAG,CAAC,mCAAmC,CAAC;aACxC,GAAG,CAAC,UAAU,GAAG,EAAE,GAAG;YACnB,IAAI,GAAG;gBAAE,IAAI,CAAC,GAAG,CAAC,CAAC;YACnB,MAAM,CAAC,GAAG,CAAC,MAAM,CAAC,CAAC,EAAE,CAAC,KAAK,CAAC,GAAG,CAAC,CAAC;YACjC,GAAG,CAAC,MAAM,CAAC,EAAE,CAAC,IAAI,CAAC;YACnB,GAAG,CAAC,IAAI,CAAC,MAAM,CAAC,EAAE,CAAC,CAAC,CAAC,OAAO,CAAC,CAAC;YAC9B,GAAG,CAAC,IAAI,CAAC,CAAC,CAAC,CAAC,MAAM,CAAC,IAAI,CAAC,QAAQ,CAAC,IAAI,CAAC,CAAC;YACvC,GAAG,CAAC,IAAI,CAAC,CAAC,CAAC,CAAC,MAAM,CAAC,IAAI,CAAC,QAAQ,CAAC,UAAU,CAAC,CAAC;YAC7C,GAAG,CAAC,IAAI,CAAC,CAAC,CAAC,CAAC,MAAM,CAAC,IAAI,CAAC,QAAQ,CAAC,SAAS,CAAC,CAAC;YAC5C,GAAG,CAAC,IAAI,CAAC,CAAC,CAAC,CAAC,MAAM,CAAC,IAAI,CAAC,QAAQ,CAAC,KAAK,CAAC,CAAC;YACxC,GAAG,CAAC,IAAI,CAAC,CAAC,CAAC,CAAC,MAAM,CAAC,IAAI,CAAC,QAAQ,CAAC,WAAW,CAAC,CAAC;YAC9C,GAAG,CAAC,IAAI,CAAC,CAAC,CAAC,CAAC,MAAM,CAAC,IAAI,CAAC,QAAQ,CAAC,YAAY,CAAC,CAAC;YAC/C,GAAG,CAAC,IAAI,CAAC,CAAC,CAAC,CAAC,MAAM,CAAC,IAAI,CAAC,QAAQ,CAAC,SAAS,CAAC,CAAC;YAC5C,GAAG,CAAC,IAAI,CAAC,CAAC,CAAC,CAAC,MAAM,CAAC,IAAI,CAAC,QAAQ,CAAC,OAAO,CAAC,CAAC;YAC1C,IAAI,EAAE,CAAA;QACV,CAAC,CAAC,CAAA;IACN,CAAC,CAAC,CAAC;IAIH,kEAAkE;IAClE,4CAA4C;IAC5C,2CAA2C;IAC3C,iCAAiC;IACjC,8BAA8B;IAC9B,4CAA4C;IAC5C,gDAAgD;IAChD,iBAAiB;IACjB,SAAS;IACT,MAAM;AAGV,CAAC,CAAC,CAAC","sourcesContent":["import chai, { assert } from 'chai';\r\nimport chaiHttp from 'chai-http';\r\nchai.use(chaiHttp);\r\nvar should = chai.should();\r\nconst expect = chai.expect;\r\nlet server = require('../src/server')\r\n\r\ndescribe('Test Case Feed Controller', () => {\r\n\r\n    it(\"Feed should be return array, refresh API\", function(done) {\r\n        chai.request(\"http://localhost:3000\")\r\n        .get(\"/feed/ngrok1/667/ios/refresh\")\r\n        .end(function (err, res) {\r\n            if (err) done(err);\r\n            expect(res.status).to.equal(200);\r\n            expect(res.body).to.be.a('array')    \r\n            done()\r\n        })\r\n    });\r\n\r\n    it(\"should have following parameter id, enqueued,ordinal,url,published,categories,credits,title\", function(done) {\r\n        chai.request(\"http://localhost:3000\")\r\n        .get(\"/feed/ngrok1/667/ios/refresh\")\r\n        .end(function (err, res) {\r\n            if (err) done(err);\r\n            expect(res.status).to.equal(200);\r\n            res.should.be.json;\r\n            res.body.should.be.a('array');\r\n            res.body[0].should.have.property('id');\r\n            res.body[0].should.have.property('enqueued');\r\n            res.body[0].should.have.property('ordinal');\r\n            res.body[0].should.have.property('url');\r\n            res.body[0].should.have.property('published');\r\n            res.body[0].should.have.property('categories');\r\n            res.body[0].should.have.property('credits');\r\n            res.body[0].should.have.property('title');\r\n            done()\r\n        })\r\n    });\r\n\r\n    it(\"Feed should be return array, refresh API with ordinal\", function(done) {\r\n        chai.request(\"http://localhost:3000\")\r\n        .get(\"/feed/ngrok1/667/ios/refresh/2597\")\r\n        .end(function (err, res) {\r\n            if (err) done(err);\r\n            expect(res.status).to.equal(200);\r\n            expect(res.body).to.be.a('array')    \r\n            done()\r\n        })\r\n    });\r\n\r\n    it(\"should have following parameter id, enqueued,ordinal,url,published,categories,credits,title\", function(done) {\r\n        chai.request(\"http://localhost:3000\")\r\n        .get(\"/feed/ngrok1/667/ios/refresh/2597\")\r\n        .end(function (err, res) {\r\n            if (err) done(err);\r\n            expect(res.status).to.equal(200);\r\n            res.should.be.json;\r\n            res.body.should.be.a('array');\r\n            res.body[0].should.have.property('id');\r\n            res.body[0].should.have.property('enqueued');\r\n            res.body[0].should.have.property('ordinal');\r\n            res.body[0].should.have.property('url');\r\n            res.body[0].should.have.property('published');\r\n            res.body[0].should.have.property('categories');\r\n            res.body[0].should.have.property('credits');\r\n            res.body[0].should.have.property('title');\r\n            done()\r\n        })\r\n    });\r\n\r\n    \r\n    \r\n    // it(\"Feed should be return array, refresh API\", function(done) {\r\n    //     chai.request(\"http://localhost:3000\")\r\n    //     .get(\"/feed/ngrok1/667/ios/refresh\")\r\n    //     .end(function (err, res) {\r\n    //         if (err) done(err);\r\n    //         expect(res.status).to.equal(200);\r\n    //         expect(res.body).to.be.a('array')    \r\n    //         done()\r\n    //     })\r\n    // });\r\n\r\n    \r\n});"]},"_coverageSchema":"1a1c01bbd47fc00a2c39e90264f33305004495a9","hash":"1cdf315fb66ae2cda0c9d02af084035131cf7f5c"}}