TN:
SF:coverage\lcov-report\block-navigation.js
FN:2,init
FN:24,toggleClass
FN:31,makeCurrent
FN:41,goToPrevious
FN:52,goToNext
FN:65,jump
FNF:6
FNH:0
FNDA:0,init
FNDA:0,toggleClass
FNDA:0,makeCurrent
FNDA:0,goToPrevious
FNDA:0,goToNext
FNDA:0,jump
DA:2,0
DA:4,0
DA:7,0
DA:10,0
DA:14,0
DA:20,0
DA:25,0
DA:28,0
DA:32,0
DA:33,0
DA:34,0
DA:42,0
DA:43,0
DA:44,0
DA:45,0
DA:46,0
DA:49,0
DA:53,0
DA:55,0
DA:59,0
DA:62,0
DA:65,0
DA:66,0
DA:69,0
DA:70,0
DA:74,0
DA:75,0
DA:79,0
LF:28
LH:0
BRDA:43,0,0,0
BRDA:43,0,1,0
BRDA:43,1,0,0
BRDA:43,1,1,0
BRDA:45,2,0,0
BRDA:45,2,1,0
BRDA:55,3,0,0
BRDA:55,3,1,0
BRDA:56,4,0,0
BRDA:56,4,1,0
BRDA:66,5,0,0
BRDA:66,5,1,0
BRDA:66,5,2,0
BRDA:66,5,3,0
BRDA:66,5,4,0
BRF:15
BRH:0
end_of_record
TN:
SF:coverage\lcov-report\prettify.js
FN:2,(anonymous_0)
FN:2,k
FN:2,ab
FN:2,T
FN:2,X
FN:2,(anonymous_5)
FN:2,W
FN:2,(anonymous_7)
FN:2,a
FN:2,aa
FN:2,B
FN:2,o
FN:2,g
FN:2,(anonymous_13)
FN:2,(anonymous_14)
FN:2,i
FN:2,Q
FN:2,ae
FN:2,ad
FN:2,ai
FN:2,D
FN:2,c
FN:2,q
FN:2,d
FN:2,y
FN:2,b
FN:2,Y
FN:2,(anonymous_27)
FN:2,U
FNF:29
FNH:0
FNDA:0,(anonymous_0)
FNDA:0,k
FNDA:0,ab
FNDA:0,T
FNDA:0,X
FNDA:0,(anonymous_5)
FNDA:0,W
FNDA:0,(anonymous_7)
FNDA:0,a
FNDA:0,aa
FNDA:0,B
FNDA:0,o
FNDA:0,g
FNDA:0,(anonymous_13)
FNDA:0,(anonymous_14)
FNDA:0,i
FNDA:0,Q
FNDA:0,ae
FNDA:0,ad
FNDA:0,ai
FNDA:0,D
FNDA:0,c
FNDA:0,q
FNDA:0,d
FNDA:0,y
FNDA:0,b
FNDA:0,Y
FNDA:0,(anonymous_27)
FNDA:0,U
DA:2,0
LF:1
LH:0
BRDA:2,0,0,0
BRDA:2,0,1,0
BRDA:2,1,0,0
BRDA:2,1,1,0
BRDA:2,2,0,0
BRDA:2,2,1,0
BRDA:2,3,0,0
BRDA:2,3,1,0
BRDA:2,4,0,0
BRDA:2,4,1,0
BRDA:2,5,0,0
BRDA:2,5,1,0
BRDA:2,6,0,0
BRDA:2,6,1,0
BRDA:2,7,0,0
BRDA:2,7,1,0
BRDA:2,8,0,0
BRDA:2,8,1,0
BRDA:2,9,0,0
BRDA:2,9,1,0
BRDA:2,10,0,0
BRDA:2,10,1,0
BRDA:2,11,0,0
BRDA:2,11,1,0
BRDA:2,11,2,0
BRDA:2,11,3,0
BRDA:2,12,0,0
BRDA:2,12,1,0
BRDA:2,13,0,0
BRDA:2,13,1,0
BRDA:2,14,0,0
BRDA:2,14,1,0
BRDA:2,15,0,0
BRDA:2,15,1,0
BRDA:2,16,0,0
BRDA:2,16,1,0
BRDA:2,17,0,0
BRDA:2,17,1,0
BRDA:2,18,0,0
BRDA:2,18,1,0
BRDA:2,19,0,0
BRDA:2,19,1,0
BRDA:2,20,0,0
BRDA:2,20,1,0
BRDA:2,21,0,0
BRDA:2,21,1,0
BRDA:2,22,0,0
BRDA:2,22,1,0
BRDA:2,23,0,0
BRDA:2,23,1,0
BRDA:2,24,0,0
BRDA:2,24,1,0
BRDA:2,25,0,0
BRDA:2,25,1,0
BRDA:2,26,0,0
BRDA:2,26,1,0
BRDA:2,27,0,0
BRDA:2,27,1,0
BRDA:2,28,0,0
BRDA:2,28,1,0
BRDA:2,29,0,0
BRDA:2,29,1,0
BRDA:2,30,0,0
BRDA:2,30,1,0
BRDA:2,31,0,0
BRDA:2,31,1,0
BRDA:2,32,0,0
BRDA:2,32,1,0
BRDA:2,33,0,0
BRDA:2,33,1,0
BRDA:2,34,0,0
BRDA:2,34,1,0
BRDA:2,35,0,0
BRDA:2,35,1,0
BRDA:2,36,0,0
BRDA:2,36,1,0
BRDA:2,37,0,0
BRDA:2,37,1,0
BRDA:2,38,0,0
BRDA:2,38,1,0
BRDA:2,39,0,0
BRDA:2,39,1,0
BRDA:2,40,0,0
BRDA:2,40,1,0
BRDA:2,41,0,0
BRDA:2,41,1,0
BRDA:2,42,0,0
BRDA:2,42,1,0
BRDA:2,43,0,0
BRDA:2,43,1,0
BRDA:2,44,0,0
BRDA:2,44,1,0
BRDA:2,45,0,0
BRDA:2,45,1,0
BRDA:2,46,0,0
BRDA:2,46,1,0
BRDA:2,47,0,0
BRDA:2,47,1,0
BRDA:2,48,0,0
BRDA:2,48,1,0
BRDA:2,49,0,0
BRDA:2,49,1,0
BRDA:2,50,0,0
BRDA:2,50,1,0
BRDA:2,50,2,0
BRDA:2,51,0,0
BRDA:2,51,1,0
BRDA:2,52,0,0
BRDA:2,52,1,0
BRDA:2,53,0,0
BRDA:2,53,1,0
BRDA:2,54,0,0
BRDA:2,54,1,0
BRDA:2,55,0,0
BRDA:2,55,1,0
BRDA:2,56,0,0
BRDA:2,56,1,0
BRDA:2,57,0,0
BRDA:2,57,1,0
BRDA:2,58,0,0
BRDA:2,58,1,0
BRDA:2,59,0,0
BRDA:2,59,1,0
BRDA:2,60,0,0
BRDA:2,60,1,0
BRDA:2,61,0,0
BRDA:2,61,1,0
BRDA:2,62,0,0
BRDA:2,62,1,0
BRDA:2,63,0,0
BRDA:2,63,1,0
BRDA:2,64,0,0
BRDA:2,64,1,0
BRDA:2,65,0,0
BRDA:2,65,1,0
BRDA:2,66,0,0
BRDA:2,66,1,0
BRDA:2,67,0,0
BRDA:2,67,1,0
BRDA:2,68,0,0
BRDA:2,68,1,0
BRDA:2,69,0,0
BRDA:2,69,1,0
BRDA:2,70,0,0
BRDA:2,70,1,0
BRDA:2,71,0,0
BRDA:2,71,1,0
BRDA:2,72,0,0
BRDA:2,72,1,0
BRDA:2,73,0,0
BRDA:2,73,1,0
BRDA:2,74,0,0
BRDA:2,74,1,0
BRDA:2,75,0,0
BRDA:2,75,1,0
BRDA:2,76,0,0
BRDA:2,76,1,0
BRDA:2,77,0,0
BRDA:2,77,1,0
BRDA:2,78,0,0
BRDA:2,78,1,0
BRDA:2,79,0,0
BRDA:2,79,1,0
BRDA:2,80,0,0
BRDA:2,80,1,0
BRDA:2,81,0,0
BRDA:2,81,1,0
BRDA:2,82,0,0
BRDA:2,82,1,0
BRDA:2,83,0,0
BRDA:2,83,1,0
BRDA:2,84,0,0
BRDA:2,84,1,0
BRDA:2,85,0,0
BRDA:2,85,1,0
BRDA:2,86,0,0
BRDA:2,86,1,0
BRDA:2,87,0,0
BRDA:2,87,1,0
BRDA:2,88,0,0
BRDA:2,88,1,0
BRDA:2,89,0,0
BRDA:2,89,1,0
BRDA:2,89,2,0
BRDA:2,90,0,0
BRDA:2,90,1,0
BRDA:2,91,0,0
BRDA:2,91,1,0
BRDA:2,92,0,0
BRDA:2,92,1,0
BRDA:2,93,0,0
BRDA:2,93,1,0
BRDA:2,94,0,0
BRDA:2,94,1,0
BRDA:2,95,0,0
BRDA:2,95,1,0
BRDA:2,96,0,0
BRDA:2,96,1,0
BRDA:2,97,0,0
BRDA:2,97,1,0
BRDA:2,98,0,0
BRDA:2,98,1,0
BRDA:2,99,0,0
BRDA:2,99,1,0
BRDA:2,100,0,0
BRDA:2,100,1,0
BRDA:2,101,0,0
BRDA:2,101,1,0
BRDA:2,102,0,0
BRDA:2,102,1,0
BRDA:2,103,0,0
BRDA:2,103,1,0
BRDA:2,104,0,0
BRDA:2,104,1,0
BRDA:2,105,0,0
BRDA:2,105,1,0
BRDA:2,106,0,0
BRDA:2,106,1,0
BRDA:2,107,0,0
BRDA:2,107,1,0
BRDA:2,108,0,0
BRDA:2,108,1,0
BRDA:2,109,0,0
BRDA:2,109,1,0
BRDA:2,110,0,0
BRDA:2,110,1,0
BRDA:2,111,0,0
BRDA:2,111,1,0
BRDA:2,112,0,0
BRDA:2,112,1,0
BRDA:2,113,0,0
BRDA:2,113,1,0
BRDA:2,114,0,0
BRDA:2,114,1,0
BRDA:2,115,0,0
BRDA:2,115,1,0
BRDA:2,116,0,0
BRDA:2,116,1,0
BRDA:2,117,0,0
BRDA:2,117,1,0
BRDA:2,118,0,0
BRDA:2,118,1,0
BRDA:2,119,0,0
BRDA:2,119,1,0
BRDA:2,120,0,0
BRDA:2,120,1,0
BRDA:2,121,0,0
BRDA:2,121,1,0
BRDA:2,122,0,0
BRDA:2,122,1,0
BRDA:2,123,0,0
BRDA:2,123,1,0
BRDA:2,124,0,0
BRDA:2,124,1,0
BRDA:2,125,0,0
BRDA:2,125,1,0
BRDA:2,126,0,0
BRDA:2,126,1,0
BRDA:2,127,0,0
BRDA:2,127,1,0
BRDA:2,128,0,0
BRDA:2,128,1,0
BRDA:2,128,2,0
BRDA:2,129,0,0
BRDA:2,129,1,0
BRDA:2,130,0,0
BRDA:2,130,1,0
BRDA:2,131,0,0
BRDA:2,131,1,0
BRDA:2,131,2,0
BRDA:2,131,3,0
BRDA:2,131,4,0
BRDA:2,132,0,0
BRDA:2,132,1,0
BRDA:2,133,0,0
BRDA:2,133,1,0
BRDA:2,134,0,0
BRDA:2,134,1,0
BRDA:2,135,0,0
BRDA:2,135,1,0
BRDA:2,136,0,0
BRDA:2,136,1,0
BRDA:2,137,0,0
BRDA:2,137,1,0
BRDA:2,138,0,0
BRDA:2,138,1,0
BRF:286
BRH:0
end_of_record
TN:
SF:coverage\lcov-report\sorter.js
FN:2,(anonymous_0)
FN:11,getTable
FN:15,getTableHeader
FN:19,getTableBody
FN:23,getNthColumn
FN:28,loadColumns
FN:53,loadRowData
FN:72,loadData
FN:81,sortByIndex
FN:83,(anonymous_9)
FN:95,(anonymous_10)
FN:112,removeSortIndicators
FN:120,addSortIndicators
FN:126,enableUI
FN:129,ithSorter
FN:132,(anonymous_15)
FN:159,(anonymous_16)
FNF:17
FNH:0
FNDA:0,(anonymous_0)
FNDA:0,getTable
FNDA:0,getTableHeader
FNDA:0,getTableBody
FNDA:0,getNthColumn
FNDA:0,loadColumns
FNDA:0,loadRowData
FNDA:0,loadData
FNDA:0,sortByIndex
FNDA:0,(anonymous_9)
FNDA:0,(anonymous_10)
FNDA:0,removeSortIndicators
FNDA:0,addSortIndicators
FNDA:0,enableUI
FNDA:0,ithSorter
FNDA:0,(anonymous_15)
FNDA:0,(anonymous_16)
DA:2,0
DA:5,0
DA:12,0
DA:16,0
DA:20,0
DA:24,0
DA:29,0
DA:31,0
DA:35,0
DA:36,0
DA:37,0
DA:42,0
DA:43,0
DA:44,0
DA:45,0
DA:49,0
DA:54,0
DA:57,0
DA:60,0
DA:61,0
DA:62,0
DA:63,0
DA:64,0
DA:65,0
DA:67,0
DA:69,0
DA:73,0
DA:76,0
DA:77,0
DA:82,0
DA:83,0
DA:84,0
DA:85,0
DA:86,0
DA:88,0
DA:89,0
DA:90,0
DA:91,0
DA:94,0
DA:95,0
DA:96,0
DA:100,0
DA:101,0
DA:102,0
DA:105,0
DA:107,0
DA:108,0
DA:113,0
DA:114,0
DA:116,0
DA:117,0
DA:121,0
DA:129,0
DA:130,0
DA:132,0
DA:133,0
DA:135,0
DA:136,0
DA:138,0
DA:139,0
DA:140,0
DA:141,0
DA:142,0
DA:145,0
DA:146,0
DA:149,0
DA:150,0
DA:151,0
DA:153,0
DA:159,0
DA:160,0
DA:161,0
DA:163,0
DA:164,0
DA:165,0
DA:166,0
DA:170,0
LF:77
LH:0
BRDA:40,0,0,0
BRDA:40,0,1,0
BRDA:43,1,0,0
BRDA:43,1,1,0
BRDA:64,2,0,0
BRDA:64,2,1,0
BRDA:86,3,0,0
BRDA:86,3,1,0
BRDA:86,4,0,0
BRDA:86,4,1,0
BRDA:94,5,0,0
BRDA:94,5,1,0
BRDA:121,6,0,0
BRDA:121,6,1,0
BRDA:135,7,0,0
BRDA:135,7,1,0
BRDA:146,8,0,0
BRDA:146,8,1,0
BRDA:150,9,0,0
BRDA:150,9,1,0
BRDA:160,10,0,0
BRDA:160,10,1,0
BRF:22
BRH:0
end_of_record
TN:
SF:prisma\Studio\-angular-prisma-examples-typescript-sofadognewapi\index.js
FN:60,makeEnum
FNF:1
FNH:0
FNDA:0,makeEnum
DA:2,0
DA:13,0
DA:15,0
DA:16,0
DA:22,0
DA:27,0
DA:28,0
DA:29,0
DA:30,0
DA:31,0
DA:37,0
DA:38,0
DA:39,0
DA:40,0
DA:48,0
DA:53,0
DA:60,0
DA:62,0
DA:71,0
DA:75,0
DA:76,0
DA:82,0
DA:99,0
DA:100,0
DA:102,0
DA:103,0
LF:26
LH:0
BRF:0
BRH:0
end_of_record
TN:
SF:prisma\Studio\-angular-prisma-examples-typescript-sofadognewapi\runtime\browser.d.ts
FNF:0
FNH:0
LF:0
LH:0
BRF:0
BRH:0
end_of_record
TN:
SF:prisma\Studio\-angular-prisma-examples-typescript-sofadognewapi\src\runtime\Dataloader.ts
FN:16,(anonymous_846)
FN:19,(anonymous_847)
FN:30,(anonymous_848)
FN:37,(anonymous_849)
FN:46,(anonymous_850)
FN:56,(anonymous_851)
FN:63,(anonymous_852)
FN:68,(anonymous_853)
FN:69,(anonymous_854)
FN:85,(anonymous_855)
FN:13,(anonymous_857)
FNF:11
FNH:0
FNDA:0,(anonymous_846)
FNDA:0,(anonymous_847)
FNDA:0,(anonymous_848)
FNDA:0,(anonymous_849)
FNDA:0,(anonymous_850)
FNDA:0,(anonymous_851)
FNDA:0,(anonymous_852)
FNDA:0,(anonymous_853)
FNDA:0,(anonymous_854)
FNDA:0,(anonymous_855)
FNDA:0,(anonymous_857)
DA:13,0
DA:15,0
DA:16,0
DA:17,0
DA:20,0
DA:21,0
DA:22,0
DA:24,0
DA:25,0
DA:28,0
DA:29,0
DA:30,0
DA:31,0
DA:32,0
DA:37,0
DA:38,0
DA:47,0
DA:48,0
DA:53,0
DA:54,0
DA:57,0
DA:58,0
DA:60,0
DA:64,0
DA:67,0
DA:68,0
DA:70,0
DA:71,0
DA:72,0
DA:75,0
DA:76,0
DA:77,0
DA:78,0
DA:80,0
DA:86,0
DA:87,0
LF:36
LH:0
BRDA:21,0,0,0
BRDA:21,0,1,0
BRDA:24,1,0,0
BRDA:24,1,1,0
BRDA:28,2,0,0
BRDA:28,2,1,0
BRDA:53,3,0,0
BRDA:53,3,1,0
BRDA:57,4,0,0
BRDA:57,4,1,0
BRDA:70,5,0,0
BRDA:70,5,1,0
BRDA:77,6,0,0
BRDA:77,6,1,0
BRDA:13,7,0,0
BRDA:13,7,1,0
BRDA:13,7,2,0
BRDA:13,8,0,0
BRDA:13,8,1,0
BRF:19
BRH:0
end_of_record
TN:
SF:prisma\Studio\-angular-prisma-examples-typescript-sofadognewapi\src\runtime\dmmf-types.ts
FN:1,(anonymous_469)
FN:141,(anonymous_470)
FNF:2
FNH:0
FNDA:0,(anonymous_469)
FNDA:0,(anonymous_470)
DA:1,0
DA:141,0
DA:142,0
DA:143,0
DA:144,0
DA:145,0
DA:146,0
DA:147,0
DA:148,0
DA:149,0
LF:10
LH:0
BRDA:141,0,0,0
BRDA:141,0,1,0
BRDA:1,1,0,0
BRDA:1,1,1,0
BRF:4
BRH:0
end_of_record
TN:
SF:prisma\Studio\-angular-prisma-examples-typescript-sofadognewapi\src\runtime\dmmf.ts
FN:5,getLogger
FN:7,(anonymous_307)
FN:25,(anonymous_308)
FN:73,(anonymous_309)
FN:65,(anonymous_310)
FN:68,(anonymous_311)
FN:69,(anonymous_312)
FN:82,(anonymous_313)
FN:97,(anonymous_314)
FN:125,(anonymous_315)
FN:154,(anonymous_316)
FN:155,(anonymous_317)
FN:157,(anonymous_318)
FN:158,(anonymous_319)
FN:160,(anonymous_320)
FN:163,(anonymous_321)
FN:164,(anonymous_322)
FN:166,(anonymous_323)
FN:167,(anonymous_324)
FN:169,(anonymous_325)
FN:170,(anonymous_326)
FN:172,(anonymous_327)
FN:173,(anonymous_328)
FNF:23
FNH:0
FNDA:0,getLogger
FNDA:0,(anonymous_307)
FNDA:0,(anonymous_308)
FNDA:0,(anonymous_309)
FNDA:0,(anonymous_310)
FNDA:0,(anonymous_311)
FNDA:0,(anonymous_312)
FNDA:0,(anonymous_313)
FNDA:0,(anonymous_314)
FNDA:0,(anonymous_315)
FNDA:0,(anonymous_316)
FNDA:0,(anonymous_317)
FNDA:0,(anonymous_318)
FNDA:0,(anonymous_319)
FNDA:0,(anonymous_320)
FNDA:0,(anonymous_321)
FNDA:0,(anonymous_322)
FNDA:0,(anonymous_323)
FNDA:0,(anonymous_324)
FNDA:0,(anonymous_325)
FNDA:0,(anonymous_326)
FNDA:0,(anonymous_327)
FNDA:0,(anonymous_328)
DA:2,0
DA:7,0
DA:13,0
DA:20,0
DA:26,0
DA:27,0
DA:28,0
DA:29,0
DA:30,0
DA:31,0
DA:32,0
DA:33,0
DA:34,0
DA:35,0
DA:36,0
DA:37,0
DA:38,0
DA:40,0
DA:41,0
DA:43,0
DA:44,0
DA:46,0
DA:47,0
DA:49,0
DA:50,0
DA:51,0
DA:52,0
DA:53,0
DA:54,0
DA:55,0
DA:57,0
DA:60,0
DA:61,0
DA:62,0
DA:63,0
DA:66,0
DA:68,0
DA:69,0
DA:72,0
DA:75,0
DA:76,0
DA:83,0
DA:84,0
DA:85,0
DA:89,0
DA:98,0
DA:99,0
DA:100,0
DA:101,0
DA:106,0
DA:111,0
DA:112,0
DA:117,0
DA:129,0
DA:130,0
DA:131,0
DA:132,0
DA:133,0
DA:134,0
DA:139,0
DA:140,0
DA:145,0
DA:155,0
DA:158,0
DA:161,0
DA:164,0
DA:167,0
DA:170,0
DA:173,0
LF:69
LH:0
BRDA:78,0,0,0
BRDA:78,0,1,0
BRDA:68,1,0,0
BRDA:68,1,1,0
BRDA:85,2,0,0
BRDA:85,2,1,0
BRDA:85,3,0,0
BRDA:85,3,1,0
BRDA:90,4,0,0
BRDA:90,4,1,0
BRDA:90,4,2,0
BRDA:101,5,0,0
BRDA:101,5,1,0
BRDA:101,6,0,0
BRDA:101,6,1,0
BRDA:101,6,2,0
BRDA:101,6,3,0
BRDA:107,7,0,0
BRDA:107,7,1,0
BRDA:107,7,2,0
BRDA:111,8,0,0
BRDA:111,8,1,0
BRDA:112,9,0,0
BRDA:112,9,1,0
BRDA:112,10,0,0
BRDA:112,10,1,0
BRDA:112,10,2,0
BRDA:112,10,3,0
BRDA:118,11,0,0
BRDA:118,11,1,0
BRDA:118,11,2,0
BRDA:133,12,0,0
BRDA:133,12,1,0
BRDA:133,13,0,0
BRDA:133,13,1,0
BRDA:135,14,0,0
BRDA:135,14,1,0
BRDA:135,14,2,0
BRDA:139,15,0,0
BRDA:139,15,1,0
BRDA:140,16,0,0
BRDA:140,16,1,0
BRDA:141,17,0,0
BRDA:141,17,1,0
BRDA:141,17,2,0
BRDA:146,18,0,0
BRDA:146,18,1,0
BRDA:146,18,2,0
BRF:48
BRH:0
end_of_record
TN:
SF:prisma\Studio\-angular-prisma-examples-typescript-sofadognewapi\src\runtime\getLogLevel.ts
FN:7,getLogLevel
FN:13,(anonymous_531)
FNF:2
FNH:0
FNDA:0,getLogLevel
FNDA:0,(anonymous_531)
DA:7,0
DA:10,0
DA:11,0
DA:13,0
DA:14,0
DA:15,0
DA:16,0
DA:18,0
DA:19,0
DA:21,0
DA:23,0
DA:25,0
LF:12
LH:0
BRDA:10,0,0,0
BRDA:10,0,1,0
BRDA:14,1,0,0
BRDA:14,1,1,0
BRDA:15,2,0,0
BRDA:15,2,1,0
BRDA:18,3,0,0
BRDA:18,3,1,0
BRDA:21,4,0,0
BRDA:21,4,1,0
BRDA:21,5,0,0
BRDA:21,5,1,0
BRF:12
BRH:0
end_of_record
TN:
SF:prisma\Studio\-angular-prisma-examples-typescript-sofadognewapi\src\runtime\getPrismaClient.ts
FN:186,getPrismaClient
FN:203,(anonymous_1095)
FN:217,(anonymous_1096)
FN:223,(anonymous_1097)
FN:226,(anonymous_1098)
FN:231,(anonymous_1099)
FN:278,(anonymous_1100)
FN:306,(anonymous_1101)
FN:324,(anonymous_1102)
FN:338,(anonymous_1103)
FN:356,(anonymous_1104)
FN:357,(anonymous_1105)
FN:377,(anonymous_1106)
FN:384,(anonymous_1107)
FN:400,(anonymous_1108)
FN:410,(anonymous_1109)
FN:420,(anonymous_1110)
FN:427,(anonymous_1111)
FN:435,(anonymous_1112)
FN:508,(anonymous_1113)
FN:578,(anonymous_1114)
FN:590,(anonymous_1115)
FN:598,(anonymous_1116)
FN:599,(anonymous_1117)
FN:607,(anonymous_1118)
FN:659,(anonymous_1119)
FN:679,(anonymous_1120)
FN:700,(anonymous_1121)
FN:720,(anonymous_1122)
FN:744,(anonymous_1123)
FN:745,(anonymous_1124)
FN:783,(anonymous_1125)
FN:786,(anonymous_1126)
FN:800,(anonymous_1127)
FN:814,(anonymous_1128)
FN:819,(anonymous_1129)
FN:859,(anonymous_1130)
FN:864,(anonymous_1131)
FN:865,(anonymous_1132)
FN:870,(anonymous_1133)
FN:875,(anonymous_1134)
FN:887,(anonymous_1135)
FN:889,(anonymous_1136)
FN:900,(anonymous_1137)
FN:952,(anonymous_1138)
FN:1010,(anonymous_1139)
FN:1026,(anonymous_1140)
FN:1059,(anonymous_1141)
FN:1065,(anonymous_1142)
FN:1073,(anonymous_1143)
FN:1082,(anonymous_1144)
FN:1088,(anonymous_1145)
FN:1091,(anonymous_1146)
FN:1097,(anonymous_1147)
FN:1100,(anonymous_1148)
FN:1101,(anonymous_1149)
FN:1121,getOperation
FNF:57
FNH:0
FNDA:0,getPrismaClient
FNDA:0,(anonymous_1095)
FNDA:0,(anonymous_1096)
FNDA:0,(anonymous_1097)
FNDA:0,(anonymous_1098)
FNDA:0,(anonymous_1099)
FNDA:0,(anonymous_1100)
FNDA:0,(anonymous_1101)
FNDA:0,(anonymous_1102)
FNDA:0,(anonymous_1103)
FNDA:0,(anonymous_1104)
FNDA:0,(anonymous_1105)
FNDA:0,(anonymous_1106)
FNDA:0,(anonymous_1107)
FNDA:0,(anonymous_1108)
FNDA:0,(anonymous_1109)
FNDA:0,(anonymous_1110)
FNDA:0,(anonymous_1111)
FNDA:0,(anonymous_1112)
FNDA:0,(anonymous_1113)
FNDA:0,(anonymous_1114)
FNDA:0,(anonymous_1115)
FNDA:0,(anonymous_1116)
FNDA:0,(anonymous_1117)
FNDA:0,(anonymous_1118)
FNDA:0,(anonymous_1119)
FNDA:0,(anonymous_1120)
FNDA:0,(anonymous_1121)
FNDA:0,(anonymous_1122)
FNDA:0,(anonymous_1123)
FNDA:0,(anonymous_1124)
FNDA:0,(anonymous_1125)
FNDA:0,(anonymous_1126)
FNDA:0,(anonymous_1127)
FNDA:0,(anonymous_1128)
FNDA:0,(anonymous_1129)
FNDA:0,(anonymous_1130)
FNDA:0,(anonymous_1131)
FNDA:0,(anonymous_1132)
FNDA:0,(anonymous_1133)
FNDA:0,(anonymous_1134)
FNDA:0,(anonymous_1135)
FNDA:0,(anonymous_1136)
FNDA:0,(anonymous_1137)
FNDA:0,(anonymous_1138)
FNDA:0,(anonymous_1139)
FNDA:0,(anonymous_1140)
FNDA:0,(anonymous_1141)
FNDA:0,(anonymous_1142)
FNDA:0,(anonymous_1143)
FNDA:0,(anonymous_1144)
FNDA:0,(anonymous_1145)
FNDA:0,(anonymous_1146)
FNDA:0,(anonymous_1147)
FNDA:0,(anonymous_1148)
FNDA:0,(anonymous_1149)
FNDA:0,getOperation
DA:1,0
DA:2,0
DA:3,0
DA:4,0
DA:10,0
DA:15,0
DA:22,0
DA:23,0
DA:24,0
DA:25,0
DA:26,0
DA:27,0
DA:32,0
DA:33,0
DA:34,0
DA:35,0
DA:36,0
DA:37,0
DA:38,0
DA:39,0
DA:41,0
DA:42,0
DA:43,0
DA:175,0
DA:186,0
DA:204,0
DA:205,0
DA:207,0
DA:208,0
DA:209,0
DA:212,0
DA:213,0
DA:216,0
DA:217,0
DA:222,0
DA:224,0
DA:226,0
DA:228,0
DA:231,0
DA:234,0
DA:236,0
DA:237,0
DA:238,0
DA:239,0
DA:240,0
DA:241,0
DA:243,0
DA:246,0
DA:248,0
DA:250,0
DA:252,0
DA:254,0
DA:255,0
DA:258,0
DA:259,0
DA:260,0
DA:263,0
DA:278,0
DA:288,0
DA:292,0
DA:294,0
DA:295,0
DA:297,0
DA:298,0
DA:299,0
DA:305,0
DA:306,0
DA:307,0
DA:313,0
DA:322,0
DA:325,0
DA:330,0
DA:331,0
DA:334,0
DA:339,0
DA:340,0
DA:341,0
DA:345,0
DA:347,0
DA:348,0
DA:349,0
DA:353,0
DA:357,0
DA:358,0
DA:359,0
DA:360,0
DA:369,0
DA:378,0
DA:381,0
DA:382,0
DA:384,0
DA:387,0
DA:388,0
DA:393,0
DA:395,0
DA:396,0
DA:398,0
DA:401,0
DA:402,0
DA:405,0
DA:410,0
DA:411,0
DA:413,0
DA:414,0
DA:421,0
DA:422,0
DA:424,0
DA:428,0
DA:429,0
DA:436,0
DA:437,0
DA:439,0
DA:442,0
DA:443,0
DA:445,0
DA:449,0
DA:450,0
DA:454,0
DA:456,0
DA:457,0
DA:458,0
DA:465,0
DA:466,0
DA:471,0
DA:472,0
DA:474,0
DA:477,0
DA:479,0
DA:486,0
DA:488,0
DA:489,0
DA:490,0
DA:492,0
DA:509,0
DA:510,0
DA:512,0
DA:515,0
DA:516,0
DA:518,0
DA:522,0
DA:523,0
DA:527,0
DA:529,0
DA:530,0
DA:531,0
DA:538,0
DA:539,0
DA:544,0
DA:545,0
DA:547,0
DA:550,0
DA:552,0
DA:559,0
DA:561,0
DA:562,0
DA:563,0
DA:565,0
DA:579,0
DA:580,0
DA:581,0
DA:585,0
DA:590,0
DA:592,0
DA:599,0
DA:600,0
DA:601,0
DA:603,0
DA:604,0
DA:607,0
DA:615,0
DA:616,0
DA:619,0
DA:620,0
DA:622,0
DA:629,0
DA:637,0
DA:639,0
DA:640,0
DA:641,0
DA:649,0
DA:650,0
DA:654,0
DA:656,0
DA:658,0
DA:660,0
DA:661,0
DA:677,0
DA:680,0
DA:681,0
DA:698,0
DA:701,0
DA:702,0
DA:718,0
DA:721,0
DA:722,0
DA:738,0
DA:744,0
DA:745,0
DA:746,0
DA:751,0
DA:752,0
DA:754,0
DA:765,0
DA:768,0
DA:770,0
DA:773,0
DA:774,0
DA:776,0
DA:782,0
DA:784,0
DA:785,0
DA:786,0
DA:787,0
DA:795,0
DA:800,0
DA:801,0
DA:814,0
DA:819,0
DA:820,0
DA:821,0
DA:822,0
DA:825,0
DA:826,0
DA:828,0
DA:831,0
DA:833,0
DA:836,0
DA:845,0
DA:850,0
DA:853,0
DA:860,0
DA:861,0
DA:862,0
DA:863,0
DA:865,0
DA:867,0
DA:868,0
DA:871,0
DA:873,0
DA:876,0
DA:877,0
DA:880,0
DA:881,0
DA:884,0
DA:886,0
DA:888,0
DA:889,0
DA:891,0
DA:895,0
DA:927,0
DA:928,0
DA:929,0
DA:940,0
DA:941,0
DA:946,0
DA:947,0
DA:952,0
DA:954,0
DA:955,0
DA:957,0
DA:961,0
DA:962,0
DA:968,0
DA:969,0
DA:970,0
DA:971,0
DA:972,0
DA:976,0
DA:977,0
DA:979,0
DA:981,0
DA:982,0
DA:983,0
DA:984,0
DA:990,0
DA:993,0
DA:994,0
DA:995,0
DA:996,0
DA:997,0
DA:998,0
DA:999,0
DA:1000,0
DA:1001,0
DA:1002,0
DA:1003,0
DA:1006,0
DA:1025,0
DA:1026,0
DA:1027,0
DA:1043,0
DA:1057,0
DA:1060,0
DA:1061,0
DA:1063,0
DA:1066,0
DA:1067,0
DA:1069,0
DA:1070,0
DA:1071,0
DA:1073,0
DA:1074,0
DA:1083,0
DA:1084,0
DA:1085,0
DA:1086,0
DA:1089,0
DA:1092,0
DA:1093,0
DA:1094,0
DA:1095,0
DA:1098,0
DA:1101,0
DA:1102,0
DA:1103,0
DA:1104,0
DA:1106,0
DA:1108,0
DA:1110,0
DA:1117,0
DA:1121,0
DA:1122,0
DA:1126,0
DA:1128,0
LF:324
LH:0
BRDA:204,0,0,0
BRDA:204,0,1,0
BRDA:204,1,0,0
BRDA:204,1,1,0
BRDA:205,2,0,0
BRDA:205,2,1,0
BRDA:205,3,0,0
BRDA:205,3,1,0
BRDA:208,4,0,0
BRDA:208,4,1,0
BRDA:212,5,0,0
BRDA:212,5,1,0
BRDA:216,6,0,0
BRDA:216,6,1,0
BRDA:216,7,0,0
BRDA:216,7,1,0
BRDA:222,8,0,0
BRDA:222,8,1,0
BRDA:224,9,0,0
BRDA:224,9,1,0
BRDA:234,10,0,0
BRDA:234,10,1,0
BRDA:236,11,0,0
BRDA:236,11,1,0
BRDA:238,12,0,0
BRDA:238,12,1,0
BRDA:240,13,0,0
BRDA:240,13,1,0
BRDA:246,14,0,0
BRDA:246,14,1,0
BRDA:254,15,0,0
BRDA:254,15,1,0
BRDA:258,16,0,0
BRDA:258,16,1,0
BRDA:258,17,0,0
BRDA:258,17,1,0
BRDA:258,18,0,0
BRDA:258,18,1,0
BRDA:258,19,0,0
BRDA:258,19,1,0
BRDA:259,20,0,0
BRDA:259,20,1,0
BRDA:267,21,0,0
BRDA:267,21,1,0
BRDA:267,22,0,0
BRDA:267,22,1,0
BRDA:272,23,0,0
BRDA:272,23,1,0
BRDA:274,24,0,0
BRDA:274,24,1,0
BRDA:277,25,0,0
BRDA:277,25,1,0
BRDA:279,26,0,0
BRDA:279,26,1,0
BRDA:297,27,0,0
BRDA:297,27,1,0
BRDA:301,28,0,0
BRDA:301,28,1,0
BRDA:303,29,0,0
BRDA:303,29,1,0
BRDA:305,30,0,0
BRDA:305,30,1,0
BRDA:315,31,0,0
BRDA:315,31,1,0
BRDA:330,32,0,0
BRDA:330,32,1,0
BRDA:339,33,0,0
BRDA:339,33,1,0
BRDA:340,34,0,0
BRDA:340,34,1,0
BRDA:347,35,0,0
BRDA:347,35,1,0
BRDA:348,36,0,0
BRDA:348,36,1,0
BRDA:359,37,0,0
BRDA:359,37,1,0
BRDA:378,38,0,0
BRDA:378,38,1,0
BRDA:381,39,0,0
BRDA:381,39,1,0
BRDA:388,40,0,0
BRDA:388,40,1,0
BRDA:389,41,0,0
BRDA:389,41,1,0
BRDA:389,41,2,0
BRDA:401,42,0,0
BRDA:401,42,1,0
BRDA:421,43,0,0
BRDA:421,43,1,0
BRDA:440,44,0,0
BRDA:440,44,1,0
BRDA:443,45,0,0
BRDA:443,45,1,0
BRDA:454,46,0,0
BRDA:454,46,1,0
BRDA:457,47,0,0
BRDA:457,47,1,0
BRDA:471,48,0,0
BRDA:471,48,1,0
BRDA:471,49,0,0
BRDA:471,49,1,0
BRDA:471,50,0,0
BRDA:471,50,1,0
BRDA:513,51,0,0
BRDA:513,51,1,0
BRDA:516,52,0,0
BRDA:516,52,1,0
BRDA:527,53,0,0
BRDA:527,53,1,0
BRDA:530,54,0,0
BRDA:530,54,1,0
BRDA:544,55,0,0
BRDA:544,55,1,0
BRDA:544,56,0,0
BRDA:544,56,1,0
BRDA:544,57,0,0
BRDA:544,57,1,0
BRDA:579,58,0,0
BRDA:579,58,1,0
BRDA:579,59,0,0
BRDA:579,59,1,0
BRDA:579,60,0,0
BRDA:579,60,1,0
BRDA:579,61,0,0
BRDA:579,61,1,0
BRDA:579,62,0,0
BRDA:579,62,1,0
BRDA:581,63,0,0
BRDA:581,63,1,0
BRDA:581,64,0,0
BRDA:581,64,1,0
BRDA:603,65,0,0
BRDA:603,65,1,0
BRDA:615,66,0,0
BRDA:615,66,1,0
BRDA:615,67,0,0
BRDA:615,67,1,0
BRDA:616,68,0,0
BRDA:616,68,1,0
BRDA:616,69,0,0
BRDA:616,69,1,0
BRDA:619,70,0,0
BRDA:619,70,1,0
BRDA:656,71,0,0
BRDA:656,71,1,0
BRDA:660,72,0,0
BRDA:660,72,1,0
BRDA:680,73,0,0
BRDA:680,73,1,0
BRDA:701,74,0,0
BRDA:701,74,1,0
BRDA:721,75,0,0
BRDA:721,75,1,0
BRDA:747,76,0,0
BRDA:747,76,1,0
BRDA:749,77,0,0
BRDA:749,77,1,0
BRDA:752,78,0,0
BRDA:752,78,1,0
BRDA:784,79,0,0
BRDA:784,79,1,0
BRDA:806,80,0,0
BRDA:806,80,1,0
BRDA:820,81,0,0
BRDA:820,81,1,0
BRDA:821,82,0,0
BRDA:821,82,1,0
BRDA:825,83,0,0
BRDA:825,83,1,0
BRDA:859,84,0,0
BRDA:876,85,0,0
BRDA:876,85,1,0
BRDA:880,86,0,0
BRDA:880,86,1,0
BRDA:886,87,0,0
BRDA:886,87,1,0
BRDA:886,88,0,0
BRDA:886,88,1,0
BRDA:888,89,0,0
BRDA:888,89,1,0
BRDA:902,90,0,0
BRDA:927,91,0,0
BRDA:927,91,1,0
BRDA:927,92,0,0
BRDA:927,92,1,0
BRDA:941,93,0,0
BRDA:941,93,1,0
BRDA:946,94,0,0
BRDA:946,94,1,0
BRDA:968,95,0,0
BRDA:968,95,1,0
BRDA:969,96,0,0
BRDA:969,96,1,0
BRDA:971,97,0,0
BRDA:971,97,1,0
BRDA:972,98,0,0
BRDA:972,98,1,0
BRDA:976,99,0,0
BRDA:976,99,1,0
BRDA:983,100,0,0
BRDA:983,100,1,0
BRDA:994,101,0,0
BRDA:994,101,1,0
BRDA:996,102,0,0
BRDA:996,102,1,0
BRDA:998,103,0,0
BRDA:998,103,1,0
BRDA:1000,104,0,0
BRDA:1000,104,1,0
BRDA:1002,105,0,0
BRDA:1002,105,1,0
BRDA:1025,106,0,0
BRDA:1025,106,1,0
BRDA:1060,107,0,0
BRDA:1060,107,1,0
BRDA:1060,108,0,0
BRDA:1060,108,1,0
BRDA:1066,109,0,0
BRDA:1066,109,1,0
BRDA:1070,110,0,0
BRDA:1070,110,1,0
BRDA:1073,111,0,0
BRDA:1073,111,1,0
BRDA:1103,112,0,0
BRDA:1103,112,1,0
BRDA:1122,113,0,0
BRDA:1122,113,1,0
BRDA:1123,114,0,0
BRDA:1123,114,1,0
BRF:229
BRH:0
end_of_record
TN:
SF:prisma\Studio\-angular-prisma-examples-typescript-sofadognewapi\src\runtime\index.ts
FN:1,(anonymous_50)
FN:2,(anonymous_51)
FN:4,(anonymous_52)
FN:5,(anonymous_53)
FN:6,(anonymous_54)
FN:7,(anonymous_55)
FN:9,(anonymous_56)
FN:12,(anonymous_57)
FN:13,(anonymous_58)
FN:14,(anonymous_59)
FN:15,(anonymous_60)
FN:16,(anonymous_61)
FN:18,(anonymous_62)
FNF:13
FNH:0
FNDA:0,(anonymous_50)
FNDA:0,(anonymous_51)
FNDA:0,(anonymous_52)
FNDA:0,(anonymous_53)
FNDA:0,(anonymous_54)
FNDA:0,(anonymous_55)
FNDA:0,(anonymous_56)
FNDA:0,(anonymous_57)
FNDA:0,(anonymous_58)
FNDA:0,(anonymous_59)
FNDA:0,(anonymous_60)
FNDA:0,(anonymous_61)
FNDA:0,(anonymous_62)
DA:1,0
DA:2,0
DA:3,0
DA:4,0
DA:5,0
DA:6,0
DA:7,0
DA:9,0
DA:11,0
DA:12,0
DA:13,0
DA:14,0
DA:15,0
DA:16,0
DA:18,0
DA:19,0
LF:16
LH:0
BRF:0
BRH:0
end_of_record
TN:
SF:prisma\Studio\-angular-prisma-examples-typescript-sofadognewapi\src\runtime\mergeBy.ts
FN:9,mergeBy
FN:17,(anonymous_158)
FN:21,(anonymous_159)
FN:30,(anonymous_160)
FN:34,(anonymous_161)
FNF:5
FNH:0
FNDA:0,mergeBy
FNDA:0,(anonymous_158)
FNDA:0,(anonymous_159)
FNDA:0,(anonymous_160)
FNDA:0,(anonymous_161)
DA:9,0
DA:14,0
DA:15,0
DA:16,0
DA:17,0
DA:20,0
DA:21,0
DA:22,0
DA:23,0
DA:27,0
DA:30,0
DA:34,0
DA:35,0
DA:36,0
DA:37,0
DA:39,0
DA:40,0
LF:17
LH:0
BRDA:22,0,0,0
BRDA:22,0,1,0
BRDA:36,1,0,0
BRDA:36,1,1,0
BRF:4
BRH:0
end_of_record
TN:
SF:prisma\Studio\-angular-prisma-examples-typescript-sofadognewapi\src\runtime\query.ts
FN:42,(anonymous_173)
FN:284,(anonymous_174)
FN:377,(anonymous_175)
FN:445,(anonymous_176)
FN:461,(anonymous_177)
FN:472,(anonymous_178)
FN:531,(anonymous_179)
FN:49,(anonymous_180)
FN:54,(anonymous_181)
FN:65,(anonymous_182)
FN:83,(anonymous_183)
FN:89,(anonymous_184)
FN:109,(anonymous_185)
FN:112,(anonymous_186)
FN:142,(anonymous_187)
FN:147,(anonymous_188)
FN:171,(anonymous_189)
FN:181,(anonymous_190)
FN:183,(anonymous_191)
FN:187,(anonymous_192)
FN:218,(anonymous_193)
FN:221,(anonymous_194)
FN:230,(anonymous_195)
FN:278,(anonymous_196)
FN:541,(anonymous_197)
FN:586,(anonymous_198)
FN:593,(anonymous_199)
FN:599,(anonymous_200)
FN:622,(anonymous_201)
FN:641,(anonymous_202)
FN:647,(anonymous_203)
FN:660,(anonymous_204)
FN:674,(anonymous_205)
FN:677,(anonymous_206)
FN:680,(anonymous_207)
FN:685,(anonymous_208)
FN:686,(anonymous_209)
FN:689,(anonymous_210)
FN:694,(anonymous_211)
FN:704,stringify
FN:755,(anonymous_213)
FN:771,(anonymous_214)
FN:778,(anonymous_215)
FN:780,(anonymous_216)
FN:802,(anonymous_217)
FN:805,(anonymous_218)
FN:824,(anonymous_219)
FN:827,(anonymous_220)
FN:844,(anonymous_221)
FN:849,(anonymous_222)
FN:861,(anonymous_223)
FN:888,makeDocument
FN:918,transformDocument
FN:919,transformWhereArgs
FN:921,(anonymous_227)
FN:924,(anonymous_228)
FN:930,(anonymous_229)
FN:948,transformOrderArg
FN:964,(anonymous_231)
FN:977,(anonymous_232)
FN:991,isArgsArray
FN:993,(anonymous_234)
FN:999,getFilterArgName
FN:1007,convertToSnakeCase
FN:1014,selectionToFields
FN:1021,(anonymous_238)
FN:1022,(anonymous_239)
FN:1036,(anonymous_240)
FN:1142,(anonymous_241)
FN:1143,(anonymous_242)
FN:1144,(anonymous_243)
FN:1148,(anonymous_244)
FN:1164,(anonymous_245)
FN:1199,(anonymous_246)
FN:1244,getDefaultSelection
FN:1245,(anonymous_248)
FN:1262,getInvalidTypeArg
FN:1288,hasCorrectScalarType
FN:1361,(anonymous_251)
FN:1361,(anonymous_252)
FN:1363,valueToArg
FN:1424,(anonymous_254)
FN:1438,(anonymous_255)
FN:1480,(anonymous_256)
FN:1485,(anonymous_257)
FN:1502,(anonymous_258)
FN:1511,(anonymous_259)
FN:1553,(anonymous_260)
FN:1564,(anonymous_261)
FN:1577,isInputArgType
FN:1590,scalarToArg
FN:1608,objectToArgs
FN:1619,(anonymous_265)
FN:1619,(anonymous_266)
FN:1620,(anonymous_267)
FN:1621,(anonymous_268)
FN:1622,(anonymous_269)
FN:1623,(anonymous_270)
FN:1628,(anonymous_271)
FN:1643,(anonymous_272)
FN:1667,(anonymous_273)
FN:1670,(anonymous_274)
FN:1670,(anonymous_275)
FN:1673,(anonymous_276)
FN:1703,unpack
FN:1725,mapDates
FN:1758,(anonymous_279)
FN:1770,mapJson
FN:1803,(anonymous_281)
FN:1815,getField
FN:1818,(anonymous_283)
FN:1833,(anonymous_284)
FN:1843,removeSelectFromPath
FN:1846,(anonymous_286)
FN:1850,removeSelectFromObject
FN:1869,transformAggregatePrintJsonArgs
FN:1877,(anonymous_289)
FNF:117
FNH:0
FNDA:0,(anonymous_173)
FNDA:0,(anonymous_174)
FNDA:0,(anonymous_175)
FNDA:0,(anonymous_176)
FNDA:0,(anonymous_177)
FNDA:0,(anonymous_178)
FNDA:0,(anonymous_179)
FNDA:0,(anonymous_180)
FNDA:0,(anonymous_181)
FNDA:0,(anonymous_182)
FNDA:0,(anonymous_183)
FNDA:0,(anonymous_184)
FNDA:0,(anonymous_185)
FNDA:0,(anonymous_186)
FNDA:0,(anonymous_187)
FNDA:0,(anonymous_188)
FNDA:0,(anonymous_189)
FNDA:0,(anonymous_190)
FNDA:0,(anonymous_191)
FNDA:0,(anonymous_192)
FNDA:0,(anonymous_193)
FNDA:0,(anonymous_194)
FNDA:0,(anonymous_195)
FNDA:0,(anonymous_196)
FNDA:0,(anonymous_197)
FNDA:0,(anonymous_198)
FNDA:0,(anonymous_199)
FNDA:0,(anonymous_200)
FNDA:0,(anonymous_201)
FNDA:0,(anonymous_202)
FNDA:0,(anonymous_203)
FNDA:0,(anonymous_204)
FNDA:0,(anonymous_205)
FNDA:0,(anonymous_206)
FNDA:0,(anonymous_207)
FNDA:0,(anonymous_208)
FNDA:0,(anonymous_209)
FNDA:0,(anonymous_210)
FNDA:0,(anonymous_211)
FNDA:0,stringify
FNDA:0,(anonymous_213)
FNDA:0,(anonymous_214)
FNDA:0,(anonymous_215)
FNDA:0,(anonymous_216)
FNDA:0,(anonymous_217)
FNDA:0,(anonymous_218)
FNDA:0,(anonymous_219)
FNDA:0,(anonymous_220)
FNDA:0,(anonymous_221)
FNDA:0,(anonymous_222)
FNDA:0,(anonymous_223)
FNDA:0,makeDocument
FNDA:0,transformDocument
FNDA:0,transformWhereArgs
FNDA:0,(anonymous_227)
FNDA:0,(anonymous_228)
FNDA:0,(anonymous_229)
FNDA:0,transformOrderArg
FNDA:0,(anonymous_231)
FNDA:0,(anonymous_232)
FNDA:0,isArgsArray
FNDA:0,(anonymous_234)
FNDA:0,getFilterArgName
FNDA:0,convertToSnakeCase
FNDA:0,selectionToFields
FNDA:0,(anonymous_238)
FNDA:0,(anonymous_239)
FNDA:0,(anonymous_240)
FNDA:0,(anonymous_241)
FNDA:0,(anonymous_242)
FNDA:0,(anonymous_243)
FNDA:0,(anonymous_244)
FNDA:0,(anonymous_245)
FNDA:0,(anonymous_246)
FNDA:0,getDefaultSelection
FNDA:0,(anonymous_248)
FNDA:0,getInvalidTypeArg
FNDA:0,hasCorrectScalarType
FNDA:0,(anonymous_251)
FNDA:0,(anonymous_252)
FNDA:0,valueToArg
FNDA:0,(anonymous_254)
FNDA:0,(anonymous_255)
FNDA:0,(anonymous_256)
FNDA:0,(anonymous_257)
FNDA:0,(anonymous_258)
FNDA:0,(anonymous_259)
FNDA:0,(anonymous_260)
FNDA:0,(anonymous_261)
FNDA:0,isInputArgType
FNDA:0,scalarToArg
FNDA:0,objectToArgs
FNDA:0,(anonymous_265)
FNDA:0,(anonymous_266)
FNDA:0,(anonymous_267)
FNDA:0,(anonymous_268)
FNDA:0,(anonymous_269)
FNDA:0,(anonymous_270)
FNDA:0,(anonymous_271)
FNDA:0,(anonymous_272)
FNDA:0,(anonymous_273)
FNDA:0,(anonymous_274)
FNDA:0,(anonymous_275)
FNDA:0,(anonymous_276)
FNDA:0,unpack
FNDA:0,mapDates
FNDA:0,(anonymous_279)
FNDA:0,mapJson
FNDA:0,(anonymous_281)
FNDA:0,getField
FNDA:0,(anonymous_283)
FNDA:0,(anonymous_284)
FNDA:0,removeSelectFromPath
FNDA:0,(anonymous_286)
FNDA:0,removeSelectFromObject
FNDA:0,transformAggregatePrintJsonArgs
FNDA:0,(anonymous_289)
DA:1,0
DA:2,0
DA:13,0
DA:24,0
DA:25,0
DA:26,0
DA:27,0
DA:28,0
DA:33,0
DA:34,0
DA:35,0
DA:36,0
DA:37,0
DA:39,0
DA:41,0
DA:43,0
DA:44,0
DA:46,0
DA:47,0
DA:50,0
DA:61,0
DA:62,0
DA:64,0
DA:65,0
DA:67,0
DA:68,0
DA:71,0
DA:72,0
DA:74,0
DA:80,0
DA:81,0
DA:82,0
DA:83,0
DA:88,0
DA:89,0
DA:96,0
DA:97,0
DA:98,0
DA:99,0
DA:100,0
DA:101,0
DA:102,0
DA:103,0
DA:104,0
DA:106,0
DA:107,0
DA:108,0
DA:110,0
DA:113,0
DA:114,0
DA:122,0
DA:123,0
DA:124,0
DA:126,0
DA:128,0
DA:133,0
DA:134,0
DA:138,0
DA:141,0
DA:143,0
DA:148,0
DA:157,0
DA:158,0
DA:159,0
DA:160,0
DA:161,0
DA:165,0
DA:166,0
DA:168,0
DA:171,0
DA:173,0
DA:181,0
DA:182,0
DA:184,0
DA:186,0
DA:188,0
DA:191,0
DA:193,0
DA:194,0
DA:195,0
DA:200,0
DA:201,0
DA:202,0
DA:204,0
DA:205,0
DA:209,0
DA:213,0
DA:216,0
DA:219,0
DA:222,0
DA:230,0
DA:233,0
DA:234,0
DA:237,0
DA:244,0
DA:253,0
DA:254,0
DA:257,0
DA:264,0
DA:265,0
DA:267,0
DA:271,0
DA:276,0
DA:277,0
DA:278,0
DA:282,0
DA:284,0
DA:289,0
DA:290,0
DA:293,0
DA:299,0
DA:300,0
DA:301,0
DA:307,0
DA:310,0
DA:316,0
DA:317,0
DA:320,0
DA:326,0
DA:327,0
DA:333,0
DA:334,0
DA:335,0
DA:336,0
DA:343,0
DA:349,0
DA:350,0
DA:353,0
DA:354,0
DA:359,0
DA:361,0
DA:362,0
DA:374,0
DA:377,0
DA:382,0
DA:383,0
DA:390,0
DA:391,0
DA:399,0
DA:400,0
DA:401,0
DA:402,0
DA:407,0
DA:408,0
DA:411,0
DA:412,0
DA:417,0
DA:420,0
DA:421,0
DA:422,0
DA:423,0
DA:424,0
DA:428,0
DA:429,0
DA:446,0
DA:455,0
DA:456,0
DA:457,0
DA:460,0
DA:462,0
DA:471,0
DA:472,0
DA:474,0
DA:475,0
DA:477,0
DA:488,0
DA:490,0
DA:493,0
DA:496,0
DA:501,0
DA:503,0
DA:506,0
DA:511,0
DA:512,0
DA:515,0
DA:520,0
DA:521,0
DA:526,0
DA:531,0
DA:542,0
DA:543,0
DA:545,0
DA:547,0
DA:548,0
DA:549,0
DA:551,0
DA:553,0
DA:554,0
DA:556,0
DA:558,0
DA:559,0
DA:562,0
DA:564,0
DA:568,0
DA:578,0
DA:587,0
DA:588,0
DA:589,0
DA:590,0
DA:591,0
DA:592,0
DA:594,0
DA:597,0
DA:600,0
DA:602,0
DA:603,0
DA:606,0
DA:607,0
DA:608,0
DA:610,0
DA:614,0
DA:615,0
DA:620,0
DA:625,0
DA:626,0
DA:628,0
DA:629,0
DA:636,0
DA:637,0
DA:638,0
DA:640,0
DA:641,0
DA:646,0
DA:647,0
DA:656,0
DA:657,0
DA:660,0
DA:664,0
DA:671,0
DA:675,0
DA:676,0
DA:677,0
DA:681,0
DA:682,0
DA:684,0
DA:685,0
DA:686,0
DA:690,0
DA:691,0
DA:694,0
DA:711,0
DA:712,0
DA:713,0
DA:715,0
DA:717,0
DA:718,0
DA:721,0
DA:722,0
DA:725,0
DA:726,0
DA:729,0
DA:730,0
DA:733,0
DA:745,0
DA:763,0
DA:764,0
DA:765,0
DA:766,0
DA:767,0
DA:768,0
DA:769,0
DA:771,0
DA:774,0
DA:778,0
DA:781,0
DA:782,0
DA:785,0
DA:786,0
DA:791,0
DA:792,0
DA:793,0
DA:802,0
DA:803,0
DA:806,0
DA:807,0
DA:809,0
DA:816,0
DA:825,0
DA:828,0
DA:829,0
DA:832,0
DA:835,0
DA:836,0
DA:842,0
DA:843,0
DA:845,0
DA:846,0
DA:849,0
DA:850,0
DA:857,0
DA:858,0
DA:861,0
DA:865,0
DA:888,0
DA:894,0
DA:895,0
DA:897,0
DA:899,0
DA:909,0
DA:915,0
DA:918,0
DA:920,0
DA:922,0
DA:924,0
DA:925,0
DA:927,0
DA:928,0
DA:929,0
DA:930,0
DA:931,0
DA:944,0
DA:949,0
DA:950,0
DA:951,0
DA:952,0
DA:960,0
DA:962,0
DA:965,0
DA:966,0
DA:967,0
DA:969,0
DA:970,0
DA:971,0
DA:974,0
DA:975,0
DA:976,0
DA:977,0
DA:978,0
DA:979,0
DA:981,0
DA:985,0
DA:992,0
DA:993,0
DA:996,0
DA:1000,0
DA:1001,0
DA:1004,0
DA:1008,0
DA:1014,0
DA:1020,0
DA:1021,0
DA:1022,0
DA:1023,0
DA:1025,0
DA:1036,0
DA:1043,0
DA:1046,0
DA:1055,0
DA:1068,0
DA:1070,0
DA:1071,0
DA:1074,0
DA:1078,0
DA:1080,0
DA:1090,0
DA:1095,0
DA:1096,0
DA:1097,0
DA:1112,0
DA:1113,0
DA:1115,0
DA:1116,0
DA:1132,0
DA:1139,0
DA:1140,0
DA:1141,0
DA:1142,0
DA:1143,0
DA:1144,0
DA:1145,0
DA:1146,0
DA:1149,0
DA:1164,0
DA:1173,0
DA:1176,0
DA:1177,0
DA:1178,0
DA:1179,0
DA:1195,0
DA:1199,0
DA:1200,0
DA:1201,0
DA:1217,0
DA:1222,0
DA:1225,0
DA:1226,0
DA:1227,0
DA:1228,0
DA:1229,0
DA:1230,0
DA:1234,0
DA:1238,0
DA:1240,0
DA:1245,0
DA:1246,0
DA:1247,0
DA:1251,0
DA:1252,0
DA:1258,0
DA:1268,0
DA:1285,0
DA:1293,0
DA:1294,0
DA:1295,0
DA:1296,0
DA:1298,0
DA:1299,0
DA:1302,0
DA:1303,0
DA:1307,0
DA:1308,0
DA:1310,0
DA:1311,0
DA:1315,0
DA:1316,0
DA:1318,0
DA:1319,0
DA:1322,0
DA:1323,0
DA:1325,0
DA:1326,0
DA:1328,0
DA:1333,0
DA:1337,0
DA:1338,0
DA:1340,0
DA:1341,0
DA:1344,0
DA:1345,0
DA:1347,0
DA:1348,0
DA:1351,0
DA:1352,0
DA:1355,0
DA:1356,0
DA:1358,0
DA:1361,0
DA:1364,0
DA:1365,0
DA:1367,0
DA:1368,0
DA:1372,0
DA:1386,0
DA:1387,0
DA:1388,0
DA:1389,0
DA:1396,0
DA:1399,0
DA:1401,0
DA:1403,0
DA:1406,0
DA:1407,0
DA:1423,0
DA:1424,0
DA:1425,0
DA:1426,0
DA:1427,0
DA:1429,0
DA:1430,0
DA:1431,0
DA:1432,0
DA:1437,0
DA:1438,0
DA:1441,0
DA:1442,0
DA:1443,0
DA:1444,0
DA:1450,0
DA:1451,0
DA:1459,0
DA:1470,0
DA:1475,0
DA:1476,0
DA:1480,0
DA:1481,0
DA:1482,0
DA:1485,0
DA:1486,0
DA:1487,0
DA:1489,0
DA:1501,0
DA:1502,0
DA:1503,0
DA:1505,0
DA:1507,0
DA:1512,0
DA:1513,0
DA:1514,0
DA:1519,0
DA:1526,0
DA:1530,0
DA:1531,0
DA:1539,0
DA:1540,0
DA:1541,0
DA:1543,0
DA:1546,0
DA:1548,0
DA:1551,0
DA:1552,0
DA:1553,0
DA:1555,0
DA:1562,0
DA:1565,0
DA:1566,0
DA:1568,0
DA:1577,0
DA:1580,0
DA:1581,0
DA:1583,0
DA:1584,0
DA:1587,0
DA:1596,0
DA:1597,0
DA:1605,0
DA:1616,0
DA:1617,0
DA:1618,0
DA:1619,0
DA:1620,0
DA:1621,0
DA:1622,0
DA:1623,0
DA:1624,0
DA:1625,0
DA:1628,0
DA:1631,0
DA:1643,0
DA:1653,0
DA:1656,0
DA:1658,0
DA:1659,0
DA:1662,0
DA:1665,0
DA:1667,0
DA:1669,0
DA:1670,0
DA:1672,0
DA:1674,0
DA:1675,0
DA:1690,0
DA:1703,0
DA:1704,0
DA:1706,0
DA:1707,0
DA:1710,0
DA:1711,0
DA:1714,0
DA:1716,0
DA:1717,0
DA:1725,0
DA:1726,0
DA:1732,0
DA:1735,0
DA:1736,0
DA:1737,0
DA:1738,0
DA:1740,0
DA:1741,0
DA:1748,0
DA:1749,0
DA:1756,0
DA:1757,0
DA:1758,0
DA:1759,0
DA:1762,0
DA:1767,0
DA:1770,0
DA:1771,0
DA:1777,0
DA:1780,0
DA:1781,0
DA:1782,0
DA:1783,0
DA:1785,0
DA:1786,0
DA:1793,0
DA:1794,0
DA:1801,0
DA:1802,0
DA:1803,0
DA:1804,0
DA:1807,0
DA:1812,0
DA:1815,0
DA:1816,0
DA:1817,0
DA:1818,0
DA:1820,0
DA:1821,0
DA:1826,0
DA:1827,0
DA:1828,0
DA:1829,0
DA:1833,0
DA:1834,0
DA:1835,0
DA:1837,0
DA:1840,0
DA:1844,0
DA:1846,0
DA:1851,0
DA:1852,0
DA:1853,0
DA:1854,0
DA:1855,0
DA:1856,0
DA:1857,0
DA:1860,0
DA:1863,0
DA:1866,0
DA:1875,0
DA:1876,0
DA:1877,0
DA:1883,0
DA:1884,0
LF:616
LH:0
BRDA:289,0,0,0
BRDA:289,0,1,0
BRDA:291,1,0,0
BRDA:291,1,1,0
BRDA:299,2,0,0
BRDA:299,2,1,0
BRDA:300,3,0,0
BRDA:300,3,1,0
BRDA:308,4,0,0
BRDA:308,4,1,0
BRDA:316,5,0,0
BRDA:316,5,1,0
BRDA:318,6,0,0
BRDA:318,6,1,0
BRDA:326,7,0,0
BRDA:326,7,1,0
BRDA:333,8,0,0
BRDA:333,8,1,0
BRDA:334,9,0,0
BRDA:334,9,1,0
BRDA:335,10,0,0
BRDA:335,10,1,0
BRDA:337,11,0,0
BRDA:337,11,1,0
BRDA:338,12,0,0
BRDA:338,12,1,0
BRDA:338,13,0,0
BRDA:338,13,1,0
BRDA:349,14,0,0
BRDA:349,14,1,0
BRDA:353,15,0,0
BRDA:353,15,1,0
BRDA:361,16,0,0
BRDA:361,16,1,0
BRDA:382,17,0,0
BRDA:382,17,1,0
BRDA:387,18,0,0
BRDA:387,18,1,0
BRDA:390,19,0,0
BRDA:390,19,1,0
BRDA:399,20,0,0
BRDA:399,20,1,0
BRDA:401,21,0,0
BRDA:401,21,1,0
BRDA:401,22,0,0
BRDA:401,22,1,0
BRDA:407,23,0,0
BRDA:407,23,1,0
BRDA:411,24,0,0
BRDA:411,24,1,0
BRDA:411,25,0,0
BRDA:411,25,1,0
BRDA:420,26,0,0
BRDA:420,26,1,0
BRDA:423,27,0,0
BRDA:423,27,1,0
BRDA:428,28,0,0
BRDA:428,28,1,0
BRDA:432,29,0,0
BRDA:432,29,1,0
BRDA:456,30,0,0
BRDA:456,30,1,0
BRDA:471,31,0,0
BRDA:471,31,1,0
BRDA:471,31,2,0
BRDA:474,32,0,0
BRDA:474,32,1,0
BRDA:480,33,0,0
BRDA:480,33,1,0
BRDA:488,34,0,0
BRDA:488,34,1,0
BRDA:491,35,0,0
BRDA:491,35,1,0
BRDA:490,36,0,0
BRDA:490,36,1,0
BRDA:501,37,0,0
BRDA:501,37,1,0
BRDA:504,38,0,0
BRDA:504,38,1,0
BRDA:503,39,0,0
BRDA:503,39,1,0
BRDA:511,40,0,0
BRDA:511,40,1,0
BRDA:513,41,0,0
BRDA:513,41,1,0
BRDA:520,42,0,0
BRDA:520,42,1,0
BRDA:522,43,0,0
BRDA:522,43,1,0
BRDA:56,44,0,0
BRDA:61,45,0,0
BRDA:61,45,1,0
BRDA:65,46,0,0
BRDA:65,46,1,0
BRDA:67,47,0,0
BRDA:67,47,1,0
BRDA:75,48,0,0
BRDA:75,48,1,0
BRDA:74,49,0,0
BRDA:74,49,1,0
BRDA:77,50,0,0
BRDA:77,50,1,0
BRDA:85,51,0,0
BRDA:85,51,1,0
BRDA:91,52,0,0
BRDA:91,52,1,0
BRDA:97,53,0,0
BRDA:97,53,1,0
BRDA:103,54,0,0
BRDA:103,54,1,0
BRDA:110,55,0,0
BRDA:110,55,1,0
BRDA:122,56,0,0
BRDA:122,56,1,0
BRDA:128,57,0,0
BRDA:128,57,1,0
BRDA:129,58,0,0
BRDA:129,58,1,0
BRDA:129,58,2,0
BRDA:144,59,0,0
BRDA:144,59,1,0
BRDA:159,60,0,0
BRDA:159,60,1,0
BRDA:161,61,0,0
BRDA:161,61,1,0
BRDA:162,62,0,0
BRDA:162,62,1,0
BRDA:166,63,0,0
BRDA:166,63,1,0
BRDA:169,64,0,0
BRDA:169,64,1,0
BRDA:184,65,0,0
BRDA:184,65,1,0
BRDA:188,66,0,0
BRDA:188,66,1,0
BRDA:191,67,0,0
BRDA:191,67,1,0
BRDA:194,68,0,0
BRDA:194,68,1,0
BRDA:200,69,0,0
BRDA:200,69,1,0
BRDA:201,70,0,0
BRDA:201,70,1,0
BRDA:204,71,0,0
BRDA:204,71,1,0
BRDA:219,72,0,0
BRDA:219,72,1,0
BRDA:233,73,0,0
BRDA:233,73,1,0
BRDA:239,74,0,0
BRDA:239,74,1,0
BRDA:240,75,0,0
BRDA:240,75,1,0
BRDA:245,76,0,0
BRDA:245,76,1,0
BRDA:253,77,0,0
BRDA:253,77,1,0
BRDA:253,78,0,0
BRDA:253,78,1,0
BRDA:253,79,0,0
BRDA:253,79,1,0
BRDA:264,80,0,0
BRDA:264,80,1,0
BRDA:264,81,0,0
BRDA:264,81,1,0
BRDA:276,82,0,0
BRDA:276,82,1,0
BRDA:548,83,0,0
BRDA:548,83,1,0
BRDA:548,84,0,0
BRDA:548,84,1,0
BRDA:551,85,0,0
BRDA:551,85,1,0
BRDA:553,86,0,0
BRDA:553,86,1,0
BRDA:558,87,0,0
BRDA:558,87,1,0
BRDA:558,88,0,0
BRDA:558,88,1,0
BRDA:593,89,0,0
BRDA:593,89,1,0
BRDA:594,90,0,0
BRDA:594,90,1,0
BRDA:594,90,2,0
BRDA:597,91,0,0
BRDA:597,91,1,0
BRDA:602,92,0,0
BRDA:602,92,1,0
BRDA:606,93,0,0
BRDA:606,93,1,0
BRDA:606,94,0,0
BRDA:606,94,1,0
BRDA:606,94,2,0
BRDA:607,95,0,0
BRDA:607,95,1,0
BRDA:614,96,0,0
BRDA:614,96,1,0
BRDA:623,97,0,0
BRDA:628,98,0,0
BRDA:628,98,1,0
BRDA:636,99,0,0
BRDA:636,99,1,0
BRDA:656,100,0,0
BRDA:656,100,1,0
BRDA:674,101,0,0
BRDA:677,102,0,0
BRDA:677,102,1,0
BRDA:681,103,0,0
BRDA:681,103,1,0
BRDA:690,104,0,0
BRDA:690,104,1,0
BRDA:711,105,0,0
BRDA:711,105,1,0
BRDA:712,106,0,0
BRDA:712,106,1,0
BRDA:712,107,0,0
BRDA:712,107,1,0
BRDA:712,107,2,0
BRDA:717,108,0,0
BRDA:717,108,1,0
BRDA:721,109,0,0
BRDA:721,109,1,0
BRDA:725,110,0,0
BRDA:725,110,1,0
BRDA:725,111,0,0
BRDA:725,111,1,0
BRDA:729,112,0,0
BRDA:729,112,1,0
BRDA:729,113,0,0
BRDA:729,113,1,0
BRDA:759,114,0,0
BRDA:770,115,0,0
BRDA:770,115,1,0
BRDA:770,116,0,0
BRDA:770,116,1,0
BRDA:770,117,0,0
BRDA:770,117,1,0
BRDA:771,118,0,0
BRDA:771,118,1,0
BRDA:775,119,0,0
BRDA:775,119,1,0
BRDA:775,119,2,0
BRDA:775,119,3,0
BRDA:776,120,0,0
BRDA:776,120,1,0
BRDA:778,121,0,0
BRDA:778,121,1,0
BRDA:781,122,0,0
BRDA:781,122,1,0
BRDA:785,123,0,0
BRDA:785,123,1,0
BRDA:791,124,0,0
BRDA:791,124,1,0
BRDA:792,125,0,0
BRDA:792,125,1,0
BRDA:803,126,0,0
BRDA:803,126,1,0
BRDA:806,127,0,0
BRDA:806,127,1,0
BRDA:811,128,0,0
BRDA:811,128,1,0
BRDA:812,129,0,0
BRDA:812,129,1,0
BRDA:813,130,0,0
BRDA:813,130,1,0
BRDA:828,131,0,0
BRDA:828,131,1,0
BRDA:835,132,0,0
BRDA:835,132,1,0
BRDA:842,133,0,0
BRDA:842,133,1,0
BRDA:845,134,0,0
BRDA:845,134,1,0
BRDA:857,135,0,0
BRDA:857,135,1,0
BRDA:894,136,0,0
BRDA:894,136,1,0
BRDA:897,137,0,0
BRDA:897,137,1,0
BRDA:922,138,0,0
BRDA:922,138,1,0
BRDA:928,139,0,0
BRDA:928,139,1,0
BRDA:929,140,0,0
BRDA:929,140,1,0
BRDA:929,141,0,0
BRDA:929,141,1,0
BRDA:949,142,0,0
BRDA:949,142,1,0
BRDA:951,143,0,0
BRDA:951,143,1,0
BRDA:951,144,0,0
BRDA:951,144,1,0
BRDA:966,145,0,0
BRDA:966,145,1,0
BRDA:969,146,0,0
BRDA:969,146,1,0
BRDA:970,147,0,0
BRDA:970,147,1,0
BRDA:974,148,0,0
BRDA:974,148,1,0
BRDA:974,149,0,0
BRDA:974,149,1,0
BRDA:976,150,0,0
BRDA:976,150,1,0
BRDA:978,151,0,0
BRDA:978,151,1,0
BRDA:992,152,0,0
BRDA:992,152,1,0
BRDA:1000,153,0,0
BRDA:1000,153,1,0
BRDA:1023,154,0,0
BRDA:1023,154,1,0
BRDA:1046,155,0,0
BRDA:1046,155,1,0
BRDA:1046,156,0,0
BRDA:1046,156,1,0
BRDA:1046,156,2,0
BRDA:1046,156,3,0
BRDA:1046,156,4,0
BRDA:1046,156,5,0
BRDA:1046,156,6,0
BRDA:1070,157,0,0
BRDA:1070,157,1,0
BRDA:1079,158,0,0
BRDA:1079,158,1,0
BRDA:1081,159,0,0
BRDA:1081,159,1,0
BRDA:1086,160,0,0
BRDA:1086,160,1,0
BRDA:1095,161,0,0
BRDA:1095,161,1,0
BRDA:1096,162,0,0
BRDA:1096,162,1,0
BRDA:1096,163,0,0
BRDA:1096,163,1,0
BRDA:1112,164,0,0
BRDA:1112,164,1,0
BRDA:1115,165,0,0
BRDA:1115,165,1,0
BRDA:1139,166,0,0
BRDA:1139,166,1,0
BRDA:1145,167,0,0
BRDA:1145,167,1,0
BRDA:1161,168,0,0
BRDA:1161,168,1,0
BRDA:1176,169,0,0
BRDA:1176,169,1,0
BRDA:1178,170,0,0
BRDA:1178,170,1,0
BRDA:1200,171,0,0
BRDA:1200,171,1,0
BRDA:1223,172,0,0
BRDA:1223,172,1,0
BRDA:1226,173,0,0
BRDA:1226,173,1,0
BRDA:1227,174,0,0
BRDA:1227,174,1,0
BRDA:1229,175,0,0
BRDA:1229,175,1,0
BRDA:1235,176,0,0
BRDA:1235,176,1,0
BRDA:1234,177,0,0
BRDA:1234,177,1,0
BRDA:1246,178,0,0
BRDA:1246,178,1,0
BRDA:1246,179,0,0
BRDA:1246,179,1,0
BRDA:1251,180,0,0
BRDA:1251,180,1,0
BRDA:1298,181,0,0
BRDA:1298,181,1,0
BRDA:1298,182,0,0
BRDA:1298,182,1,0
BRDA:1302,183,0,0
BRDA:1302,183,1,0
BRDA:1307,184,0,0
BRDA:1307,184,1,0
BRDA:1307,185,0,0
BRDA:1307,185,1,0
BRDA:1310,186,0,0
BRDA:1310,186,1,0
BRDA:1310,187,0,0
BRDA:1310,187,1,0
BRDA:1315,188,0,0
BRDA:1315,188,1,0
BRDA:1315,189,0,0
BRDA:1315,189,1,0
BRDA:1318,190,0,0
BRDA:1318,190,1,0
BRDA:1318,191,0,0
BRDA:1318,191,1,0
BRDA:1322,192,0,0
BRDA:1322,192,1,0
BRDA:1322,193,0,0
BRDA:1322,193,1,0
BRDA:1325,194,0,0
BRDA:1325,194,1,0
BRDA:1325,195,0,0
BRDA:1325,195,1,0
BRDA:1328,196,0,0
BRDA:1328,196,1,0
BRDA:1329,197,0,0
BRDA:1329,197,1,0
BRDA:1329,197,2,0
BRDA:1337,198,0,0
BRDA:1337,198,1,0
BRDA:1337,199,0,0
BRDA:1337,199,1,0
BRDA:1340,200,0,0
BRDA:1340,200,1,0
BRDA:1340,201,0,0
BRDA:1340,201,1,0
BRDA:1344,202,0,0
BRDA:1344,202,1,0
BRDA:1344,203,0,0
BRDA:1344,203,1,0
BRDA:1347,204,0,0
BRDA:1347,204,1,0
BRDA:1347,205,0,0
BRDA:1347,205,1,0
BRDA:1351,206,0,0
BRDA:1351,206,1,0
BRDA:1355,207,0,0
BRDA:1355,207,1,0
BRDA:1355,208,0,0
BRDA:1355,208,1,0
BRDA:1365,209,0,0
BRDA:1365,209,1,0
BRDA:1367,210,0,0
BRDA:1367,210,1,0
BRDA:1386,211,0,0
BRDA:1386,211,1,0
BRDA:1386,212,0,0
BRDA:1386,212,1,0
BRDA:1388,213,0,0
BRDA:1388,213,1,0
BRDA:1388,214,0,0
BRDA:1388,214,1,0
BRDA:1396,215,0,0
BRDA:1396,215,1,0
BRDA:1397,216,0,0
BRDA:1397,216,1,0
BRDA:1399,217,0,0
BRDA:1399,217,1,0
BRDA:1400,218,0,0
BRDA:1400,218,1,0
BRDA:1401,219,0,0
BRDA:1401,219,1,0
BRDA:1401,220,0,0
BRDA:1401,220,1,0
BRDA:1401,220,2,0
BRDA:1404,221,0,0
BRDA:1404,221,1,0
BRDA:1406,222,0,0
BRDA:1406,222,1,0
BRDA:1423,223,0,0
BRDA:1423,223,1,0
BRDA:1425,224,0,0
BRDA:1425,224,1,0
BRDA:1426,225,0,0
BRDA:1426,225,1,0
BRDA:1430,226,0,0
BRDA:1430,226,1,0
BRDA:1430,227,0,0
BRDA:1430,227,1,0
BRDA:1432,228,0,0
BRDA:1432,228,1,0
BRDA:1432,229,0,0
BRDA:1432,229,1,0
BRDA:1437,230,0,0
BRDA:1437,230,1,0
BRDA:1441,231,0,0
BRDA:1441,231,1,0
BRDA:1443,232,0,0
BRDA:1443,232,1,0
BRDA:1443,233,0,0
BRDA:1443,233,1,0
BRDA:1450,234,0,0
BRDA:1450,234,1,0
BRDA:1450,235,0,0
BRDA:1450,235,1,0
BRDA:1462,236,0,0
BRDA:1462,236,1,0
BRDA:1475,237,0,0
BRDA:1475,237,1,0
BRDA:1481,238,0,0
BRDA:1481,238,1,0
BRDA:1486,239,0,0
BRDA:1486,239,1,0
BRDA:1486,240,0,0
BRDA:1486,240,1,0
BRDA:1486,240,2,0
BRDA:1489,241,0,0
BRDA:1489,241,1,0
BRDA:1501,242,0,0
BRDA:1501,242,1,0
BRDA:1505,243,0,0
BRDA:1505,243,1,0
BRDA:1513,244,0,0
BRDA:1513,244,1,0
BRDA:1530,245,0,0
BRDA:1530,245,1,0
BRDA:1539,246,0,0
BRDA:1539,246,1,0
BRDA:1540,247,0,0
BRDA:1540,247,1,0
BRDA:1540,248,0,0
BRDA:1540,248,1,0
BRDA:1540,248,2,0
BRDA:1546,249,0,0
BRDA:1546,249,1,0
BRDA:1546,250,0,0
BRDA:1546,250,1,0
BRDA:1553,251,0,0
BRDA:1553,251,1,0
BRDA:1553,252,0,0
BRDA:1553,252,1,0
BRDA:1556,253,0,0
BRDA:1556,253,1,0
BRDA:1565,254,0,0
BRDA:1565,254,1,0
BRDA:1565,255,0,0
BRDA:1565,255,1,0
BRDA:1580,256,0,0
BRDA:1580,256,1,0
BRDA:1583,257,0,0
BRDA:1583,257,1,0
BRDA:1596,258,0,0
BRDA:1596,258,1,0
BRDA:1621,259,0,0
BRDA:1621,259,1,0
BRDA:1624,260,0,0
BRDA:1624,260,1,0
BRDA:1629,261,0,0
BRDA:1629,261,1,0
BRDA:1625,262,0,0
BRDA:1625,262,1,0
BRDA:1625,262,2,0
BRDA:1640,263,0,0
BRDA:1640,263,1,0
BRDA:1640,263,2,0
BRDA:1658,264,0,0
BRDA:1658,264,1,0
BRDA:1665,265,0,0
BRDA:1665,265,1,0
BRDA:1666,266,0,0
BRDA:1666,266,1,0
BRDA:1666,266,2,0
BRDA:1667,267,0,0
BRDA:1667,267,1,0
BRDA:1683,268,0,0
BRDA:1683,268,1,0
BRDA:1684,269,0,0
BRDA:1684,269,1,0
BRDA:1706,270,0,0
BRDA:1706,270,1,0
BRDA:1710,271,0,0
BRDA:1710,271,1,0
BRDA:1726,272,0,0
BRDA:1726,272,1,0
BRDA:1726,273,0,0
BRDA:1726,273,1,0
BRDA:1726,273,2,0
BRDA:1726,273,3,0
BRDA:1736,274,0,0
BRDA:1736,274,1,0
BRDA:1736,275,0,0
BRDA:1736,275,1,0
BRDA:1737,276,0,0
BRDA:1737,276,1,0
BRDA:1740,277,0,0
BRDA:1740,277,1,0
BRDA:1742,278,0,0
BRDA:1742,278,1,0
BRDA:1748,279,0,0
BRDA:1748,279,1,0
BRDA:1750,280,0,0
BRDA:1750,280,1,0
BRDA:1756,281,0,0
BRDA:1756,281,1,0
BRDA:1756,282,0,0
BRDA:1756,282,1,0
BRDA:1757,283,0,0
BRDA:1757,283,1,0
BRDA:1771,284,0,0
BRDA:1771,284,1,0
BRDA:1771,285,0,0
BRDA:1771,285,1,0
BRDA:1771,285,2,0
BRDA:1771,285,3,0
BRDA:1781,286,0,0
BRDA:1781,286,1,0
BRDA:1781,287,0,0
BRDA:1781,287,1,0
BRDA:1782,288,0,0
BRDA:1782,288,1,0
BRDA:1785,289,0,0
BRDA:1785,289,1,0
BRDA:1787,290,0,0
BRDA:1787,290,1,0
BRDA:1793,291,0,0
BRDA:1793,291,1,0
BRDA:1795,292,0,0
BRDA:1795,292,1,0
BRDA:1801,293,0,0
BRDA:1801,293,1,0
BRDA:1801,294,0,0
BRDA:1801,294,1,0
BRDA:1802,295,0,0
BRDA:1802,295,1,0
BRDA:1820,296,0,0
BRDA:1820,296,1,0
BRDA:1828,297,0,0
BRDA:1828,297,1,0
BRDA:1834,298,0,0
BRDA:1834,298,1,0
BRDA:1852,299,0,0
BRDA:1852,299,1,0
BRDA:1855,300,0,0
BRDA:1855,300,1,0
BRF:621
BRH:0
end_of_record
TN:
SF:prisma\Studio\-angular-prisma-examples-typescript-sofadognewapi\src\runtime\visit.ts
FN:9,visit
FN:10,(anonymous_542)
FN:13,(anonymous_543)
FN:21,visitField
FN:22,(anonymous_545)
FN:24,(anonymous_546)
FN:31,(anonymous_547)
FN:38,(anonymous_548)
FN:53,isArgsArray
FN:55,(anonymous_550)
FN:61,visitArg
FN:62,mapArgs
FN:64,(anonymous_553)
FN:65,(anonymous_554)
FNF:14
FNH:0
FNDA:0,visit
FNDA:0,(anonymous_542)
FNDA:0,(anonymous_543)
FNDA:0,visitField
FNDA:0,(anonymous_545)
FNDA:0,(anonymous_546)
FNDA:0,(anonymous_547)
FNDA:0,(anonymous_548)
FNDA:0,isArgsArray
FNDA:0,(anonymous_550)
FNDA:0,visitArg
FNDA:0,mapArgs
FNDA:0,(anonymous_553)
FNDA:0,(anonymous_554)
DA:1,0
DA:9,0
DA:10,0
DA:11,0
DA:13,0
DA:15,0
DA:17,0
DA:18,0
DA:22,0
DA:23,0
DA:24,0
DA:26,0
DA:31,0
DA:33,0
DA:38,0
DA:40,0
DA:41,0
DA:44,0
DA:54,0
DA:55,0
DA:58,0
DA:63,0
DA:64,0
DA:65,0
DA:66,0
DA:68,0
DA:71,0
DA:73,0
DA:74,0
DA:75,0
DA:76,0
DA:77,0
DA:80,0
DA:81,0
DA:90,0
LF:35
LH:0
BRDA:11,0,0,0
BRDA:11,0,1,0
BRDA:12,1,0,0
BRDA:12,1,1,0
BRDA:22,2,0,0
BRDA:22,2,1,0
BRDA:23,3,0,0
BRDA:23,3,1,0
BRDA:24,4,0,0
BRDA:24,4,1,0
BRDA:26,5,0,0
BRDA:26,5,1,0
BRDA:26,5,2,0
BRDA:26,5,3,0
BRDA:26,5,4,0
BRDA:26,5,5,0
BRDA:33,6,0,0
BRDA:33,6,1,0
BRDA:33,6,2,0
BRDA:33,6,3,0
BRDA:33,6,4,0
BRDA:33,6,5,0
BRDA:40,7,0,0
BRDA:40,7,1,0
BRDA:40,8,0,0
BRDA:40,8,1,0
BRDA:54,9,0,0
BRDA:54,9,1,0
BRDA:65,10,0,0
BRDA:65,10,1,0
BRDA:65,11,0,0
BRDA:65,11,1,0
BRDA:71,12,0,0
BRDA:71,12,1,0
BRDA:74,13,0,0
BRDA:74,13,1,0
BRDA:76,14,0,0
BRDA:76,14,1,0
BRDA:80,15,0,0
BRDA:80,15,1,0
BRF:40
BRH:0
end_of_record
TN:
SF:prisma\Studio\-angular-prisma-examples-typescript-sofadognewapi\src\runtime\highlight\highlight.ts
FN:4,highlightTS
FN:8,highlight
FN:10,(anonymous_871)
FNF:3
FNH:0
FNDA:0,highlightTS
FNDA:0,highlight
FNDA:0,(anonymous_871)
DA:1,0
DA:4,0
DA:5,0
DA:9,0
DA:10,0
LF:5
LH:0
BRF:0
BRH:0
end_of_record
TN:
SF:prisma\Studio\-angular-prisma-examples-typescript-sofadognewapi\src\runtime\highlight\prism.ts
FN:25,(anonymous_73)
FN:43,(anonymous_74)
FN:47,(anonymous_75)
FN:55,deepClone
FN:86,(anonymous_77)
FN:99,(anonymous_78)
FN:118,(anonymous_79)
FN:144,(anonymous_80)
FN:154,DFS
FN:179,(anonymous_82)
FN:191,(anonymous_83)
FN:337,(anonymous_84)
FN:358,(anonymous_85)
FN:366,(anonymous_86)
FN:490,Token
FN:506,(anonymous_88)
FN:513,(anonymous_89)
FN:522,getColorForSyntaxKind
FNF:18
FNH:0
FNDA:0,(anonymous_73)
FNDA:0,(anonymous_74)
FNDA:0,(anonymous_75)
FNDA:0,deepClone
FNDA:0,(anonymous_77)
FNDA:0,(anonymous_78)
FNDA:0,(anonymous_79)
FNDA:0,(anonymous_80)
FNDA:0,DFS
FNDA:0,(anonymous_82)
FNDA:0,(anonymous_83)
FNDA:0,(anonymous_84)
FNDA:0,(anonymous_85)
FNDA:0,(anonymous_86)
FNDA:0,Token
FNDA:0,(anonymous_88)
FNDA:0,(anonymous_89)
FNDA:0,getColorForSyntaxKind
DA:1,0
DA:9,0
DA:18,0
DA:20,0
DA:26,0
DA:27,0
DA:28,0
DA:33,0
DA:34,0
DA:36,0
DA:44,0
DA:48,0
DA:49,0
DA:51,0
DA:58,0
DA:59,0
DA:61,0
DA:63,0
DA:64,0
DA:65,0
DA:67,0
DA:68,0
DA:70,0
DA:71,0
DA:72,0
DA:76,0
DA:79,0
DA:80,0
DA:81,0
DA:83,0
DA:84,0
DA:86,0
DA:87,0
DA:90,0
DA:93,0
DA:100,0
DA:102,0
DA:103,0
DA:106,0
DA:119,0
DA:120,0
DA:121,0
DA:123,0
DA:124,0
DA:125,0
DA:126,0
DA:127,0
DA:128,0
DA:134,0
DA:135,0
DA:140,0
DA:141,0
DA:144,0
DA:145,0
DA:146,0
DA:150,0
DA:155,0
DA:157,0
DA:159,0
DA:160,0
DA:161,0
DA:163,0
DA:164,0
DA:166,0
DA:167,0
DA:168,0
DA:169,0
DA:170,0
DA:171,0
DA:180,0
DA:185,0
DA:186,0
DA:187,0
DA:188,0
DA:200,0
DA:201,0
DA:202,0
DA:205,0
DA:206,0
DA:209,0
DA:210,0
DA:212,0
DA:213,0
DA:214,0
DA:215,0
DA:216,0
DA:217,0
DA:218,0
DA:220,0
DA:222,0
DA:223,0
DA:226,0
DA:229,0
DA:230,0
DA:234,0
DA:236,0
DA:238,0
DA:241,0
DA:242,0
DA:245,0
DA:246,0
DA:247,0
DA:248,0
DA:249,0
DA:252,0
DA:253,0
DA:254,0
DA:255,0
DA:257,0
DA:258,0
DA:262,0
DA:264,0
DA:266,0
DA:271,0
DA:272,0
DA:276,0
DA:277,0
DA:278,0
DA:280,0
DA:282,0
DA:283,0
DA:286,0
DA:287,0
DA:288,0
DA:291,0
DA:294,0
DA:295,0
DA:298,0
DA:299,0
DA:300,0
DA:301,0
DA:302,0
DA:304,0
DA:306,0
DA:308,0
DA:309,0
DA:312,0
DA:320,0
DA:322,0
DA:323,0
DA:326,0
DA:328,0
DA:329,0
DA:331,0
DA:338,0
DA:340,0
DA:342,0
DA:343,0
DA:344,0
DA:350,0
DA:352,0
DA:359,0
DA:361,0
DA:363,0
DA:367,0
DA:369,0
DA:370,0
DA:373,0
DA:374,0
DA:382,0
DA:413,0
DA:437,0
DA:441,0
DA:476,0
DA:477,0
DA:480,0
DA:482,0
DA:488,0
DA:490,0
DA:498,0
DA:499,0
DA:500,0
DA:502,0
DA:503,0
DA:506,0
DA:507,0
DA:508,0
DA:511,0
DA:512,0
DA:514,0
DA:519,0
DA:523,0
LF:182
LH:0
BRDA:21,0,0,0
BRDA:21,0,1,0
BRDA:23,1,0,0
BRDA:23,1,1,0
BRDA:26,2,0,0
BRDA:26,2,1,0
BRDA:33,3,0,0
BRDA:33,3,1,0
BRDA:48,4,0,0
BRDA:48,4,1,0
BRDA:59,5,0,0
BRDA:59,5,1,0
BRDA:62,6,0,0
BRDA:62,6,1,0
BRDA:62,6,2,0
BRDA:64,7,0,0
BRDA:64,7,1,0
BRDA:71,8,0,0
BRDA:71,8,1,0
BRDA:80,9,0,0
BRDA:80,9,1,0
BRDA:119,10,0,0
BRDA:119,10,1,0
BRDA:124,11,0,0
BRDA:124,11,1,0
BRDA:125,12,0,0
BRDA:125,12,1,0
BRDA:127,13,0,0
BRDA:127,13,1,0
BRDA:134,14,0,0
BRDA:134,14,1,0
BRDA:145,15,0,0
BRDA:145,15,1,0
BRDA:145,16,0,0
BRDA:145,16,1,0
BRDA:155,17,0,0
BRDA:155,17,1,0
BRDA:160,18,0,0
BRDA:160,18,1,0
BRDA:161,19,0,0
BRDA:161,19,1,0
BRDA:166,20,0,0
BRDA:166,20,1,0
BRDA:166,21,0,0
BRDA:166,21,1,0
BRDA:169,22,0,0
BRDA:169,22,1,0
BRDA:169,23,0,0
BRDA:169,23,1,0
BRDA:201,24,0,0
BRDA:201,24,1,0
BRDA:201,25,0,0
BRDA:201,25,1,0
BRDA:205,26,0,0
BRDA:205,26,1,0
BRDA:210,27,0,0
BRDA:210,27,1,0
BRDA:220,28,0,0
BRDA:220,28,1,0
BRDA:220,29,0,0
BRDA:220,29,1,0
BRDA:226,30,0,0
BRDA:226,30,1,0
BRDA:236,31,0,0
BRDA:236,31,1,0
BRDA:241,32,0,0
BRDA:241,32,1,0
BRDA:245,33,0,0
BRDA:245,33,1,0
BRDA:245,34,0,0
BRDA:245,34,1,0
BRDA:248,35,0,0
BRDA:248,35,1,0
BRDA:252,36,0,0
BRDA:252,36,1,0
BRDA:259,37,0,0
BRDA:259,37,1,0
BRDA:259,37,2,0
BRDA:259,37,3,0
BRDA:264,38,0,0
BRDA:264,38,1,0
BRDA:271,39,0,0
BRDA:271,39,1,0
BRDA:286,40,0,0
BRDA:286,40,1,0
BRDA:287,41,0,0
BRDA:287,41,1,0
BRDA:294,42,0,0
BRDA:294,42,1,0
BRDA:295,43,0,0
BRDA:295,43,1,0
BRDA:306,44,0,0
BRDA:306,44,1,0
BRDA:314,45,0,0
BRDA:314,45,1,0
BRDA:322,46,0,0
BRDA:322,46,1,0
BRDA:328,47,0,0
BRDA:328,47,1,0
BRDA:331,48,0,0
BRDA:331,48,1,0
BRDA:342,49,0,0
BRDA:342,49,1,0
BRDA:361,50,0,0
BRDA:361,50,1,0
BRDA:369,51,0,0
BRDA:369,51,1,0
BRDA:369,52,0,0
BRDA:369,52,1,0
BRDA:476,53,0,0
BRDA:476,53,1,0
BRDA:502,54,0,0
BRDA:502,54,1,0
BRDA:507,55,0,0
BRDA:507,55,1,0
BRDA:511,56,0,0
BRDA:511,56,1,0
BRDA:523,57,0,0
BRDA:523,57,1,0
BRF:119
BRH:0
end_of_record
TN:
SF:prisma\Studio\-angular-prisma-examples-typescript-sofadognewapi\src\runtime\highlight\theme.ts
FN:8,(anonymous_858)
FNF:1
FNH:0
FNDA:0,(anonymous_858)
DA:1,0
DA:4,0
DA:5,0
DA:6,0
DA:7,0
DA:8,0
DA:10,0
LF:7
LH:0
BRF:0
BRH:0
end_of_record
TN:
SF:prisma\Studio\-angular-prisma-examples-typescript-sofadognewapi\src\runtime\utils\common.ts
FN:13,(anonymous_742)
FN:14,(anonymous_743)
FN:32,isScalar
FN:61,stringifyGraphQLType
FN:70,wrapWithList
FN:78,getGraphQLType
FN:86,(anonymous_748)
FN:143,graphQLToJSType
FN:147,getSuggestion
FN:155,(anonymous_751)
FN:170,(anonymous_752)
FN:179,stringifyInputType
FN:194,(anonymous_754)
FN:201,(anonymous_755)
FN:226,argIsInputType
FN:234,getInputTypeName
FN:244,getOutputTypeName
FN:254,inputTypeToJson
FN:273,(anonymous_760)
FN:280,(anonymous_761)
FN:290,destroyCircular
FN:330,unionBy
FN:351,uniqBy
FN:364,capitalize
FN:372,lowerCase
FNF:25
FNH:0
FNDA:0,(anonymous_742)
FNDA:0,(anonymous_743)
FNDA:0,isScalar
FNDA:0,stringifyGraphQLType
FNDA:0,wrapWithList
FNDA:0,getGraphQLType
FNDA:0,(anonymous_748)
FNDA:0,graphQLToJSType
FNDA:0,getSuggestion
FNDA:0,(anonymous_751)
FNDA:0,(anonymous_752)
FNDA:0,stringifyInputType
FNDA:0,(anonymous_754)
FNDA:0,(anonymous_755)
FNDA:0,argIsInputType
FNDA:0,getInputTypeName
FNDA:0,getOutputTypeName
FNDA:0,inputTypeToJson
FNDA:0,(anonymous_760)
FNDA:0,(anonymous_761)
FNDA:0,destroyCircular
FNDA:0,unionBy
FNDA:0,uniqBy
FNDA:0,capitalize
FNDA:0,lowerCase
DA:1,0
DA:2,0
DA:3,0
DA:10,0
DA:14,0
DA:15,0
DA:16,0
DA:20,0
DA:32,0
DA:33,0
DA:34,0
DA:36,0
DA:39,0
DA:51,0
DA:55,0
DA:61,0
DA:64,0
DA:65,0
DA:67,0
DA:70,0
DA:71,0
DA:72,0
DA:75,0
DA:78,0
DA:82,0
DA:83,0
DA:85,0
DA:86,0
DA:87,0
DA:88,0
DA:89,0
DA:91,0
DA:95,0
DA:96,0
DA:99,0
DA:101,0
DA:102,0
DA:103,0
DA:104,0
DA:106,0
DA:109,0
DA:110,0
DA:112,0
DA:113,0
DA:118,0
DA:120,0
DA:121,0
DA:127,0
DA:129,0
DA:130,0
DA:132,0
DA:137,0
DA:140,0
DA:143,0
DA:144,0
DA:147,0
DA:151,0
DA:156,0
DA:157,0
DA:158,0
DA:164,0
DA:170,0
DA:176,0
DA:179,0
DA:183,0
DA:184,0
DA:186,0
DA:187,0
DA:192,0
DA:195,0
DA:196,0
DA:197,0
DA:202,0
DA:211,0
DA:212,0
DA:215,0
DA:220,0
DA:227,0
DA:228,0
DA:231,0
DA:234,0
DA:237,0
DA:238,0
DA:241,0
DA:244,0
DA:247,0
DA:248,0
DA:251,0
DA:254,0
DA:259,0
DA:260,0
DA:263,0
DA:264,0
DA:268,0
DA:272,0
DA:273,0
DA:276,0
DA:277,0
DA:280,0
DA:281,0
DA:282,0
DA:286,0
DA:290,0
DA:291,0
DA:293,0
DA:295,0
DA:296,0
DA:298,0
DA:299,0
DA:302,0
DA:303,0
DA:304,0
DA:307,0
DA:308,0
DA:309,0
DA:312,0
DA:315,0
DA:316,0
DA:319,0
DA:320,0
DA:323,0
DA:324,0
DA:327,0
DA:330,0
DA:335,0
DA:337,0
DA:338,0
DA:341,0
DA:342,0
DA:343,0
DA:344,0
DA:348,0
DA:351,0
DA:355,0
DA:357,0
DA:358,0
DA:361,0
DA:364,0
DA:365,0
DA:372,0
DA:373,0
LF:141
LH:0
BRDA:33,0,0,0
BRDA:33,0,1,0
BRDA:36,1,0,0
BRDA:36,1,1,0
BRDA:64,2,0,0
BRDA:64,2,1,0
BRDA:71,3,0,0
BRDA:71,3,1,0
BRDA:82,4,0,0
BRDA:82,4,1,0
BRDA:85,5,0,0
BRDA:85,5,1,0
BRDA:88,6,0,0
BRDA:88,6,1,0
BRDA:95,7,0,0
BRDA:95,7,1,0
BRDA:95,8,0,0
BRDA:95,8,1,0
BRDA:102,9,0,0
BRDA:102,9,1,0
BRDA:103,10,0,0
BRDA:103,10,1,0
BRDA:109,11,0,0
BRDA:109,11,1,0
BRDA:112,12,0,0
BRDA:112,12,1,0
BRDA:113,13,0,0
BRDA:113,13,1,0
BRDA:121,14,0,0
BRDA:121,14,1,0
BRDA:122,15,0,0
BRDA:122,15,1,0
BRDA:122,15,2,0
BRDA:122,15,3,0
BRDA:129,16,0,0
BRDA:129,16,1,0
BRDA:132,17,0,0
BRDA:132,17,1,0
BRDA:157,18,0,0
BRDA:157,18,1,0
BRDA:181,19,0,0
BRDA:183,20,0,0
BRDA:183,20,1,0
BRDA:186,21,0,0
BRDA:186,21,1,0
BRDA:197,22,0,0
BRDA:197,22,1,0
BRDA:198,23,0,0
BRDA:198,23,1,0
BRDA:203,24,0,0
BRDA:203,24,1,0
BRDA:211,25,0,0
BRDA:211,25,1,0
BRDA:227,26,0,0
BRDA:227,26,1,0
BRDA:237,27,0,0
BRDA:237,27,1,0
BRDA:247,28,0,0
BRDA:247,28,1,0
BRDA:257,29,0,0
BRDA:259,30,0,0
BRDA:259,30,1,0
BRDA:263,31,0,0
BRDA:263,31,1,0
BRDA:272,32,0,0
BRDA:272,32,1,0
BRDA:272,32,2,0
BRDA:272,32,3,0
BRDA:276,33,0,0
BRDA:276,33,1,0
BRDA:282,34,0,0
BRDA:282,34,1,0
BRDA:284,35,0,0
BRDA:284,35,1,0
BRDA:283,36,0,0
BRDA:283,36,1,0
BRDA:283,36,2,0
BRDA:290,37,0,0
BRDA:291,38,0,0
BRDA:291,38,1,0
BRDA:298,39,0,0
BRDA:298,39,1,0
BRDA:302,40,0,0
BRDA:302,40,1,0
BRDA:302,41,0,0
BRDA:302,41,1,0
BRDA:307,42,0,0
BRDA:307,42,1,0
BRDA:315,43,0,0
BRDA:315,43,1,0
BRDA:319,44,0,0
BRDA:319,44,1,0
BRDA:323,45,0,0
BRDA:323,45,1,0
BRDA:343,46,0,0
BRDA:343,46,1,0
BRF:96
BRH:0
end_of_record
TN:
SF:prisma\Studio\-angular-prisma-examples-typescript-sofadognewapi\src\runtime\utils\dedent.ts
FN:2,dedent
FNF:1
FNH:0
FNDA:0,dedent
DA:1,0
DA:2,0
DA:3,0
LF:3
LH:0
BRF:0
BRH:0
end_of_record
TN:
SF:prisma\Studio\-angular-prisma-examples-typescript-sofadognewapi\src\runtime\utils\deep-extend.ts
FN:32,isSpecificValue
FN:36,cloneSpecificValue
FN:53,deepCloneArray
FN:55,(anonymous_680)
FN:71,safeGetProperty
FN:84,(anonymous_682)
FNF:6
FNH:0
FNDA:0,isSpecificValue
FNDA:0,cloneSpecificValue
FNDA:0,deepCloneArray
FNDA:0,(anonymous_680)
FNDA:0,safeGetProperty
FNDA:0,(anonymous_682)
DA:33,0
DA:37,0
DA:38,0
DA:39,0
DA:40,0
DA:41,0
DA:42,0
DA:43,0
DA:44,0
DA:46,0
DA:54,0
DA:55,0
DA:56,0
DA:57,0
DA:58,0
DA:59,0
DA:60,0
DA:62,0
DA:65,0
DA:68,0
DA:72,0
DA:84,0
DA:85,0
DA:86,0
DA:89,0
DA:90,0
DA:95,0
DA:97,0
DA:98,0
DA:101,0
DA:102,0
DA:103,0
DA:106,0
DA:107,0
DA:113,0
DA:114,0
DA:115,0
DA:118,0
DA:119,0
DA:120,0
DA:123,0
DA:124,0
DA:125,0
DA:128,0
DA:129,0
DA:130,0
DA:134,0
DA:135,0
DA:140,0
LF:49
LH:0
BRDA:33,0,0,0
BRDA:33,0,1,0
BRDA:33,1,0,0
BRDA:33,1,1,0
BRDA:33,1,2,0
BRDA:37,2,0,0
BRDA:37,2,1,0
BRDA:38,3,0,0
BRDA:38,3,1,0
BRDA:41,4,0,0
BRDA:41,4,1,0
BRDA:43,5,0,0
BRDA:43,5,1,0
BRDA:56,6,0,0
BRDA:56,6,1,0
BRDA:56,7,0,0
BRDA:56,7,1,0
BRDA:57,8,0,0
BRDA:57,8,1,0
BRDA:59,9,0,0
BRDA:59,9,1,0
BRDA:72,10,0,0
BRDA:72,10,1,0
BRDA:85,11,0,0
BRDA:85,11,1,0
BRDA:85,12,0,0
BRDA:85,12,1,0
BRDA:89,13,0,0
BRDA:89,13,1,0
BRDA:97,14,0,0
BRDA:97,14,1,0
BRDA:97,15,0,0
BRDA:97,15,1,0
BRDA:97,15,2,0
BRDA:106,16,0,0
BRDA:106,16,1,0
BRDA:113,17,0,0
BRDA:113,17,1,0
BRDA:113,18,0,0
BRDA:113,18,1,0
BRDA:118,19,0,0
BRDA:118,19,1,0
BRDA:123,20,0,0
BRDA:123,20,1,0
BRDA:128,21,0,0
BRDA:128,21,1,0
BRDA:128,22,0,0
BRDA:128,22,1,0
BRDA:128,22,2,0
BRF:49
BRH:0
end_of_record
TN:
SF:prisma\Studio\-angular-prisma-examples-typescript-sofadognewapi\src\runtime\utils\deep-set.ts
FN:6,(anonymous_890)
FN:12,(anonymous_891)
FN:12,(anonymous_892)
FN:25,(anonymous_893)
FN:26,(anonymous_894)
FNF:5
FNH:0
FNDA:0,(anonymous_890)
FNDA:0,(anonymous_891)
FNDA:0,(anonymous_892)
FNDA:0,(anonymous_893)
FNDA:0,(anonymous_894)
DA:6,0
DA:12,0
DA:25,0
DA:26,0
LF:4
LH:0
BRDA:6,0,0,0
BRDA:6,0,1,0
BRDA:12,1,0,0
BRDA:12,1,1,0
BRF:4
BRH:0
end_of_record
TN:
SF:prisma\Studio\-angular-prisma-examples-typescript-sofadognewapi\src\runtime\utils\filterObject.ts
FN:1,filterObject
FNF:1
FNH:0
FNDA:0,filterObject
DA:1,0
DA:2,0
DA:3,0
DA:5,0
DA:6,0
DA:7,0
DA:8,0
DA:9,0
DA:12,0
LF:9
LH:0
BRDA:2,0,0,0
BRDA:2,0,1,0
BRDA:2,1,0,0
BRDA:2,1,1,0
BRDA:2,1,2,0
BRDA:8,2,0,0
BRDA:8,2,1,0
BRDA:8,3,0,0
BRDA:8,3,1,0
BRF:9
BRH:0
end_of_record
TN:
SF:prisma\Studio\-angular-prisma-examples-typescript-sofadognewapi\src\runtime\utils\flatMap.ts
FN:1,flatten
FN:5,flatMap
FNF:2
FNH:0
FNDA:0,flatten
FNDA:0,flatMap
DA:2,0
DA:5,0
DA:10,0
LF:3
LH:0
BRF:0
BRH:0
end_of_record
TN:
SF:prisma\Studio\-angular-prisma-examples-typescript-sofadognewapi\src\runtime\utils\omit.ts
FN:6,omit
FNF:1
FNH:0
FNDA:0,omit
DA:6,0
DA:7,0
DA:8,0
DA:9,0
DA:10,0
DA:11,0
DA:14,0
LF:7
LH:0
BRDA:8,0,0,0
BRDA:8,0,1,0
BRDA:10,1,0,0
BRDA:10,1,1,0
BRDA:10,2,0,0
BRDA:10,2,1,0
BRF:6
BRH:0
end_of_record
TN:
SF:prisma\Studio\-angular-prisma-examples-typescript-sofadognewapi\src\runtime\utils\printJsonErrors.ts
FN:21,printJsonWithErrors
FN:34,(anonymous_928)
FN:38,(anonymous_929)
FN:62,(anonymous_930)
FN:72,(anonymous_931)
FN:145,getValueLength
FN:167,getLongestLine
FN:170,(anonymous_934)
FN:173,prefixLines
FN:176,(anonymous_936)
FN:183,(anonymous_937)
FNF:11
FNH:0
FNDA:0,printJsonWithErrors
FNDA:0,(anonymous_928)
FNDA:0,(anonymous_929)
FNDA:0,(anonymous_930)
FNDA:0,(anonymous_931)
FNDA:0,getValueLength
FNDA:0,getLongestLine
FNDA:0,(anonymous_934)
FNDA:0,prefixLines
FNDA:0,(anonymous_936)
FNDA:0,(anonymous_937)
DA:1,0
DA:2,0
DA:3,0
DA:4,0
DA:12,0
DA:21,0
DA:27,0
DA:28,0
DA:29,0
DA:32,0
DA:35,0
DA:36,0
DA:37,0
DA:38,0
DA:40,0
DA:42,0
DA:44,0
DA:45,0
DA:47,0
DA:48,0
DA:49,0
DA:50,0
DA:57,0
DA:58,0
DA:60,0
DA:62,0
DA:63,0
DA:65,0
DA:66,0
DA:67,0
DA:69,0
DA:70,0
DA:73,0
DA:77,0
DA:78,0
DA:79,0
DA:80,0
DA:83,0
DA:88,0
DA:91,0
DA:92,0
DA:95,0
DA:106,0
DA:107,0
DA:108,0
DA:109,0
DA:113,0
DA:116,0
DA:119,0
DA:124,0
DA:125,0
DA:129,0
DA:130,0
DA:137,0
DA:139,0
DA:151,0
DA:152,0
DA:154,0
DA:155,0
DA:158,0
DA:159,0
DA:164,0
DA:168,0
DA:170,0
DA:174,0
DA:177,0
DA:185,0
LF:67
LH:0
BRDA:42,0,0,0
BRDA:42,0,1,0
BRDA:44,1,0,0
BRDA:44,1,1,0
BRDA:47,2,0,0
BRDA:47,2,1,0
BRDA:48,3,0,0
BRDA:48,3,1,0
BRDA:49,4,0,0
BRDA:49,4,1,0
BRDA:57,5,0,0
BRDA:57,5,1,0
BRDA:66,6,0,0
BRDA:66,6,1,0
BRDA:69,7,0,0
BRDA:69,7,1,0
BRDA:69,8,0,0
BRDA:69,8,1,0
BRDA:69,8,2,0
BRDA:73,9,0,0
BRDA:73,9,1,0
BRDA:77,10,0,0
BRDA:77,10,1,0
BRDA:77,11,0,0
BRDA:77,11,1,0
BRDA:79,12,0,0
BRDA:79,12,1,0
BRDA:83,13,0,0
BRDA:83,13,1,0
BRDA:83,14,0,0
BRDA:83,14,1,0
BRDA:83,14,2,0
BRDA:83,14,3,0
BRDA:91,15,0,0
BRDA:91,15,1,0
BRDA:92,16,0,0
BRDA:92,16,1,0
BRDA:99,17,0,0
BRDA:99,17,1,0
BRDA:106,18,0,0
BRDA:106,18,1,0
BRDA:106,19,0,0
BRDA:106,19,1,0
BRDA:110,20,0,0
BRDA:110,20,1,0
BRDA:114,21,0,0
BRDA:114,21,1,0
BRDA:117,22,0,0
BRDA:117,22,1,0
BRDA:117,22,2,0
BRDA:120,23,0,0
BRDA:120,23,1,0
BRDA:124,24,0,0
BRDA:124,24,1,0
BRDA:124,25,0,0
BRDA:124,25,1,0
BRDA:124,25,2,0
BRDA:129,26,0,0
BRDA:129,26,1,0
BRDA:129,27,0,0
BRDA:129,27,1,0
BRDA:129,27,2,0
BRDA:151,28,0,0
BRDA:151,28,1,0
BRDA:154,29,0,0
BRDA:154,29,1,0
BRDA:158,30,0,0
BRDA:158,30,1,0
BRDA:170,31,0,0
BRDA:170,31,1,0
BRDA:178,32,0,0
BRDA:178,32,1,0
BRDA:180,33,0,0
BRDA:180,33,1,0
BRDA:186,34,0,0
BRDA:186,34,1,0
BRDA:188,35,0,0
BRDA:188,35,1,0
BRF:78
BRH:0
end_of_record
TN:
SF:prisma\Studio\-angular-prisma-examples-typescript-sofadognewapi\src\runtime\utils\printStack.ts
FN:6,renderN
FN:33,(anonymous_390)
FN:53,(anonymous_391)
FN:110,(anonymous_392)
FN:125,(anonymous_393)
FN:132,(anonymous_394)
FN:153,getIndent
FNF:7
FNH:0
FNDA:0,renderN
FNDA:0,(anonymous_390)
FNDA:0,(anonymous_391)
FNDA:0,(anonymous_392)
FNDA:0,(anonymous_393)
FNDA:0,(anonymous_394)
FNDA:0,getIndent
DA:1,0
DA:2,0
DA:3,0
DA:4,0
DA:7,0
DA:8,0
DA:9,0
DA:10,0
DA:13,0
DA:33,0
DA:42,0
DA:43,0
DA:44,0
DA:45,0
DA:46,0
DA:47,0
DA:50,0
DA:51,0
DA:53,0
DA:54,0
DA:55,0
DA:56,0
DA:59,0
DA:66,0
DA:74,0
DA:75,0
DA:78,0
DA:83,0
DA:84,0
DA:85,0
DA:87,0
DA:88,0
DA:89,0
DA:90,0
DA:91,0
DA:92,0
DA:96,0
DA:98,0
DA:99,0
DA:100,0
DA:103,0
DA:104,0
DA:105,0
DA:106,0
DA:108,0
DA:109,0
DA:110,0
DA:117,0
DA:121,0
DA:126,0
DA:133,0
DA:138,0
DA:139,0
DA:141,0
DA:142,0
DA:154,0
DA:155,0
DA:156,0
DA:157,0
DA:159,0
DA:162,0
DA:165,0
DA:176,0
DA:179,0
LF:64
LH:0
BRDA:9,0,0,0
BRDA:9,0,1,0
BRDA:50,1,0,0
BRDA:50,1,1,0
BRDA:50,2,0,0
BRDA:50,2,1,0
BRDA:54,3,0,0
BRDA:54,3,1,0
BRDA:55,4,0,0
BRDA:55,4,1,0
BRDA:60,5,0,0
BRDA:60,5,1,0
BRDA:60,5,2,0
BRDA:60,5,3,0
BRDA:66,6,0,0
BRDA:66,6,1,0
BRDA:67,7,0,0
BRDA:67,7,1,0
BRDA:67,7,2,0
BRDA:67,7,3,0
BRDA:67,7,4,0
BRDA:67,7,5,0
BRDA:76,8,0,0
BRDA:76,8,1,0
BRDA:78,9,0,0
BRDA:78,9,1,0
BRDA:83,10,0,0
BRDA:83,10,1,0
BRDA:87,11,0,0
BRDA:87,11,1,0
BRDA:87,12,0,0
BRDA:87,12,1,0
BRDA:90,13,0,0
BRDA:90,13,1,0
BRDA:99,14,0,0
BRDA:99,14,1,0
BRDA:99,15,0,0
BRDA:99,15,1,0
BRDA:105,16,0,0
BRDA:105,16,1,0
BRDA:112,17,0,0
BRDA:112,17,1,0
BRDA:110,18,0,0
BRDA:110,18,1,0
BRDA:112,19,0,0
BRDA:112,19,1,0
BRDA:118,20,0,0
BRDA:118,20,1,0
BRDA:133,21,0,0
BRDA:133,21,1,0
BRDA:138,22,0,0
BRDA:138,22,1,0
BRDA:138,23,0,0
BRDA:138,23,1,0
BRDA:146,24,0,0
BRDA:146,24,1,0
BRDA:156,25,0,0
BRDA:156,25,1,0
BRDA:166,26,0,0
BRDA:166,26,1,0
BRF:60
BRH:0
end_of_record
TN:
SF:prisma\Studio\-angular-prisma-examples-typescript-sofadognewapi\src\runtime\utils\serializeRawParameters.ts
FN:1,serializeRawParameters
FN:9,replaceDates
FNF:2
FNH:0
FNDA:0,serializeRawParameters
FNDA:0,replaceDates
DA:1,0
DA:2,0
DA:9,0
DA:10,0
DA:12,0
DA:13,0
DA:19,0
DA:20,0
DA:21,0
DA:22,0
DA:23,0
DA:26,0
DA:29,0
DA:30,0
DA:32,0
DA:33,0
DA:35,0
DA:38,0
LF:18
LH:0
BRDA:12,0,0,0
BRDA:12,0,1,0
BRDA:19,1,0,0
BRDA:19,1,1,0
BRDA:22,2,0,0
BRDA:22,2,1,0
BRDA:29,3,0,0
BRDA:29,3,1,0
BRF:8
BRH:0
end_of_record
TN:
SF:prisma\Studio\-angular-prisma-examples-typescript-sofadognewapi\src\runtime\utils\stringifyObject.ts
FN:11,(anonymous_533)
FN:14,stringifyObject
FN:35,(anonymous_535)
FN:86,(anonymous_536)
FN:109,(anonymous_537)
FN:122,(anonymous_538)
FN:159,(anonymous_539)
FNF:7
FNH:0
FNDA:0,(anonymous_533)
FNDA:0,stringifyObject
FNDA:0,(anonymous_535)
FNDA:0,(anonymous_536)
FNDA:0,(anonymous_537)
FNDA:0,(anonymous_538)
FNDA:0,(anonymous_539)
DA:2,0
DA:3,0
DA:4,0
DA:11,0
DA:12,0
DA:14,0
DA:15,0
DA:19,0
DA:20,0
DA:27,0
DA:35,0
DA:36,0
DA:37,0
DA:40,0
DA:45,0
DA:46,0
DA:49,0
DA:55,0
DA:56,0
DA:59,0
DA:68,0
DA:71,0
DA:72,0
DA:75,0
DA:76,0
DA:77,0
DA:80,0
DA:83,0
DA:87,0
DA:89,0
DA:90,0
DA:91,0
DA:94,0
DA:100,0
DA:102,0
DA:105,0
DA:106,0
DA:108,0
DA:109,0
DA:112,0
DA:113,0
DA:116,0
DA:119,0
DA:123,0
DA:124,0
DA:125,0
DA:126,0
DA:128,0
DA:129,0
DA:130,0
DA:133,0
DA:135,0
DA:136,0
DA:148,0
DA:154,0
DA:156,0
DA:159,0
DA:161,0
DA:162,0
DA:163,0
DA:166,0
DA:167,0
DA:171,0
LF:63
LH:0
BRDA:14,0,0,0
BRDA:14,1,0,0
BRDA:14,2,0,0
BRDA:15,3,0,0
BRDA:15,3,1,0
BRDA:19,4,0,0
BRDA:19,4,1,0
BRDA:36,5,0,0
BRDA:36,5,1,0
BRDA:45,6,0,0
BRDA:45,6,1,0
BRDA:55,7,0,0
BRDA:55,7,1,0
BRDA:59,8,0,0
BRDA:59,8,1,0
BRDA:60,9,0,0
BRDA:60,9,1,0
BRDA:60,9,2,0
BRDA:60,9,3,0
BRDA:60,9,4,0
BRDA:60,9,5,0
BRDA:60,9,6,0
BRDA:71,10,0,0
BRDA:71,10,1,0
BRDA:75,11,0,0
BRDA:75,11,1,0
BRDA:76,12,0,0
BRDA:76,12,1,0
BRDA:87,13,0,0
BRDA:87,13,1,0
BRDA:90,14,0,0
BRDA:90,14,1,0
BRDA:105,15,0,0
BRDA:105,15,1,0
BRDA:108,16,0,0
BRDA:108,16,1,0
BRDA:112,17,0,0
BRDA:112,17,1,0
BRDA:123,18,0,0
BRDA:123,18,1,0
BRDA:125,19,0,0
BRDA:125,19,1,0
BRDA:126,20,0,0
BRDA:126,20,1,0
BRDA:126,21,0,0
BRDA:126,21,1,0
BRDA:129,22,0,0
BRDA:129,22,1,0
BRDA:135,23,0,0
BRDA:135,23,1,0
BRDA:159,24,0,0
BRDA:159,24,1,0
BRDA:161,25,0,0
BRDA:161,25,1,0
BRF:54
BRH:0
end_of_record
TN:
SF:prisma\Studio\debug\dist\index.js
FN:2,(anonymous_605)
FN:18,isEnabledByEnvVar
FN:34,Debug
FN:43,(anonymous_608)
FN:52,(anonymous_609)
FN:65,(anonymous_610)
FN:68,(anonymous_611)
FN:71,getLogs
FN:73,(anonymous_613)
FNF:9
FNH:0
FNDA:0,(anonymous_605)
FNDA:0,isEnabledByEnvVar
FNDA:0,Debug
FNDA:0,(anonymous_608)
FNDA:0,(anonymous_609)
FNDA:0,(anonymous_610)
FNDA:0,(anonymous_611)
FNDA:0,getLogs
FNDA:0,(anonymous_613)
DA:2,0
DA:3,0
DA:5,0
DA:6,0
DA:7,0
DA:8,0
DA:9,0
DA:10,0
DA:12,0
DA:14,0
DA:15,0
DA:16,0
DA:19,0
DA:20,0
DA:22,0
DA:23,0
DA:24,0
DA:27,0
DA:28,0
DA:29,0
DA:32,0
DA:35,0
DA:36,0
DA:37,0
DA:39,0
DA:40,0
DA:41,0
DA:43,0
DA:44,0
DA:46,0
DA:47,0
DA:48,0
DA:49,0
DA:50,0
DA:51,0
DA:52,0
DA:53,0
DA:55,0
DA:56,0
DA:58,0
DA:59,0
DA:62,0
DA:64,0
DA:65,0
DA:66,0
DA:68,0
DA:73,0
DA:74,0
DA:75,0
DA:77,0
DA:79,0
LF:51
LH:0
BRDA:2,0,0,0
BRDA:2,0,1,0
BRDA:2,0,2,0
BRDA:3,1,0,0
BRDA:3,1,1,0
BRDA:3,2,0,0
BRDA:3,2,1,0
BRDA:14,3,0,0
BRDA:14,3,1,0
BRDA:19,4,0,0
BRDA:19,4,1,0
BRDA:23,5,0,0
BRDA:23,5,1,0
BRDA:28,6,0,0
BRDA:28,6,1,0
BRDA:40,7,0,0
BRDA:40,7,1,0
BRDA:55,8,0,0
BRDA:55,8,1,0
BRDA:58,9,0,0
BRDA:58,9,1,0
BRDA:71,10,0,0
BRDA:74,11,0,0
BRDA:74,11,1,0
BRF:24
BRH:0
end_of_record
TN:
SF:prisma\Studio\engine-core\dist\Engine.js
FN:2,(anonymous_519)
FN:13,(anonymous_520)
FN:19,getMessage
FN:38,(anonymous_522)
FN:46,(anonymous_523)
FN:52,(anonymous_524)
FN:58,(anonymous_525)
FN:63,getErrorMessageWithLink
FNF:8
FNH:0
FNDA:0,(anonymous_519)
FNDA:0,(anonymous_520)
FNDA:0,getMessage
FNDA:0,(anonymous_522)
FNDA:0,(anonymous_523)
FNDA:0,(anonymous_524)
FNDA:0,(anonymous_525)
FNDA:0,getErrorMessageWithLink
DA:2,0
DA:3,0
DA:5,0
DA:6,0
DA:7,0
DA:8,0
DA:9,0
DA:10,0
DA:14,0
DA:15,0
DA:18,0
DA:20,0
DA:21,0
DA:23,0
DA:24,0
DA:26,0
DA:27,0
DA:28,0
DA:30,0
DA:33,0
DA:36,0
DA:39,0
DA:40,0
DA:41,0
DA:44,0
DA:47,0
DA:50,0
DA:53,0
DA:56,0
DA:59,0
DA:62,0
DA:64,0
DA:65,0
DA:66,0
DA:80,0
DA:81,0
DA:90,0
LF:37
LH:0
BRDA:2,0,0,0
BRDA:2,0,1,0
BRDA:2,0,2,0
BRDA:3,1,0,0
BRDA:3,1,1,0
BRDA:3,2,0,0
BRDA:3,2,1,0
BRDA:20,3,0,0
BRDA:20,3,1,0
BRDA:23,4,0,0
BRDA:23,4,1,0
BRDA:26,5,0,0
BRDA:26,5,1,0
BRDA:26,6,0,0
BRDA:26,6,1,0
BRDA:27,7,0,0
BRDA:27,7,1,0
BRDA:65,8,0,0
BRDA:65,8,1,0
BRF:19
BRH:0
end_of_record
TN:
SF:prisma\Studio\engine-core\dist\NodeEngine.js
FN:2,(anonymous_615)
FN:48,(anonymous_616)
FN:61,(anonymous_617)
FN:183,(anonymous_618)
FN:212,(anonymous_619)
FN:218,(anonymous_620)
FN:221,(anonymous_621)
FN:229,(anonymous_622)
FN:237,(anonymous_623)
FN:244,(anonymous_624)
FN:287,(anonymous_625)
FN:307,(anonymous_626)
FN:316,(anonymous_627)
FN:348,(anonymous_628)
FN:355,(anonymous_629)
FN:364,(anonymous_630)
FN:371,(anonymous_631)
FN:397,(anonymous_632)
FN:399,(anonymous_633)
FN:403,(anonymous_634)
FN:445,(anonymous_635)
FN:466,(anonymous_636)
FN:492,(anonymous_637)
FN:499,(anonymous_638)
FN:509,(anonymous_639)
FN:517,(anonymous_640)
FN:572,(anonymous_641)
FN:580,(anonymous_642)
FN:614,(anonymous_643)
FN:633,(anonymous_644)
FN:652,(anonymous_645)
FN:662,(anonymous_646)
FN:663,(anonymous_647)
FN:664,(anonymous_648)
FN:667,(anonymous_649)
FN:672,(anonymous_650)
FN:681,(anonymous_651)
FN:690,(anonymous_652)
FN:699,(anonymous_653)
FN:706,(anonymous_654)
FN:723,(anonymous_655)
FN:730,(anonymous_656)
FN:735,(anonymous_657)
FN:738,(anonymous_658)
FN:757,(anonymous_659)
FN:766,stringifyQuery
FN:769,hookProcess
FN:770,(anonymous_662)
FNF:48
FNH:0
FNDA:0,(anonymous_615)
FNDA:0,(anonymous_616)
FNDA:0,(anonymous_617)
FNDA:0,(anonymous_618)
FNDA:0,(anonymous_619)
FNDA:0,(anonymous_620)
FNDA:0,(anonymous_621)
FNDA:0,(anonymous_622)
FNDA:0,(anonymous_623)
FNDA:0,(anonymous_624)
FNDA:0,(anonymous_625)
FNDA:0,(anonymous_626)
FNDA:0,(anonymous_627)
FNDA:0,(anonymous_628)
FNDA:0,(anonymous_629)
FNDA:0,(anonymous_630)
FNDA:0,(anonymous_631)
FNDA:0,(anonymous_632)
FNDA:0,(anonymous_633)
FNDA:0,(anonymous_634)
FNDA:0,(anonymous_635)
FNDA:0,(anonymous_636)
FNDA:0,(anonymous_637)
FNDA:0,(anonymous_638)
FNDA:0,(anonymous_639)
FNDA:0,(anonymous_640)
FNDA:0,(anonymous_641)
FNDA:0,(anonymous_642)
FNDA:0,(anonymous_643)
FNDA:0,(anonymous_644)
FNDA:0,(anonymous_645)
FNDA:0,(anonymous_646)
FNDA:0,(anonymous_647)
FNDA:0,(anonymous_648)
FNDA:0,(anonymous_649)
FNDA:0,(anonymous_650)
FNDA:0,(anonymous_651)
FNDA:0,(anonymous_652)
FNDA:0,(anonymous_653)
FNDA:0,(anonymous_654)
FNDA:0,(anonymous_655)
FNDA:0,(anonymous_656)
FNDA:0,(anonymous_657)
FNDA:0,(anonymous_658)
FNDA:0,(anonymous_659)
FNDA:0,stringifyQuery
FNDA:0,hookProcess
FNDA:0,(anonymous_662)
DA:2,0
DA:3,0
DA:5,0
DA:6,0
DA:7,0
DA:8,0
DA:9,0
DA:10,0
DA:11,0
DA:12,0
DA:13,0
DA:14,0
DA:15,0
DA:16,0
DA:17,0
DA:18,0
DA:19,0
DA:20,0
DA:21,0
DA:22,0
DA:23,0
DA:24,0
DA:25,0
DA:26,0
DA:27,0
DA:31,0
DA:46,0
DA:49,0
DA:50,0
DA:51,0
DA:56,0
DA:57,0
DA:58,0
DA:59,0
DA:60,0
DA:61,0
DA:63,0
DA:65,0
DA:67,0
DA:68,0
DA:73,0
DA:76,0
DA:83,0
DA:84,0
DA:85,0
DA:90,0
DA:93,0
DA:100,0
DA:104,0
DA:105,0
DA:111,0
DA:112,0
DA:115,0
DA:116,0
DA:117,0
DA:122,0
DA:125,0
DA:132,0
DA:133,0
DA:134,0
DA:139,0
DA:142,0
DA:149,0
DA:150,0
DA:151,0
DA:159,0
DA:160,0
DA:162,0
DA:164,0
DA:165,0
DA:166,0
DA:167,0
DA:168,0
DA:169,0
DA:170,0
DA:171,0
DA:172,0
DA:173,0
DA:174,0
DA:175,0
DA:176,0
DA:177,0
DA:178,0
DA:179,0
DA:180,0
DA:181,0
DA:183,0
DA:184,0
DA:185,0
DA:187,0
DA:188,0
DA:191,0
DA:192,0
DA:193,0
DA:197,0
DA:198,0
DA:200,0
DA:205,0
DA:207,0
DA:208,0
DA:210,0
DA:213,0
DA:214,0
DA:216,0
DA:219,0
DA:223,0
DA:224,0
DA:226,0
DA:227,0
DA:230,0
DA:231,0
DA:232,0
DA:234,0
DA:238,0
DA:240,0
DA:241,0
DA:245,0
DA:246,0
DA:248,0
DA:249,0
DA:250,0
DA:252,0
DA:253,0
DA:254,0
DA:255,0
DA:258,0
DA:259,0
DA:260,0
DA:261,0
DA:263,0
DA:264,0
DA:265,0
DA:266,0
DA:268,0
DA:269,0
DA:270,0
DA:271,0
DA:273,0
DA:274,0
DA:275,0
DA:277,0
DA:278,0
DA:279,0
DA:281,0
DA:282,0
DA:283,0
DA:288,0
DA:289,0
DA:291,0
DA:292,0
DA:295,0
DA:296,0
DA:297,0
DA:298,0
DA:299,0
DA:301,0
DA:307,0
DA:309,0
DA:312,0
DA:314,0
DA:316,0
DA:326,0
DA:334,0
DA:336,0
DA:338,0
DA:339,0
DA:343,0
DA:344,0
DA:346,0
DA:349,0
DA:353,0
DA:356,0
DA:357,0
DA:359,0
DA:366,0
DA:367,0
DA:369,0
DA:372,0
DA:373,0
DA:379,0
DA:380,0
DA:381,0
DA:382,0
DA:385,0
DA:386,0
DA:388,0
DA:389,0
DA:391,0
DA:399,0
DA:401,0
DA:402,0
DA:403,0
DA:408,0
DA:410,0
DA:412,0
DA:413,0
DA:414,0
DA:415,0
DA:418,0
DA:420,0
DA:421,0
DA:422,0
DA:423,0
DA:424,0
DA:425,0
DA:426,0
DA:427,0
DA:432,0
DA:437,0
DA:438,0
DA:439,0
DA:440,0
DA:445,0
DA:446,0
DA:447,0
DA:448,0
DA:449,0
DA:450,0
DA:451,0
DA:452,0
DA:453,0
DA:454,0
DA:455,0
DA:460,0
DA:462,0
DA:466,0
DA:468,0
DA:469,0
DA:470,0
DA:471,0
DA:472,0
DA:475,0
DA:476,0
DA:477,0
DA:478,0
DA:480,0
DA:481,0
DA:482,0
DA:485,0
DA:492,0
DA:493,0
DA:495,0
DA:496,0
DA:499,0
DA:500,0
DA:501,0
DA:504,0
DA:505,0
DA:507,0
DA:508,0
DA:509,0
DA:510,0
DA:518,0
DA:521,0
DA:523,0
DA:525,0
DA:526,0
DA:528,0
DA:529,0
DA:534,0
DA:536,0
DA:538,0
DA:539,0
DA:541,0
DA:542,0
DA:544,0
DA:545,0
DA:546,0
DA:548,0
DA:549,0
DA:560,0
DA:572,0
DA:573,0
DA:578,0
DA:580,0
DA:581,0
DA:583,0
DA:584,0
DA:590,0
DA:592,0
DA:598,0
DA:604,0
DA:607,0
DA:608,0
DA:610,0
DA:611,0
DA:613,0
DA:615,0
DA:618,0
DA:620,0
DA:622,0
DA:623,0
DA:626,0
DA:634,0
DA:636,0
DA:637,0
DA:644,0
DA:645,0
DA:646,0
DA:647,0
DA:648,0
DA:654,0
DA:655,0
DA:656,0
DA:663,0
DA:664,0
DA:665,0
DA:666,0
DA:667,0
DA:668,0
DA:669,0
DA:672,0
DA:673,0
DA:674,0
DA:676,0
DA:682,0
DA:683,0
DA:684,0
DA:688,0
DA:691,0
DA:692,0
DA:697,0
DA:699,0
DA:701,0
DA:702,0
DA:704,0
DA:705,0
DA:707,0
DA:708,0
DA:709,0
DA:712,0
DA:714,0
DA:716,0
DA:717,0
DA:719,0
DA:723,0
DA:725,0
DA:726,0
DA:728,0
DA:729,0
DA:730,0
DA:733,0
DA:734,0
DA:736,0
DA:737,0
DA:738,0
DA:739,0
DA:740,0
DA:742,0
DA:749,0
DA:750,0
DA:752,0
DA:758,0
DA:759,0
DA:761,0
DA:764,0
DA:767,0
DA:770,0
DA:771,0
DA:772,0
DA:774,0
DA:775,0
DA:776,0
DA:780,0
DA:781,0
DA:782,0
DA:783,0
DA:784,0
DA:785,0
LF:369
LH:0
BRDA:2,0,0,0
BRDA:2,0,1,0
BRDA:2,0,2,0
BRDA:3,1,0,0
BRDA:3,1,1,0
BRDA:3,2,0,0
BRDA:3,2,1,0
BRDA:65,3,0,0
BRDA:65,3,1,0
BRDA:65,4,0,0
BRDA:65,4,1,0
BRDA:67,5,0,0
BRDA:67,5,1,0
BRDA:83,6,0,0
BRDA:83,6,1,0
BRDA:83,7,0,0
BRDA:83,7,1,0
BRDA:84,8,0,0
BRDA:84,8,1,0
BRDA:84,9,0,0
BRDA:84,9,1,0
BRDA:100,10,0,0
BRDA:100,10,1,0
BRDA:100,11,0,0
BRDA:100,11,1,0
BRDA:100,11,2,0
BRDA:100,11,3,0
BRDA:100,11,4,0
BRDA:104,12,0,0
BRDA:104,12,1,0
BRDA:104,13,0,0
BRDA:104,13,1,0
BRDA:111,14,0,0
BRDA:111,14,1,0
BRDA:115,15,0,0
BRDA:115,15,1,0
BRDA:116,16,0,0
BRDA:116,16,1,0
BRDA:132,17,0,0
BRDA:132,17,1,0
BRDA:133,18,0,0
BRDA:133,18,1,0
BRDA:133,19,0,0
BRDA:133,19,1,0
BRDA:149,20,0,0
BRDA:149,20,1,0
BRDA:150,21,0,0
BRDA:150,21,1,0
BRDA:159,22,0,0
BRDA:159,22,1,0
BRDA:166,23,0,0
BRDA:166,23,1,0
BRDA:168,24,0,0
BRDA:168,24,1,0
BRDA:172,25,0,0
BRDA:172,25,1,0
BRDA:174,26,0,0
BRDA:174,26,1,0
BRDA:176,27,0,0
BRDA:176,27,1,0
BRDA:177,28,0,0
BRDA:177,28,1,0
BRDA:179,29,0,0
BRDA:179,29,1,0
BRDA:184,30,0,0
BRDA:184,30,1,0
BRDA:187,31,0,0
BRDA:187,31,1,0
BRDA:192,32,0,0
BRDA:192,32,1,0
BRDA:197,33,0,0
BRDA:197,33,1,0
BRDA:198,34,0,0
BRDA:198,34,1,0
BRDA:198,35,0,0
BRDA:198,35,1,0
BRDA:207,36,0,0
BRDA:207,36,1,0
BRDA:213,37,0,0
BRDA:213,37,1,0
BRDA:213,38,0,0
BRDA:213,38,1,0
BRDA:213,38,2,0
BRDA:223,39,0,0
BRDA:223,39,1,0
BRDA:229,40,0,0
BRDA:231,41,0,0
BRDA:231,41,1,0
BRDA:239,42,0,0
BRDA:239,42,1,0
BRDA:238,43,0,0
BRDA:238,43,1,0
BRDA:240,44,0,0
BRDA:240,44,1,0
BRDA:245,45,0,0
BRDA:245,45,1,0
BRDA:249,46,0,0
BRDA:249,46,1,0
BRDA:249,47,0,0
BRDA:249,47,1,0
BRDA:252,48,0,0
BRDA:252,48,1,0
BRDA:254,49,0,0
BRDA:254,49,1,0
BRDA:260,50,0,0
BRDA:260,50,1,0
BRDA:265,51,0,0
BRDA:265,51,1,0
BRDA:270,52,0,0
BRDA:270,52,1,0
BRDA:274,53,0,0
BRDA:274,53,1,0
BRDA:278,54,0,0
BRDA:278,54,1,0
BRDA:291,55,0,0
BRDA:291,55,1,0
BRDA:292,56,0,0
BRDA:292,56,1,0
BRDA:298,57,0,0
BRDA:298,57,1,0
BRDA:309,58,0,0
BRDA:309,58,1,0
BRDA:312,59,0,0
BRDA:312,59,1,0
BRDA:312,60,0,0
BRDA:312,60,1,0
BRDA:315,61,0,0
BRDA:315,61,1,0
BRDA:338,62,0,0
BRDA:338,62,1,0
BRDA:343,63,0,0
BRDA:343,63,1,0
BRDA:356,64,0,0
BRDA:356,64,1,0
BRDA:366,65,0,0
BRDA:366,65,1,0
BRDA:379,66,0,0
BRDA:379,66,1,0
BRDA:379,67,0,0
BRDA:379,67,1,0
BRDA:381,68,0,0
BRDA:381,68,1,0
BRDA:385,69,0,0
BRDA:385,69,1,0
BRDA:388,70,0,0
BRDA:388,70,1,0
BRDA:388,71,0,0
BRDA:388,71,1,0
BRDA:401,72,0,0
BRDA:401,72,1,0
BRDA:413,73,0,0
BRDA:413,73,1,0
BRDA:413,74,0,0
BRDA:413,74,1,0
BRDA:416,75,0,0
BRDA:416,75,1,0
BRDA:415,76,0,0
BRDA:415,76,1,0
BRDA:430,77,0,0
BRDA:430,77,1,0
BRDA:427,78,0,0
BRDA:427,78,1,0
BRDA:427,78,2,0
BRDA:450,79,0,0
BRDA:450,79,1,0
BRDA:453,80,0,0
BRDA:453,80,1,0
BRDA:460,81,0,0
BRDA:460,81,1,0
BRDA:460,82,0,0
BRDA:460,82,1,0
BRDA:472,83,0,0
BRDA:472,83,1,0
BRDA:472,84,0,0
BRDA:472,84,1,0
BRDA:472,84,2,0
BRDA:472,84,3,0
BRDA:474,85,0,0
BRDA:474,85,1,0
BRDA:480,86,0,0
BRDA:480,86,1,0
BRDA:494,87,0,0
BRDA:494,87,1,0
BRDA:493,88,0,0
BRDA:493,88,1,0
BRDA:496,89,0,0
BRDA:496,89,1,0
BRDA:496,90,0,0
BRDA:496,90,1,0
BRDA:496,90,2,0
BRDA:501,91,0,0
BRDA:501,91,1,0
BRDA:523,92,0,0
BRDA:523,92,1,0
BRDA:523,93,0,0
BRDA:523,93,1,0
BRDA:525,94,0,0
BRDA:525,94,1,0
BRDA:528,95,0,0
BRDA:528,95,1,0
BRDA:538,96,0,0
BRDA:538,96,1,0
BRDA:541,97,0,0
BRDA:541,97,1,0
BRDA:544,98,0,0
BRDA:544,98,1,0
BRDA:548,99,0,0
BRDA:548,99,1,0
BRDA:565,100,0,0
BRDA:565,100,1,0
BRDA:566,101,0,0
BRDA:566,101,1,0
BRDA:582,102,0,0
BRDA:582,102,1,0
BRDA:581,103,0,0
BRDA:581,103,1,0
BRDA:583,104,0,0
BRDA:583,104,1,0
BRDA:583,105,0,0
BRDA:583,105,1,0
BRDA:583,105,2,0
BRDA:592,106,0,0
BRDA:592,106,1,0
BRDA:592,107,0,0
BRDA:592,107,1,0
BRDA:592,107,2,0
BRDA:592,107,3,0
BRDA:596,108,0,0
BRDA:596,108,1,0
BRDA:593,109,0,0
BRDA:593,109,1,0
BRDA:607,110,0,0
BRDA:607,110,1,0
BRDA:610,111,0,0
BRDA:610,111,1,0
BRDA:619,112,0,0
BRDA:619,112,1,0
BRDA:618,113,0,0
BRDA:618,113,1,0
BRDA:636,114,0,0
BRDA:636,114,1,0
BRDA:644,115,0,0
BRDA:644,115,1,0
BRDA:647,116,0,0
BRDA:647,116,1,0
BRDA:646,117,0,0
BRDA:646,117,1,0
BRDA:648,118,0,0
BRDA:648,118,1,0
BRDA:647,119,0,0
BRDA:647,119,1,0
BRDA:656,120,0,0
BRDA:656,120,1,0
BRDA:655,121,0,0
BRDA:655,121,1,0
BRDA:657,122,0,0
BRDA:657,122,1,0
BRDA:656,123,0,0
BRDA:656,123,1,0
BRDA:670,124,0,0
BRDA:670,124,1,0
BRDA:673,125,0,0
BRDA:673,125,1,0
BRDA:701,126,0,0
BRDA:701,126,1,0
BRDA:701,127,0,0
BRDA:701,127,1,0
BRDA:707,128,0,0
BRDA:707,128,1,0
BRDA:708,129,0,0
BRDA:708,129,1,0
BRDA:716,130,0,0
BRDA:716,130,1,0
BRDA:723,131,0,0
BRDA:725,132,0,0
BRDA:725,132,1,0
BRDA:725,133,0,0
BRDA:725,133,1,0
BRDA:737,134,0,0
BRDA:737,134,1,0
BRDA:739,135,0,0
BRDA:739,135,1,0
BRDA:749,136,0,0
BRDA:749,136,1,0
BRDA:749,137,0,0
BRDA:749,137,1,0
BRDA:758,138,0,0
BRDA:758,138,1,0
BRDA:769,139,0,0
BRDA:775,140,0,0
BRDA:775,140,1,0
BRF:291
BRH:0
end_of_record
TN:
SF:prisma\Studio\engine-core\dist\byline.js
FN:25,byline
FN:30,(anonymous_713)
FN:38,createLineStream
FN:54,LineStream
FN:64,(anonymous_716)
FN:74,(anonymous_717)
FN:100,(anonymous_718)
FN:109,(anonymous_719)
FN:118,(anonymous_720)
FN:122,(anonymous_721)
FNF:10
FNH:0
FNDA:0,byline
FNDA:0,(anonymous_713)
FNDA:0,createLineStream
FNDA:0,LineStream
FNDA:0,(anonymous_716)
FNDA:0,(anonymous_717)
FNDA:0,(anonymous_718)
FNDA:0,(anonymous_719)
FNDA:0,(anonymous_720)
FNDA:0,(anonymous_721)
DA:21,0
DA:22,0
DA:23,0
DA:26,0
DA:28,0
DA:30,0
DA:31,0
DA:32,0
DA:35,0
DA:39,0
DA:40,0
DA:42,0
DA:43,0
DA:45,0
DA:46,0
DA:47,0
DA:49,0
DA:53,0
DA:55,0
DA:56,0
DA:59,0
DA:60,0
DA:61,0
DA:62,0
DA:64,0
DA:65,0
DA:67,0
DA:68,0
DA:73,0
DA:74,0
DA:76,0
DA:77,0
DA:78,0
DA:79,0
DA:80,0
DA:83,0
DA:86,0
DA:87,0
DA:89,0
DA:90,0
DA:92,0
DA:93,0
DA:94,0
DA:96,0
DA:97,0
DA:98,0
DA:100,0
DA:102,0
DA:103,0
DA:105,0
DA:106,0
DA:108,0
DA:109,0
DA:110,0
DA:112,0
DA:116,0
DA:118,0
DA:119,0
DA:122,0
DA:123,0
DA:124,0
DA:126,0
DA:128,0
DA:131,0
LF:64
LH:0
BRDA:31,0,0,0
BRDA:31,0,1,0
BRDA:39,1,0,0
BRDA:39,1,1,0
BRDA:42,2,0,0
BRDA:42,2,1,0
BRDA:56,3,0,0
BRDA:56,3,1,0
BRDA:61,4,0,0
BRDA:61,4,1,0
BRDA:65,5,0,0
BRDA:65,5,1,0
BRDA:67,6,0,0
BRDA:67,6,1,0
BRDA:76,7,0,0
BRDA:76,7,1,0
BRDA:77,8,0,0
BRDA:77,8,1,0
BRDA:78,9,0,0
BRDA:78,9,1,0
BRDA:89,10,0,0
BRDA:89,10,1,0
BRDA:89,11,0,0
BRDA:89,11,1,0
BRDA:92,12,0,0
BRDA:92,12,1,0
BRDA:105,13,0,0
BRDA:105,13,1,0
BRDA:105,14,0,0
BRDA:105,14,1,0
BRDA:106,15,0,0
BRDA:106,15,1,0
BRDA:123,16,0,0
BRDA:123,16,1,0
BRDA:123,17,0,0
BRDA:123,17,1,0
BRDA:126,18,0,0
BRDA:126,18,1,0
BRF:38
BRH:0
end_of_record
TN:
SF:prisma\Studio\engine-core\dist\getInternalDatamodelJson.js
FN:2,(anonymous_123)
FN:10,getInternalDatamodelJson
FN:11,(anonymous_125)
FN:15,(anonymous_126)
FN:19,(anonymous_127)
FN:26,(anonymous_128)
FNF:6
FNH:0
FNDA:0,(anonymous_123)
FNDA:0,getInternalDatamodelJson
FNDA:0,(anonymous_125)
FNDA:0,(anonymous_126)
FNDA:0,(anonymous_127)
FNDA:0,(anonymous_128)
DA:2,0
DA:3,0
DA:5,0
DA:6,0
DA:7,0
DA:8,0
DA:9,0
DA:11,0
DA:12,0
DA:15,0
DA:16,0
DA:17,0
DA:19,0
DA:20,0
DA:21,0
DA:23,0
DA:25,0
DA:26,0
DA:27,0
DA:28,0
DA:29,0
DA:31,0
DA:32,0
DA:35,0
LF:24
LH:0
BRDA:2,0,0,0
BRDA:2,0,1,0
BRDA:2,0,2,0
BRDA:3,1,0,0
BRDA:3,1,1,0
BRDA:3,2,0,0
BRDA:3,2,1,0
BRDA:10,3,0,0
BRDA:20,4,0,0
BRDA:20,4,1,0
BRF:10
BRH:0
end_of_record
TN:
SF:prisma\Studio\engine-core\dist\index.js
FN:4,(anonymous_64)
FN:5,(anonymous_65)
FN:6,(anonymous_66)
FN:7,(anonymous_67)
FN:9,(anonymous_68)
FN:11,(anonymous_69)
FN:13,(anonymous_70)
FN:15,(anonymous_71)
FNF:8
FNH:0
FNDA:0,(anonymous_64)
FNDA:0,(anonymous_65)
FNDA:0,(anonymous_66)
FNDA:0,(anonymous_67)
FNDA:0,(anonymous_68)
FNDA:0,(anonymous_69)
FNDA:0,(anonymous_70)
FNDA:0,(anonymous_71)
DA:2,0
DA:3,0
DA:4,0
DA:5,0
DA:6,0
DA:7,0
DA:8,0
DA:9,0
DA:10,0
DA:11,0
DA:12,0
DA:13,0
DA:14,0
DA:15,0
LF:14
LH:0
BRF:0
BRH:0
end_of_record
TN:
SF:prisma\Studio\engine-core\dist\log.js
FN:4,isRustError
FN:8,convertLog
FN:20,isQueryLog
FNF:3
FNH:0
FNDA:0,isRustError
FNDA:0,convertLog
FNDA:0,isQueryLog
DA:2,0
DA:3,0
DA:5,0
DA:7,0
DA:9,0
DA:10,0
DA:13,0
DA:19,0
DA:21,0
LF:9
LH:0
BRDA:11,0,0,0
BRDA:11,0,1,0
BRF:2
BRH:0
end_of_record
TN:
SF:prisma\Studio\engine-core\dist\omit.js
FN:9,omit
FN:11,(anonymous_366)
FN:12,(anonymous_367)
FNF:3
FNH:0
FNDA:0,omit
FNDA:0,(anonymous_366)
FNDA:0,(anonymous_367)
DA:2,0
DA:3,0
DA:10,0
DA:11,0
DA:13,0
DA:14,0
DA:17,0
LF:7
LH:0
BRF:0
BRH:0
end_of_record
TN:
SF:prisma\Studio\engine-core\dist\printGeneratorConfig.js
FN:2,(anonymous_1035)
FN:8,printGeneratorConfig
FN:13,(anonymous_1037)
FN:16,(anonymous_1038)
FN:29,printDatamodelObject
FN:30,(anonymous_1040)
FN:32,(anonymous_1041)
FN:36,niceStringify
FN:37,(anonymous_1043)
FN:39,(anonymous_1044)
FNF:10
FNH:0
FNDA:0,(anonymous_1035)
FNDA:0,printGeneratorConfig
FNDA:0,(anonymous_1037)
FNDA:0,(anonymous_1038)
FNDA:0,printDatamodelObject
FNDA:0,(anonymous_1040)
FNDA:0,(anonymous_1041)
FNDA:0,niceStringify
FNDA:0,(anonymous_1043)
FNDA:0,(anonymous_1044)
DA:2,0
DA:3,0
DA:5,0
DA:6,0
DA:7,0
DA:9,0
DA:11,0
DA:14,0
DA:17,0
DA:19,0
DA:23,0
DA:28,0
DA:30,0
DA:31,0
DA:32,0
DA:35,0
DA:37,0
DA:38,0
DA:39,0
DA:41,0
LF:20
LH:0
BRDA:2,0,0,0
BRDA:2,0,1,0
BRDA:2,0,2,0
BRDA:3,1,0,0
BRDA:3,1,1,0
BRDA:3,2,0,0
BRDA:3,2,1,0
BRDA:21,3,0,0
BRDA:21,3,1,0
BRDA:38,4,0,0
BRDA:38,4,1,0
BRF:11
BRH:0
end_of_record
TN:
SF:prisma\Studio\engine-core\dist\undici.js
FN:2,(anonymous_801)
FN:10,(anonymous_802)
FN:17,(anonymous_803)
FN:18,(anonymous_804)
FN:26,(anonymous_805)
FN:38,(anonymous_806)
FN:39,(anonymous_807)
FN:43,(anonymous_808)
FN:55,(anonymous_809)
FN:57,(anonymous_810)
FNF:10
FNH:0
FNDA:0,(anonymous_801)
FNDA:0,(anonymous_802)
FNDA:0,(anonymous_803)
FNDA:0,(anonymous_804)
FNDA:0,(anonymous_805)
FNDA:0,(anonymous_806)
FNDA:0,(anonymous_807)
FNDA:0,(anonymous_808)
FNDA:0,(anonymous_809)
FNDA:0,(anonymous_810)
DA:2,0
DA:3,0
DA:5,0
DA:6,0
DA:7,0
DA:8,0
DA:11,0
DA:12,0
DA:18,0
DA:19,0
DA:27,0
DA:28,0
DA:31,0
DA:32,0
DA:33,0
DA:39,0
DA:40,0
DA:44,0
DA:45,0
DA:48,0
DA:49,0
DA:50,0
DA:56,0
DA:57,0
DA:61,0
DA:64,0
LF:26
LH:0
BRDA:2,0,0,0
BRDA:2,0,1,0
BRDA:2,0,2,0
BRDA:3,1,0,0
BRDA:3,1,1,0
BRDA:3,2,0,0
BRDA:3,2,1,0
BRDA:27,3,0,0
BRDA:27,3,1,0
BRDA:44,4,0,0
BRDA:44,4,1,0
BRDA:56,5,0,0
BRDA:56,5,1,0
BRF:13
BRH:0
end_of_record
TN:
SF:prisma\Studio\engine-core\dist\util.js
FN:2,(anonymous_559)
FN:13,plusX
FN:25,fixBinaryTargets
FN:33,link
FN:35,(anonymous_563)
FN:39,getGithubIssueUrl
FNF:6
FNH:0
FNDA:0,(anonymous_559)
FNDA:0,plusX
FNDA:0,fixBinaryTargets
FNDA:0,link
FNDA:0,(anonymous_563)
FNDA:0,getGithubIssueUrl
DA:2,0
DA:3,0
DA:5,0
DA:6,0
DA:7,0
DA:8,0
DA:9,0
DA:10,0
DA:11,0
DA:12,0
DA:14,0
DA:15,0
DA:16,0
DA:17,0
DA:18,0
DA:20,0
DA:21,0
DA:22,0
DA:24,0
DA:26,0
DA:27,0
DA:28,0
DA:30,0
DA:32,0
DA:34,0
DA:35,0
DA:38,0
DA:40,0
DA:48,0
LF:29
LH:0
BRDA:2,0,0,0
BRDA:2,0,1,0
BRDA:2,0,2,0
BRDA:3,1,0,0
BRDA:3,1,1,0
BRDA:3,2,0,0
BRDA:3,2,1,0
BRDA:16,3,0,0
BRDA:16,3,1,0
BRDA:26,4,0,0
BRDA:26,4,1,0
BRDA:27,5,0,0
BRDA:27,5,1,0
BRDA:39,6,0,0
BRF:14
BRH:0
end_of_record
TN:
SF:prisma\Studio\get-platform\dist\getPlatform.js
FN:2,(anonymous_879)
FN:13,getos
FN:27,parseDistro
FN:54,resolveDistro
FN:69,parseOpenSSLVersion
FN:78,getOpenSSLVersion
FN:101,gracefulExec
FN:102,(anonymous_886)
FN:104,(anonymous_887)
FN:114,getPlatform
FNF:10
FNH:0
FNDA:0,(anonymous_879)
FNDA:0,getos
FNDA:0,parseDistro
FNDA:0,resolveDistro
FNDA:0,parseOpenSSLVersion
FNDA:0,getOpenSSLVersion
FNDA:0,gracefulExec
FNDA:0,(anonymous_886)
FNDA:0,(anonymous_887)
FNDA:0,getPlatform
DA:2,0
DA:3,0
DA:5,0
DA:6,0
DA:7,0
DA:8,0
DA:9,0
DA:10,0
DA:11,0
DA:12,0
DA:14,0
DA:15,0
DA:16,0
DA:20,0
DA:26,0
DA:28,0
DA:29,0
DA:30,0
DA:31,0
DA:32,0
DA:33,0
DA:34,0
DA:35,0
DA:37,0
DA:38,0
DA:40,0
DA:44,0
DA:46,0
DA:49,0
DA:51,0
DA:53,0
DA:56,0
DA:57,0
DA:58,0
DA:59,0
DA:61,0
DA:62,0
DA:65,0
DA:68,0
DA:70,0
DA:71,0
DA:72,0
DA:74,0
DA:76,0
DA:79,0
DA:86,0
DA:87,0
DA:88,0
DA:89,0
DA:92,0
DA:93,0
DA:94,0
DA:95,0
DA:98,0
DA:100,0
DA:102,0
DA:103,0
DA:104,0
DA:105,0
DA:109,0
DA:110,0
DA:115,0
DA:116,0
DA:117,0
DA:119,0
DA:120,0
DA:122,0
DA:123,0
DA:125,0
DA:126,0
DA:128,0
DA:129,0
DA:131,0
DA:132,0
DA:134,0
DA:135,0
DA:138,0
DA:139,0
DA:142,0
DA:143,0
DA:146,0
DA:147,0
DA:150,0
DA:152,0
LF:84
LH:0
BRDA:2,0,0,0
BRDA:2,0,1,0
BRDA:2,0,2,0
BRDA:3,1,0,0
BRDA:3,1,1,0
BRDA:3,2,0,0
BRDA:3,2,1,0
BRDA:15,3,0,0
BRDA:15,3,1,0
BRDA:31,4,0,0
BRDA:31,4,1,0
BRDA:31,4,2,0
BRDA:31,4,3,0
BRDA:33,5,0,0
BRDA:33,5,1,0
BRDA:33,5,2,0
BRDA:33,5,3,0
BRDA:34,6,0,0
BRDA:34,6,1,0
BRDA:37,7,0,0
BRDA:37,7,1,0
BRDA:40,8,0,0
BRDA:40,8,1,0
BRDA:40,9,0,0
BRDA:40,9,1,0
BRDA:40,9,2,0
BRDA:40,9,3,0
BRDA:46,10,0,0
BRDA:46,10,1,0
BRDA:46,11,0,0
BRDA:46,11,1,0
BRDA:46,11,2,0
BRDA:58,12,0,0
BRDA:58,12,1,0
BRDA:61,13,0,0
BRDA:61,13,1,0
BRDA:71,14,0,0
BRDA:71,14,1,0
BRDA:86,15,0,0
BRDA:86,15,1,0
BRDA:88,16,0,0
BRDA:88,16,1,0
BRDA:92,17,0,0
BRDA:92,17,1,0
BRDA:94,18,0,0
BRDA:94,18,1,0
BRDA:116,19,0,0
BRDA:116,19,1,0
BRDA:119,20,0,0
BRDA:119,20,1,0
BRDA:122,21,0,0
BRDA:122,21,1,0
BRDA:125,22,0,0
BRDA:125,22,1,0
BRDA:128,23,0,0
BRDA:128,23,1,0
BRDA:131,24,0,0
BRDA:131,24,1,0
BRDA:131,25,0,0
BRDA:131,25,1,0
BRDA:134,26,0,0
BRDA:134,26,1,0
BRDA:134,27,0,0
BRDA:134,27,1,0
BRDA:138,28,0,0
BRDA:138,28,1,0
BRDA:138,29,0,0
BRDA:138,29,1,0
BRDA:138,29,2,0
BRDA:142,30,0,0
BRDA:142,30,1,0
BRDA:146,31,0,0
BRDA:146,31,1,0
BRF:73
BRH:0
end_of_record
TN:
SF:prisma\Studio\get-platform\dist\index.js
FN:4,(anonymous_360)
FN:5,(anonymous_361)
FN:7,(anonymous_362)
FN:9,(anonymous_363)
FNF:4
FNH:0
FNDA:0,(anonymous_360)
FNDA:0,(anonymous_361)
FNDA:0,(anonymous_362)
FNDA:0,(anonymous_363)
DA:2,0
DA:3,0
DA:4,0
DA:5,0
DA:6,0
DA:7,0
DA:8,0
DA:9,0
LF:8
LH:0
BRF:0
BRH:0
end_of_record
TN:
SF:prisma\Studio\get-platform\dist\platforms.js
FN:18,mayBeCompatible
FNF:1
FNH:0
FNDA:0,mayBeCompatible
DA:2,0
DA:3,0
DA:4,0
DA:19,0
DA:20,0
DA:22,0
DA:23,0
DA:25,0
DA:26,0
DA:28,0
DA:30,0
LF:11
LH:0
BRDA:19,0,0,0
BRDA:19,0,1,0
BRDA:19,1,0,0
BRDA:19,1,1,0
BRDA:22,2,0,0
BRDA:22,2,1,0
BRDA:22,3,0,0
BRDA:22,3,1,0
BRDA:25,4,0,0
BRDA:25,4,1,0
BRDA:25,5,0,0
BRDA:25,5,1,0
BRF:12
BRH:0
end_of_record
TN:
SF:prisma\Studio\sdk\dist\utils\mapExperimentalFeatures.js
FN:8,mapExperimentalFeatures
FN:10,(anonymous_906)
FN:14,(anonymous_908)
FNF:3
FNH:0
FNDA:0,mapExperimentalFeatures
FNDA:0,(anonymous_906)
FNDA:0,(anonymous_908)
DA:2,0
DA:3,0
DA:4,0
DA:9,0
DA:10,0
DA:12,0
DA:14,0
LF:7
LH:0
BRDA:9,0,0,0
BRDA:9,0,1,0
BRDA:9,1,0,0
BRDA:9,1,1,0
BRDA:10,2,0,0
BRDA:10,2,1,0
BRDA:14,3,0,0
BRDA:14,3,1,0
BRDA:14,3,2,0
BRDA:14,4,0,0
BRDA:14,4,1,0
BRF:11
BRH:0
end_of_record
TN:
SF:src\app.ts
FN:4,(anonymous_7)
FN:8,App
FN:16,(anonymous_9)
FN:20,(anonymous_10)
FN:21,(anonymous_11)
FN:26,(anonymous_12)
FN:27,(anonymous_13)
FNF:7
FNH:7
FNDA:1,(anonymous_7)
FNDA:1,App
FNDA:1,(anonymous_9)
FNDA:1,(anonymous_10)
FNDA:3,(anonymous_11)
FNDA:1,(anonymous_12)
FNDA:1,(anonymous_13)
DA:1,1
DA:2,1
DA:4,1
DA:9,1
DA:10,1
DA:12,1
DA:13,1
DA:16,1
DA:17,1
DA:20,1
DA:21,1
DA:22,3
DA:26,1
DA:27,1
DA:28,1
DA:31,1
DA:33,1
LF:17
LH:17
BRF:0
BRH:0
end_of_record
TN:
SF:src\server.ts
FNF:0
FNH:0
DA:1,1
DA:2,1
DA:3,1
DA:4,1
DA:6,1
DA:15,1
LF:6
LH:6
BRF:0
BRH:0
end_of_record
TN:
SF:src\controller\category_controller.ts
FN:6,(anonymous_14)
FN:12,CategoryController
FN:21,(anonymous_16)
FN:21,(anonymous_17)
FN:31,(anonymous_19)
FN:31,(anonymous_20)
FN:34,(anonymous_22)
FN:16,(anonymous_23)
FNF:8
FNH:6
FNDA:1,(anonymous_14)
FNDA:1,CategoryController
FNDA:0,(anonymous_16)
FNDA:0,(anonymous_17)
FNDA:3,(anonymous_19)
FNDA:3,(anonymous_20)
FNDA:24,(anonymous_22)
FNDA:1,(anonymous_23)
DA:1,1
DA:4,1
DA:6,1
DA:7,1
DA:8,1
DA:9,1
DA:10,1
DA:12,1
DA:13,1
DA:16,1
DA:17,1
DA:18,1
DA:21,1
DA:22,0
DA:23,0
DA:28,0
DA:31,3
DA:32,3
DA:33,3
DA:34,3
DA:35,24
DA:40,24
DA:42,3
DA:44,1
DA:46,1
LF:25
LH:22
BRDA:22,0,0,0
BRDA:32,1,0,3
BRF:2
BRH:1
end_of_record
TN:
SF:src\controller\event_controller.ts
FN:3,(anonymous_14)
FN:9,EventController
FN:17,(anonymous_16)
FN:17,(anonymous_17)
FN:13,(anonymous_19)
FNF:5
FNH:3
FNDA:1,(anonymous_14)
FNDA:1,EventController
FNDA:0,(anonymous_16)
FNDA:0,(anonymous_17)
FNDA:1,(anonymous_19)
DA:1,1
DA:3,1
DA:5,1
DA:6,1
DA:7,1
DA:9,1
DA:10,1
DA:13,1
DA:14,1
DA:17,1
DA:18,0
DA:20,1
DA:22,1
LF:13
LH:12
BRF:0
BRH:0
end_of_record
TN:
SF:src\controller\feed_controller.ts
FN:7,(anonymous_14)
FN:13,FeedController
FN:21,(anonymous_16)
FN:21,(anonymous_17)
FN:42,(anonymous_19)
FN:17,(anonymous_20)
FNF:6
FNH:6
FNDA:1,(anonymous_14)
FNDA:1,FeedController
FNDA:4,(anonymous_16)
FNDA:4,(anonymous_17)
FNDA:3736,(anonymous_19)
FNDA:1,(anonymous_20)
DA:1,1
DA:4,1
DA:7,1
DA:8,1
DA:9,1
DA:10,1
DA:11,1
DA:13,1
DA:14,1
DA:17,1
DA:18,1
DA:21,4
DA:23,6
DA:25,2
DA:32,2
DA:34,2
DA:39,2
DA:41,4
DA:42,4
DA:43,3736
DA:44,3736
DA:45,3598
DA:47,3736
DA:57,3736
DA:59,4
DA:61,1
DA:63,1
LF:27
LH:27
BRDA:23,0,0,2
BRDA:23,0,1,2
BRDA:44,1,0,3598
BRDA:44,1,1,138
BRF:4
BRH:4
end_of_record
TN:
SF:src\model\index.ts
FNF:0
FNH:0
LF:0
LH:0
BRF:0
BRH:0
end_of_record
TN:
SF:src\repositories\category_repository.ts
FN:5,(anonymous_15)
FN:6,(anonymous_17)
FN:15,(anonymous_20)
FNF:3
FNH:2
FNDA:3,(anonymous_15)
FNDA:0,(anonymous_17)
FNDA:6,(anonymous_20)
DA:1,1
DA:3,1
DA:5,1
DA:6,1
DA:7,0
DA:12,0
DA:15,1
DA:16,6
DA:29,6
DA:31,1
LF:10
LH:8
BRDA:7,0,0,0
BRDA:16,1,0,6
BRF:2
BRH:1
end_of_record
TN:
SF:src\repositories\feed_repository.ts
FN:6,(anonymous_13)
FN:7,(anonymous_15)
FN:34,(anonymous_18)
FN:64,(anonymous_21)
FNF:4
FNH:4
FNDA:3,(anonymous_13)
FNDA:4,(anonymous_15)
FNDA:2,(anonymous_18)
FNDA:6,(anonymous_21)
DA:1,1
DA:4,1
DA:6,1
DA:7,1
DA:8,4
DA:9,4
DA:31,4
DA:34,1
DA:35,2
DA:36,2
DA:61,2
DA:64,1
DA:65,6
DA:73,1
LF:14
LH:14
BRDA:65,0,0,6
BRF:1
BRH:1
end_of_record
TN:
SF:src\repositories\index.ts
FNF:0
FNH:0
DA:1,1
DA:2,1
LF:2
LH:2
BRF:0
BRH:0
end_of_record
TN:
SF:test\FeedController.spec.ts
FN:8,(anonymous_1)
FN:10,(anonymous_2)
FN:13,(anonymous_3)
FN:21,(anonymous_4)
FN:24,(anonymous_5)
FN:41,(anonymous_6)
FN:44,(anonymous_7)
FN:52,(anonymous_8)
FN:55,(anonymous_9)
FNF:9
FNH:9
FNDA:1,(anonymous_1)
FNDA:1,(anonymous_2)
FNDA:1,(anonymous_3)
FNDA:1,(anonymous_4)
FNDA:1,(anonymous_5)
FNDA:1,(anonymous_6)
FNDA:1,(anonymous_7)
FNDA:1,(anonymous_8)
FNDA:1,(anonymous_9)
DA:1,1
DA:2,1
DA:3,1
DA:4,1
DA:5,1
DA:6,1
DA:8,1
DA:10,1
DA:11,1
DA:14,1
DA:15,1
DA:16,1
DA:17,1
DA:21,1
DA:22,1
DA:25,1
DA:26,1
DA:27,1
DA:28,1
DA:29,1
DA:30,1
DA:31,1
DA:32,1
DA:33,1
DA:34,1
DA:35,1
DA:36,1
DA:37,1
DA:41,1
DA:42,1
DA:45,1
DA:46,1
DA:47,1
DA:48,1
DA:52,1
DA:53,1
DA:56,1
DA:57,1
DA:58,1
DA:59,1
DA:60,1
DA:61,1
DA:62,1
DA:63,1
DA:64,1
DA:65,1
DA:66,1
DA:67,1
DA:68,1
LF:49
LH:49
BRDA:14,0,0,0
BRDA:14,0,1,1
BRDA:25,1,0,0
BRDA:25,1,1,1
BRDA:45,2,0,0
BRDA:45,2,1,1
BRDA:56,3,0,0
BRDA:56,3,1,1
BRF:8
BRH:4
end_of_record
TN:
SF:test\category.spec.ts
FN:7,(anonymous_13)
FN:8,(anonymous_14)
FN:13,(anonymous_17)
FN:18,(anonymous_20)
FN:11,(anonymous_17)
FN:22,(anonymous_18)
FN:25,(anonymous_21)
FN:36,(anonymous_22)
FN:39,(anonymous_25)
FN:50,(anonymous_26)
FN:53,(anonymous_29)
FNF:11
FNH:4
FNDA:1,(anonymous_13)
FNDA:1,(anonymous_14)
FNDA:1,(anonymous_17)
FNDA:1,(anonymous_20)
FNDA:0,(anonymous_17)
FNDA:0,(anonymous_18)
FNDA:0,(anonymous_21)
FNDA:0,(anonymous_22)
FNDA:0,(anonymous_25)
FNDA:0,(anonymous_26)
FNDA:0,(anonymous_29)
DA:1,1
DA:2,1
DA:3,1
DA:6,1
DA:7,1
DA:8,1
DA:9,1
DA:10,1
DA:11,0
DA:12,0
DA:13,1
DA:14,1
DA:15,1
DA:17,0
DA:18,1
DA:19,1
DA:20,1
DA:22,0
DA:23,0
DA:24,0
DA:25,0
DA:26,0
DA:31,0
DA:33,0
DA:36,0
DA:37,0
DA:38,0
DA:39,0
DA:40,0
DA:45,0
DA:47,0
DA:50,0
DA:51,0
DA:52,0
DA:53,0
DA:54,0
DA:59,0
DA:61,0
DA:62,0
LF:39
LH:14
BRDA:9,0,0,1
BRDA:14,1,0,1
BRDA:19,2,0,1
BRDA:23,3,0,0
BRDA:37,4,0,0
BRDA:51,5,0,0
BRF:6
BRH:3
end_of_record
TN:
SF:test\categorycontroller.spec.ts
FN:8,(anonymous_1)
FN:10,(anonymous_2)
FN:13,(anonymous_3)
FN:21,(anonymous_4)
FN:24,(anonymous_5)
FN:33,(anonymous_6)
FN:36,(anonymous_7)
FN:11,(anonymous_14)
FN:12,(anonymous_15)
FN:13,(anonymous_16)
FN:13,(anonymous_17)
FNF:11
FNH:7
FNDA:1,(anonymous_1)
FNDA:1,(anonymous_2)
FNDA:1,(anonymous_3)
FNDA:1,(anonymous_4)
FNDA:1,(anonymous_5)
FNDA:1,(anonymous_6)
FNDA:1,(anonymous_7)
FNDA:0,(anonymous_14)
FNDA:0,(anonymous_15)
FNDA:0,(anonymous_16)
FNDA:0,(anonymous_17)
DA:1,1
DA:2,1
DA:3,1
DA:4,1
DA:5,1
DA:6,1
DA:7,0
DA:8,1
DA:9,0
DA:10,1
DA:11,1
DA:12,0
DA:13,0
DA:14,1
DA:15,1
DA:16,1
DA:17,1
DA:21,1
DA:22,1
DA:25,1
DA:26,1
DA:27,1
DA:28,1
DA:33,1
DA:34,1
DA:37,1
DA:38,1
DA:39,1
DA:40,1
DA:41,1
DA:42,1
DA:43,1
DA:44,1
LF:33
LH:29
BRDA:14,0,0,0
BRDA:14,0,1,1
BRDA:25,1,0,0
BRDA:25,1,1,1
BRDA:37,2,0,0
BRDA:37,2,1,1
BRDA:14,3,0,0
BRF:7
BRH:3
end_of_record
TN:
SF:test\feed.spec.ts
FN:8,(anonymous_13)
FN:10,(anonymous_14)
FN:19,(anonymous_17)
FNF:3
FNH:3
FNDA:1,(anonymous_13)
FNDA:1,(anonymous_14)
FNDA:1,(anonymous_17)
DA:1,1
DA:2,1
DA:3,1
DA:7,1
DA:8,1
DA:10,1
DA:11,1
DA:16,1
DA:17,1
DA:19,1
DA:20,1
DA:26,1
DA:27,1
LF:13
LH:13
BRF:0
BRH:0
end_of_record
